#
# A fatal error has been detected by the Java Runtime Environment:
#
#  EXCEPTION_ACCESS_VIOLATION (0xc0000005) at pc=0x00007ff89792a8c5, pid=9780, tid=11540
#
# JRE version: Java(TM) SE Runtime Environment 18.9 (11.0.7+8) (build 11.0.7+8-LTS)
# Java VM: Java HotSpot(TM) 64-Bit Server VM 18.9 (11.0.7+8-LTS, mixed mode, tiered, compressed oops, g1 gc, windows-amd64)
# Problematic frame:
# V  [jvm.dll+0x68a8c5]
#
# No core dump will be written. Minidumps are not enabled by default on client versions of Windows
#
# If you would like to submit a bug report, please visit:
#   https://bugreport.java.com/bugreport/crash.jsp
#

---------------  S U M M A R Y ------------

Command Line: -Dcom.sun.management.jmxremote -Dcom.sun.management.jmxremote.port=55917 -Dcom.sun.management.jmxremote.authenticate=false -Dcom.sun.management.jmxremote.ssl=false -Djava.rmi.server.hostname=localhost -Dspring.jmx.enabled=true -Dspring.application.admin.enabled=true -Xverify:none -XX:TieredStopAtLevel=1 -Dspring.boot.project.name=cursomc -Dfile.encoding=UTF-8 com.djaian.cursomc.CursomcApplication --spring.output.ansi.enabled=always

Host: Intel(R) Core(TM) i5-8350U CPU @ 1.70GHz, 8 cores, 7G,  Windows 10 , 64 bit Build 18362 (10.0.18362.959)
Time: Tue Sep 15 20:32:37 2020 Hora oficial do Brasil elapsed time: 0 seconds (0d 0h 0m 0s)

---------------  T H R E A D  ---------------

Current thread (0x0000029428efb000):  WatcherThread [stack: 0x000000bcc2c00000,0x000000bcc2d00000] [id=11540]

Stack: [0x000000bcc2c00000,0x000000bcc2d00000],  sp=0x000000bcc2cff6e0,  free space=1021k
Native frames: (J=compiled Java code, j=interpreted, Vv=VM code, C=native code)
V  [jvm.dll+0x68a8c5]
V  [jvm.dll+0x6f394f]
V  [jvm.dll+0x73fc7d]
V  [jvm.dll+0x765fe9]
V  [jvm.dll+0x75e875]
V  [jvm.dll+0x660b26]
C  [ucrtbase.dll+0x20e82]
C  [KERNEL32.DLL+0x17bd4]
C  [ntdll.dll+0x6ce51]


siginfo: EXCEPTION_ACCESS_VIOLATION (0xc0000005), reading address 0x0000000c0000000b


Register to memory mapping:

RIP=0x00007ff89792a8c5 jvm.dll
RAX=0x0000000c0000000b is an unknown value
RBX=0x0000029428e4dc30 points into unknown readable memory: 80 bb b9 97 f8 7f 00 00
RCX=0x0000029428e614f0 points into unknown readable memory: 0b 00 00 00 0c 00 00 00
RDX=0x0000000000000032 is an unknown value
RSP=0x000000bcc2cff6e0 points into unknown readable memory: 60 b7 27 08 94 02 00 00
RBP=0x0000000000000002 is an unknown value
RSI=0x0000029428e61440 points into unknown readable memory: b0 8a ed 28 94 02 00 00
RDI=0x0 is NULL
R8 =0x0 is NULL
R9 =0x0000029410620b80 is at begin+0 in a stub
StubRoutines::atomic_cmpxchg_long [0x0000029410620b80, 0x0000029410620b89[ (9 bytes)
R10=0x00000000546c6148 is an unknown value
R11=0x000001777fb1f679 is an unknown value
R12=0x0 is NULL
R13=0x0000029428efb000 points into unknown readable memory: 18 92 ba 97 f8 7f 00 00
R14=0x0000000000000032 is an unknown value
R15=0x000002942890d770 points into unknown readable memory: 00 00 00 00 00 00 00 00


Registers:
RAX=0x0000000c0000000b, RBX=0x0000029428e4dc30, RCX=0x0000029428e614f0, RDX=0x0000000000000032
RSP=0x000000bcc2cff6e0, RBP=0x0000000000000002, RSI=0x0000029428e61440, RDI=0x0000000000000000
R8 =0x0000000000000000, R9 =0x0000029410620b80, R10=0x00000000546c6148, R11=0x000001777fb1f679
R12=0x0000000000000000, R13=0x0000029428efb000, R14=0x0000000000000032, R15=0x000002942890d770
RIP=0x00007ff89792a8c5, EFLAGS=0x0000000000010206

Top of Stack: (sp=0x000000bcc2cff6e0)
0x000000bcc2cff6e0:   000002940827b760 0000000000000bc4
0x000000bcc2cff6f0:   0000000000000001 00007ff8978d3850
0x000000bcc2cff700:   0000000000000000 00007ff89799394f
0x000000bcc2cff710:   0000029428efb000 0000029428efb000
0x000000bcc2cff720:   0001ae226196fa68 00007ff8978d42d9
0x000000bcc2cff730:   00007ff897d4abc8 00007ff8979dfc7d
0x000000bcc2cff740:   0000000000000001 000002940827b760
0x000000bcc2cff750:   000002940827b760 431bde82d7b634db
0x000000bcc2cff760:   000002942890d770 0001ae226196fa68
0x000000bcc2cff770:   000002940827b760 00007ff897a05fe9
0x000000bcc2cff780:   0000000000000001 0000000000000032
0x000000bcc2cff790:   0000000000000032 0000000000000002
0x000000bcc2cff7a0:   000000bcc2cff840 0000000000000000
0x000000bcc2cff7b0:   00007ff914d20000 00007ff914d917d3
0x000000bcc2cff7c0:   0000000000000000 00007ff914d20000
0x000000bcc2cff7d0:   0000000000000000 000000bcc0ac1000 

Instructions: (pc=0x00007ff89792a8c5)
0x00007ff89792a8a5:   70 48 83 c4 50 5f c3 cc cc cc cc 40 53 48 83 ec
0x00007ff89792a8b5:   20 48 8b d9 48 8b 49 38 48 85 c9 74 0c 48 8b 01
0x00007ff89792a8c5:   ff 10 48 8b 4b 28 48 89 01 48 83 c4 20 5b c3 cc
0x00007ff89792a8d5:   cc cc cc cc cc cc cc cc cc cc cc 48 89 5c 24 08 


Stack slot to memory mapping:
stack at sp + 0 slots: 0x000002940827b760 points into unknown readable memory: 01 00 00 00 00 00 00 00
stack at sp + 1 slots: 0x0000000000000bc4 is an unknown value
stack at sp + 2 slots: 0x0000000000000001 is an unknown value
stack at sp + 3 slots: 0x00007ff8978d3850 jvm.dll
stack at sp + 4 slots: 0x0 is NULL
stack at sp + 5 slots: 0x00007ff89799394f jvm.dll
stack at sp + 6 slots: 0x0000029428efb000 points into unknown readable memory: 18 92 ba 97 f8 7f 00 00
stack at sp + 7 slots: 0x0000029428efb000 points into unknown readable memory: 18 92 ba 97 f8 7f 00 00


---------------  P R O C E S S  ---------------

Threads class SMR info:
_java_thread_list=0x000002942925e570, length=16, elements={
0x000002940827e800, 0x0000029427697800, 0x00000294276a2800, 0x00000294276f5800,
0x00000294276f6800, 0x00000294276f8000, 0x00000294276ff000, 0x0000029426e2f000,
0x000002942792e800, 0x0000029428e8c000, 0x0000029428e80000, 0x0000029428eed800,
0x0000029428f98800, 0x0000029429251800, 0x0000029429252800, 0x0000029429267000
}

Java Threads: ( => current thread )
  0x000002940827e800 JavaThread "main" [_thread_in_native, id=18504, stack(0x000000bcc0f00000,0x000000bcc1000000)]
  0x0000029427697800 JavaThread "Reference Handler" daemon [_thread_blocked, id=9244, stack(0x000000bcc1600000,0x000000bcc1700000)]
  0x00000294276a2800 JavaThread "Finalizer" daemon [_thread_blocked, id=14084, stack(0x000000bcc1700000,0x000000bcc1800000)]
  0x00000294276f5800 JavaThread "Signal Dispatcher" daemon [_thread_blocked, id=20304, stack(0x000000bcc1800000,0x000000bcc1900000)]
  0x00000294276f6800 JavaThread "Attach Listener" daemon [_thread_blocked, id=2668, stack(0x000000bcc1900000,0x000000bcc1a00000)]
  0x00000294276f8000 JavaThread "C1 CompilerThread0" daemon [_thread_blocked, id=16136, stack(0x000000bcc1a00000,0x000000bcc1b00000)]
  0x00000294276ff000 JavaThread "Sweeper thread" daemon [_thread_blocked, id=22036, stack(0x000000bcc1b00000,0x000000bcc1c00000)]
  0x0000029426e2f000 JavaThread "Common-Cleaner" daemon [_thread_blocked, id=11508, stack(0x000000bcc1c00000,0x000000bcc1d00000)]
  0x000002942792e800 JavaThread "Service Thread" daemon [_thread_blocked, id=12188, stack(0x000000bcc1d00000,0x000000bcc1e00000)]
  0x0000029428e8c000 JavaThread "RMI TCP Accept-0" daemon [_thread_in_native, id=12724, stack(0x000000bcc2900000,0x000000bcc2a00000)]
  0x0000029428e80000 JavaThread "RMI TCP Accept-55917" daemon [_thread_in_native, id=872, stack(0x000000bcc2a00000,0x000000bcc2b00000)]
  0x0000029428eed800 JavaThread "RMI TCP Accept-0" daemon [_thread_in_native, id=11512, stack(0x000000bcc2b00000,0x000000bcc2c00000)]
  0x0000029428f98800 JavaThread "RMI TCP Connection(1)-127.0.0.1" daemon [_thread_in_native, id=7700, stack(0x000000bcc2d00000,0x000000bcc2e00000)]
  0x0000029429251800 JavaThread "RMI Scheduler(0)" daemon [_thread_blocked, id=21120, stack(0x000000bcc2e00000,0x000000bcc2f00000)]
  0x0000029429252800 JavaThread "RMI TCP Connection(2)-127.0.0.1" daemon [_thread_in_native, id=14980, stack(0x000000bcc2f00000,0x000000bcc3000000)]
  0x0000029429267000 JavaThread "JMX server connection timeout 20" daemon [_thread_blocked, id=1388, stack(0x000000bcc3000000,0x000000bcc3100000)]

Other Threads:
  0x0000029427673000 VMThread "VM Thread" [stack: 0x000000bcc1500000,0x000000bcc1600000] [id=16472]
=>0x0000029428efb000 WatcherThread [stack: 0x000000bcc2c00000,0x000000bcc2d00000] [id=11540]
  0x0000029408296800 GCTaskThread "GC Thread#0" [stack: 0x000000bcc1000000,0x000000bcc1100000] [id=17980]
  0x0000029428e37000 GCTaskThread "GC Thread#1" [stack: 0x000000bcc2700000,0x000000bcc2800000] [id=10848]
  0x0000029428e37800 GCTaskThread "GC Thread#2" [stack: 0x000000bcc2800000,0x000000bcc2900000] [id=12812]
  0x00000294082c7000 ConcurrentGCThread "G1 Main Marker" [stack: 0x000000bcc1100000,0x000000bcc1200000] [id=20096]
  0x00000294082c9800 ConcurrentGCThread "G1 Conc#0" [stack: 0x000000bcc1200000,0x000000bcc1300000] [id=14972]
  0x0000029426cd9800 ConcurrentGCThread "G1 Refine#0" [stack: 0x000000bcc1300000,0x000000bcc1400000] [id=10936]
  0x0000029426cda800 ConcurrentGCThread "G1 Young RemSet Sampling" [stack: 0x000000bcc1400000,0x000000bcc1500000] [id=10204]

Threads with active compile tasks:

VM state:not at safepoint (normal execution)

VM Mutex/Monitor currently owned by a thread:  ([mutex/lock_event])
[0x000002940827b760] PeriodicTask_lock - owner thread: 0x0000029428efb000

Heap address: 0x0000000082800000, size: 2008 MB, Compressed Oops mode: 32-bit
Narrow klass base: 0x0000000000000000, Narrow klass shift: 3
Compressed class space size: 1073741824 Address: 0x0000000100000000

Heap:
 garbage-first heap   total 129024K, used 22968K [0x0000000082800000, 0x0000000100000000)
  region size 1024K, 5 young (5120K), 2 survivors (2048K)
 Metaspace       used 15288K, capacity 15806K, committed 16000K, reserved 1062912K
  class space    used 1654K, capacity 1862K, committed 1920K, reserved 1048576K
Heap Regions: E=young(eden), S=young(survivor), O=old, HS=humongous(starts), HC=humongous(continues), CS=collection set, F=free, A=archive, TAMS=top-at-mark-start (previous, next)
|   0|0x0000000082800000, 0x0000000082900000, 0x0000000082900000|100%|HS|  |TAMS 0x0000000082800000, 0x0000000082800000| Complete 
|   1|0x0000000082900000, 0x0000000082a00000, 0x0000000082a00000|100%| O|  |TAMS 0x0000000082900000, 0x0000000082900000| Untracked 
|   2|0x0000000082a00000, 0x0000000082b00000, 0x0000000082b00000|100%| O|  |TAMS 0x0000000082a00000, 0x0000000082a00000| Untracked 
|   3|0x0000000082b00000, 0x0000000082c00000, 0x0000000082c00000|100%| O|  |TAMS 0x0000000082b00000, 0x0000000082b00000| Untracked 
|   4|0x0000000082c00000, 0x0000000082d00000, 0x0000000082d00000|100%| O|  |TAMS 0x0000000082c00000, 0x0000000082c00000| Untracked 
|   5|0x0000000082d00000, 0x0000000082e00000, 0x0000000082e00000|100%| O|  |TAMS 0x0000000082d00000, 0x0000000082d00000| Untracked 
|   6|0x0000000082e00000, 0x0000000082f00000, 0x0000000082f00000|100%| O|  |TAMS 0x0000000082e00000, 0x0000000082e00000| Untracked 
|   7|0x0000000082f00000, 0x0000000083000000, 0x0000000083000000|100%| O|  |TAMS 0x0000000082f00000, 0x0000000082f00000| Untracked 
|   8|0x0000000083000000, 0x0000000083100000, 0x0000000083100000|100%| O|  |TAMS 0x0000000083000000, 0x0000000083000000| Untracked 
|   9|0x0000000083100000, 0x0000000083200000, 0x0000000083200000|100%| O|  |TAMS 0x0000000083100000, 0x0000000083100000| Untracked 
|  10|0x0000000083200000, 0x0000000083300000, 0x0000000083300000|100%| O|  |TAMS 0x0000000083200000, 0x0000000083200000| Untracked 
|  11|0x0000000083300000, 0x0000000083400000, 0x0000000083400000|100%| O|  |TAMS 0x0000000083300000, 0x0000000083300000| Untracked 
|  12|0x0000000083400000, 0x0000000083500000, 0x0000000083500000|100%| O|  |TAMS 0x0000000083400000, 0x0000000083400000| Untracked 
|  13|0x0000000083500000, 0x0000000083600000, 0x0000000083600000|100%| O|  |TAMS 0x0000000083500000, 0x0000000083500000| Untracked 
|  14|0x0000000083600000, 0x0000000083700000, 0x0000000083700000|100%| O|  |TAMS 0x0000000083600000, 0x0000000083600000| Untracked 
|  15|0x0000000083700000, 0x0000000083800000, 0x0000000083800000|100%| O|  |TAMS 0x0000000083700000, 0x0000000083700000| Untracked 
|  16|0x0000000083800000, 0x0000000083900000, 0x0000000083900000|100%| O|  |TAMS 0x0000000083800000, 0x0000000083800000| Untracked 
|  17|0x0000000083900000, 0x0000000083a00000, 0x0000000083a00000|100%| O|  |TAMS 0x0000000083900000, 0x0000000083900000| Untracked 
|  18|0x0000000083a00000, 0x0000000083a85c00, 0x0000000083b00000| 52%| O|  |TAMS 0x0000000083a00000, 0x0000000083a00000| Untracked 
|  19|0x0000000083b00000, 0x0000000083b00000, 0x0000000083c00000|  0%| F|  |TAMS 0x0000000083b00000, 0x0000000083b00000| Untracked 
|  20|0x0000000083c00000, 0x0000000083c00000, 0x0000000083d00000|  0%| F|  |TAMS 0x0000000083c00000, 0x0000000083c00000| Untracked 
|  21|0x0000000083d00000, 0x0000000083d00000, 0x0000000083e00000|  0%| F|  |TAMS 0x0000000083d00000, 0x0000000083d00000| Untracked 
|  22|0x0000000083e00000, 0x0000000083e00000, 0x0000000083f00000|  0%| F|  |TAMS 0x0000000083e00000, 0x0000000083e00000| Untracked 
|  23|0x0000000083f00000, 0x0000000083f00000, 0x0000000084000000|  0%| F|  |TAMS 0x0000000083f00000, 0x0000000083f00000| Untracked 
|  24|0x0000000084000000, 0x0000000084000000, 0x0000000084100000|  0%| F|  |TAMS 0x0000000084000000, 0x0000000084000000| Untracked 
|  25|0x0000000084100000, 0x0000000084100000, 0x0000000084200000|  0%| F|  |TAMS 0x0000000084100000, 0x0000000084100000| Untracked 
|  26|0x0000000084200000, 0x0000000084200000, 0x0000000084300000|  0%| F|  |TAMS 0x0000000084200000, 0x0000000084200000| Untracked 
|  27|0x0000000084300000, 0x0000000084300000, 0x0000000084400000|  0%| F|  |TAMS 0x0000000084300000, 0x0000000084300000| Untracked 
|  28|0x0000000084400000, 0x0000000084400000, 0x0000000084500000|  0%| F|  |TAMS 0x0000000084400000, 0x0000000084400000| Untracked 
|  29|0x0000000084500000, 0x0000000084500000, 0x0000000084600000|  0%| F|  |TAMS 0x0000000084500000, 0x0000000084500000| Untracked 
|  30|0x0000000084600000, 0x0000000084600000, 0x0000000084700000|  0%| F|  |TAMS 0x0000000084600000, 0x0000000084600000| Untracked 
|  31|0x0000000084700000, 0x0000000084700000, 0x0000000084800000|  0%| F|  |TAMS 0x0000000084700000, 0x0000000084700000| Untracked 
|  32|0x0000000084800000, 0x0000000084800000, 0x0000000084900000|  0%| F|  |TAMS 0x0000000084800000, 0x0000000084800000| Untracked 
|  33|0x0000000084900000, 0x0000000084900000, 0x0000000084a00000|  0%| F|  |TAMS 0x0000000084900000, 0x0000000084900000| Untracked 
|  34|0x0000000084a00000, 0x0000000084a00000, 0x0000000084b00000|  0%| F|  |TAMS 0x0000000084a00000, 0x0000000084a00000| Untracked 
|  35|0x0000000084b00000, 0x0000000084b00000, 0x0000000084c00000|  0%| F|  |TAMS 0x0000000084b00000, 0x0000000084b00000| Untracked 
|  36|0x0000000084c00000, 0x0000000084c00000, 0x0000000084d00000|  0%| F|  |TAMS 0x0000000084c00000, 0x0000000084c00000| Untracked 
|  37|0x0000000084d00000, 0x0000000084d00000, 0x0000000084e00000|  0%| F|  |TAMS 0x0000000084d00000, 0x0000000084d00000| Untracked 
|  38|0x0000000084e00000, 0x0000000084e00000, 0x0000000084f00000|  0%| F|  |TAMS 0x0000000084e00000, 0x0000000084e00000| Untracked 
|  39|0x0000000084f00000, 0x0000000084f00000, 0x0000000085000000|  0%| F|  |TAMS 0x0000000084f00000, 0x0000000084f00000| Untracked 
|  40|0x0000000085000000, 0x0000000085000000, 0x0000000085100000|  0%| F|  |TAMS 0x0000000085000000, 0x0000000085000000| Untracked 
|  41|0x0000000085100000, 0x0000000085100000, 0x0000000085200000|  0%| F|  |TAMS 0x0000000085100000, 0x0000000085100000| Untracked 
|  42|0x0000000085200000, 0x0000000085200000, 0x0000000085300000|  0%| F|  |TAMS 0x0000000085200000, 0x0000000085200000| Untracked 
|  43|0x0000000085300000, 0x0000000085300000, 0x0000000085400000|  0%| F|  |TAMS 0x0000000085300000, 0x0000000085300000| Untracked 
|  44|0x0000000085400000, 0x0000000085400000, 0x0000000085500000|  0%| F|  |TAMS 0x0000000085400000, 0x0000000085400000| Untracked 
|  45|0x0000000085500000, 0x0000000085500000, 0x0000000085600000|  0%| F|  |TAMS 0x0000000085500000, 0x0000000085500000| Untracked 
|  46|0x0000000085600000, 0x0000000085600000, 0x0000000085700000|  0%| F|  |TAMS 0x0000000085600000, 0x0000000085600000| Untracked 
|  47|0x0000000085700000, 0x0000000085700000, 0x0000000085800000|  0%| F|  |TAMS 0x0000000085700000, 0x0000000085700000| Untracked 
|  48|0x0000000085800000, 0x0000000085800000, 0x0000000085900000|  0%| F|  |TAMS 0x0000000085800000, 0x0000000085800000| Untracked 
|  49|0x0000000085900000, 0x0000000085900000, 0x0000000085a00000|  0%| F|  |TAMS 0x0000000085900000, 0x0000000085900000| Untracked 
|  50|0x0000000085a00000, 0x0000000085a00000, 0x0000000085b00000|  0%| F|  |TAMS 0x0000000085a00000, 0x0000000085a00000| Untracked 
|  51|0x0000000085b00000, 0x0000000085b00000, 0x0000000085c00000|  0%| F|  |TAMS 0x0000000085b00000, 0x0000000085b00000| Untracked 
|  52|0x0000000085c00000, 0x0000000085c00000, 0x0000000085d00000|  0%| F|  |TAMS 0x0000000085c00000, 0x0000000085c00000| Untracked 
|  53|0x0000000085d00000, 0x0000000085d00000, 0x0000000085e00000|  0%| F|  |TAMS 0x0000000085d00000, 0x0000000085d00000| Untracked 
|  54|0x0000000085e00000, 0x0000000085e00000, 0x0000000085f00000|  0%| F|  |TAMS 0x0000000085e00000, 0x0000000085e00000| Untracked 
|  55|0x0000000085f00000, 0x0000000085f00000, 0x0000000086000000|  0%| F|  |TAMS 0x0000000085f00000, 0x0000000085f00000| Untracked 
|  56|0x0000000086000000, 0x0000000086000000, 0x0000000086100000|  0%| F|  |TAMS 0x0000000086000000, 0x0000000086000000| Untracked 
|  57|0x0000000086100000, 0x0000000086100000, 0x0000000086200000|  0%| F|  |TAMS 0x0000000086100000, 0x0000000086100000| Untracked 
|  58|0x0000000086200000, 0x0000000086200000, 0x0000000086300000|  0%| F|  |TAMS 0x0000000086200000, 0x0000000086200000| Untracked 
|  59|0x0000000086300000, 0x0000000086300000, 0x0000000086400000|  0%| F|  |TAMS 0x0000000086300000, 0x0000000086300000| Untracked 
|  60|0x0000000086400000, 0x0000000086400000, 0x0000000086500000|  0%| F|  |TAMS 0x0000000086400000, 0x0000000086400000| Untracked 
|  61|0x0000000086500000, 0x0000000086500000, 0x0000000086600000|  0%| F|  |TAMS 0x0000000086500000, 0x0000000086500000| Untracked 
|  62|0x0000000086600000, 0x0000000086600000, 0x0000000086700000|  0%| F|  |TAMS 0x0000000086600000, 0x0000000086600000| Untracked 
|  63|0x0000000086700000, 0x0000000086700000, 0x0000000086800000|  0%| F|  |TAMS 0x0000000086700000, 0x0000000086700000| Untracked 
|  64|0x0000000086800000, 0x0000000086800000, 0x0000000086900000|  0%| F|  |TAMS 0x0000000086800000, 0x0000000086800000| Untracked 
|  65|0x0000000086900000, 0x0000000086900000, 0x0000000086a00000|  0%| F|  |TAMS 0x0000000086900000, 0x0000000086900000| Untracked 
|  66|0x0000000086a00000, 0x0000000086a00000, 0x0000000086b00000|  0%| F|  |TAMS 0x0000000086a00000, 0x0000000086a00000| Untracked 
|  67|0x0000000086b00000, 0x0000000086b00000, 0x0000000086c00000|  0%| F|  |TAMS 0x0000000086b00000, 0x0000000086b00000| Untracked 
|  68|0x0000000086c00000, 0x0000000086c00000, 0x0000000086d00000|  0%| F|  |TAMS 0x0000000086c00000, 0x0000000086c00000| Untracked 
|  69|0x0000000086d00000, 0x0000000086d00000, 0x0000000086e00000|  0%| F|  |TAMS 0x0000000086d00000, 0x0000000086d00000| Untracked 
|  70|0x0000000086e00000, 0x0000000086e00000, 0x0000000086f00000|  0%| F|  |TAMS 0x0000000086e00000, 0x0000000086e00000| Untracked 
|  71|0x0000000086f00000, 0x0000000086f00000, 0x0000000087000000|  0%| F|  |TAMS 0x0000000086f00000, 0x0000000086f00000| Untracked 
|  72|0x0000000087000000, 0x0000000087000000, 0x0000000087100000|  0%| F|  |TAMS 0x0000000087000000, 0x0000000087000000| Untracked 
|  73|0x0000000087100000, 0x0000000087100000, 0x0000000087200000|  0%| F|  |TAMS 0x0000000087100000, 0x0000000087100000| Untracked 
|  74|0x0000000087200000, 0x0000000087200000, 0x0000000087300000|  0%| F|  |TAMS 0x0000000087200000, 0x0000000087200000| Untracked 
|  75|0x0000000087300000, 0x0000000087300000, 0x0000000087400000|  0%| F|  |TAMS 0x0000000087300000, 0x0000000087300000| Untracked 
|  76|0x0000000087400000, 0x0000000087400000, 0x0000000087500000|  0%| F|  |TAMS 0x0000000087400000, 0x0000000087400000| Untracked 
|  77|0x0000000087500000, 0x0000000087500000, 0x0000000087600000|  0%| F|  |TAMS 0x0000000087500000, 0x0000000087500000| Untracked 
|  78|0x0000000087600000, 0x0000000087600000, 0x0000000087700000|  0%| F|  |TAMS 0x0000000087600000, 0x0000000087600000| Untracked 
|  79|0x0000000087700000, 0x0000000087700000, 0x0000000087800000|  0%| F|  |TAMS 0x0000000087700000, 0x0000000087700000| Untracked 
|  80|0x0000000087800000, 0x0000000087800000, 0x0000000087900000|  0%| F|  |TAMS 0x0000000087800000, 0x0000000087800000| Untracked 
|  81|0x0000000087900000, 0x0000000087900000, 0x0000000087a00000|  0%| F|  |TAMS 0x0000000087900000, 0x0000000087900000| Untracked 
|  82|0x0000000087a00000, 0x0000000087a00000, 0x0000000087b00000|  0%| F|  |TAMS 0x0000000087a00000, 0x0000000087a00000| Untracked 
|  83|0x0000000087b00000, 0x0000000087b00000, 0x0000000087c00000|  0%| F|  |TAMS 0x0000000087b00000, 0x0000000087b00000| Untracked 
|  84|0x0000000087c00000, 0x0000000087c00000, 0x0000000087d00000|  0%| F|  |TAMS 0x0000000087c00000, 0x0000000087c00000| Untracked 
|  85|0x0000000087d00000, 0x0000000087d00000, 0x0000000087e00000|  0%| F|  |TAMS 0x0000000087d00000, 0x0000000087d00000| Untracked 
|  86|0x0000000087e00000, 0x0000000087e00000, 0x0000000087f00000|  0%| F|  |TAMS 0x0000000087e00000, 0x0000000087e00000| Untracked 
|  87|0x0000000087f00000, 0x0000000087f00000, 0x0000000088000000|  0%| F|  |TAMS 0x0000000087f00000, 0x0000000087f00000| Untracked 
|  88|0x0000000088000000, 0x0000000088000000, 0x0000000088100000|  0%| F|  |TAMS 0x0000000088000000, 0x0000000088000000| Untracked 
|  89|0x0000000088100000, 0x0000000088100000, 0x0000000088200000|  0%| F|  |TAMS 0x0000000088100000, 0x0000000088100000| Untracked 
|  90|0x0000000088200000, 0x0000000088200000, 0x0000000088300000|  0%| F|  |TAMS 0x0000000088200000, 0x0000000088200000| Untracked 
|  91|0x0000000088300000, 0x0000000088300000, 0x0000000088400000|  0%| F|  |TAMS 0x0000000088300000, 0x0000000088300000| Untracked 
|  92|0x0000000088400000, 0x0000000088400000, 0x0000000088500000|  0%| F|  |TAMS 0x0000000088400000, 0x0000000088400000| Untracked 
|  93|0x0000000088500000, 0x0000000088500000, 0x0000000088600000|  0%| F|  |TAMS 0x0000000088500000, 0x0000000088500000| Untracked 
|  94|0x0000000088600000, 0x0000000088600000, 0x0000000088700000|  0%| F|  |TAMS 0x0000000088600000, 0x0000000088600000| Untracked 
|  95|0x0000000088700000, 0x0000000088700000, 0x0000000088800000|  0%| F|  |TAMS 0x0000000088700000, 0x0000000088700000| Untracked 
|  96|0x0000000088800000, 0x0000000088800000, 0x0000000088900000|  0%| F|  |TAMS 0x0000000088800000, 0x0000000088800000| Untracked 
|  97|0x0000000088900000, 0x0000000088900000, 0x0000000088a00000|  0%| F|  |TAMS 0x0000000088900000, 0x0000000088900000| Untracked 
|  98|0x0000000088a00000, 0x0000000088a00000, 0x0000000088b00000|  0%| F|  |TAMS 0x0000000088a00000, 0x0000000088a00000| Untracked 
|  99|0x0000000088b00000, 0x0000000088b00000, 0x0000000088c00000|  0%| F|  |TAMS 0x0000000088b00000, 0x0000000088b00000| Untracked 
| 100|0x0000000088c00000, 0x0000000088c00000, 0x0000000088d00000|  0%| F|  |TAMS 0x0000000088c00000, 0x0000000088c00000| Untracked 
| 101|0x0000000088d00000, 0x0000000088d00000, 0x0000000088e00000|  0%| F|  |TAMS 0x0000000088d00000, 0x0000000088d00000| Untracked 
| 102|0x0000000088e00000, 0x0000000088e00000, 0x0000000088f00000|  0%| F|  |TAMS 0x0000000088e00000, 0x0000000088e00000| Untracked 
| 103|0x0000000088f00000, 0x0000000088f00000, 0x0000000089000000|  0%| F|  |TAMS 0x0000000088f00000, 0x0000000088f00000| Untracked 
| 104|0x0000000089000000, 0x0000000089000000, 0x0000000089100000|  0%| F|  |TAMS 0x0000000089000000, 0x0000000089000000| Untracked 
| 105|0x0000000089100000, 0x0000000089100000, 0x0000000089200000|  0%| F|  |TAMS 0x0000000089100000, 0x0000000089100000| Untracked 
| 106|0x0000000089200000, 0x0000000089200000, 0x0000000089300000|  0%| F|  |TAMS 0x0000000089200000, 0x0000000089200000| Untracked 
| 107|0x0000000089300000, 0x0000000089300000, 0x0000000089400000|  0%| F|  |TAMS 0x0000000089300000, 0x0000000089300000| Untracked 
| 108|0x0000000089400000, 0x0000000089400000, 0x0000000089500000|  0%| F|  |TAMS 0x0000000089400000, 0x0000000089400000| Untracked 
| 109|0x0000000089500000, 0x00000000895e8670, 0x0000000089600000| 90%| S|CS|TAMS 0x0000000089500000, 0x0000000089500000| Complete 
| 110|0x0000000089600000, 0x0000000089700000, 0x0000000089700000|100%| S|CS|TAMS 0x0000000089600000, 0x0000000089600000| Complete 
| 111|0x0000000089700000, 0x0000000089700000, 0x0000000089800000|  0%| F|  |TAMS 0x0000000089700000, 0x0000000089700000| Untracked 
| 112|0x0000000089800000, 0x0000000089800000, 0x0000000089900000|  0%| F|  |TAMS 0x0000000089800000, 0x0000000089800000| Untracked 
| 113|0x0000000089900000, 0x0000000089900000, 0x0000000089a00000|  0%| F|  |TAMS 0x0000000089900000, 0x0000000089900000| Untracked 
| 114|0x0000000089a00000, 0x0000000089a00000, 0x0000000089b00000|  0%| F|  |TAMS 0x0000000089a00000, 0x0000000089a00000| Untracked 
| 115|0x0000000089b00000, 0x0000000089b00000, 0x0000000089c00000|  0%| F|  |TAMS 0x0000000089b00000, 0x0000000089b00000| Untracked 
| 116|0x0000000089c00000, 0x0000000089c00000, 0x0000000089d00000|  0%| F|  |TAMS 0x0000000089c00000, 0x0000000089c00000| Untracked 
| 117|0x0000000089d00000, 0x0000000089d00000, 0x0000000089e00000|  0%| F|  |TAMS 0x0000000089d00000, 0x0000000089d00000| Untracked 
| 118|0x0000000089e00000, 0x0000000089e00000, 0x0000000089f00000|  0%| F|  |TAMS 0x0000000089e00000, 0x0000000089e00000| Untracked 
| 119|0x0000000089f00000, 0x0000000089f00000, 0x000000008a000000|  0%| F|  |TAMS 0x0000000089f00000, 0x0000000089f00000| Untracked 
| 120|0x000000008a000000, 0x000000008a000000, 0x000000008a100000|  0%| F|  |TAMS 0x000000008a000000, 0x000000008a000000| Untracked 
| 121|0x000000008a100000, 0x000000008a100000, 0x000000008a200000|  0%| F|  |TAMS 0x000000008a100000, 0x000000008a100000| Untracked 
| 122|0x000000008a200000, 0x000000008a200000, 0x000000008a300000|  0%| F|  |TAMS 0x000000008a200000, 0x000000008a200000| Untracked 
| 123|0x000000008a300000, 0x000000008a380800, 0x000000008a400000| 50%| E|  |TAMS 0x000000008a300000, 0x000000008a300000| Complete 
| 124|0x000000008a400000, 0x000000008a500000, 0x000000008a500000|100%| E|CS|TAMS 0x000000008a400000, 0x000000008a400000| Complete 
| 125|0x000000008a500000, 0x000000008a600000, 0x000000008a600000|100%| E|CS|TAMS 0x000000008a500000, 0x000000008a500000| Complete 

Card table byte_map: [0x000002941fd40000,0x0000029420130000] _byte_map_base: 0x000002941f92c000

Marking Bits (Prev, Next): (CMBitMap*) 0x00000294082be528, (CMBitMap*) 0x00000294082be560
 Prev Bits: [0x0000029420520000, 0x0000029422480000)
 Next Bits: [0x0000029422480000, 0x00000294243e0000)

Polling page: 0x0000029406200000

Metaspace:

Usage:
  Non-class:     13.62 MB capacity,    13.31 MB ( 98%) used,   266.72 KB (  2%) free+waste,    43.69 KB ( <1%) overhead. 
      Class:      1.82 MB capacity,     1.62 MB ( 89%) used,   185.30 KB ( 10%) free+waste,    22.13 KB (  1%) overhead. 
       Both:     15.44 MB capacity,    14.93 MB ( 97%) used,   452.02 KB (  3%) free+waste,    65.81 KB ( <1%) overhead. 

Virtual space:
  Non-class space:       14.00 MB reserved,      13.75 MB ( 98%) committed 
      Class space:        1.00 GB reserved,       1.88 MB ( <1%) committed 
             Both:        1.01 GB reserved,      15.63 MB (  2%) committed 

Chunk freelists:
   Non-Class:  1.00 KB
       Class:  3.25 KB
        Both:  4.25 KB

CodeHeap 'non-profiled nmethods': size=238336Kb used=2187Kb max_used=2187Kb free=236148Kb
 bounds [0x0000029410d60000, 0x0000029410fd0000, 0x000002941f620000]
CodeHeap 'non-nmethods': size=7424Kb used=1120Kb max_used=1120Kb free=6303Kb
 bounds [0x0000029410620000, 0x0000029410890000, 0x0000029410d60000]
 total_blobs=1920 nmethods=1467 adapters=364
 compilation: enabled
              stopped_count=0, restarted_count=0
 full_count=0

Compilation events (10 events):
Event: 0.936 Thread 0x00000294276f8000 nmethod 1195 0x0000029410f01310 code [0x0000029410f01560, 0x0000029410f01ea0]
Event: 0.936 Thread 0x00000294276f8000 1198       1       sun.util.locale.StringTokenIterator::nextDelimiter (116 bytes)
Event: 0.937 Thread 0x00000294276f8000 nmethod 1198 0x0000029410f02790 code [0x0000029410f029c0, 0x0000029410f03040]
Event: 0.937 Thread 0x00000294276f8000 1197       1       sun.util.locale.LocaleUtils::isAlphaString (33 bytes)
Event: 0.937 Thread 0x00000294276f8000 nmethod 1197 0x0000029410f03690 code [0x0000029410f03860, 0x0000029410f03b60]
Event: 0.937 Thread 0x00000294276f8000 1207       1       sun.util.locale.LocaleUtils::toUpperString (95 bytes)
Event: 0.938 Thread 0x00000294276f8000 nmethod 1207 0x0000029410f03d90 code [0x0000029410f03fa0, 0x0000029410f045f0]
Event: 0.938 Thread 0x00000294276f8000 1192       1       sun.util.locale.LocaleUtils::isEmpty (19 bytes)
Event: 0.938 Thread 0x00000294276f8000 nmethod 1192 0x0000029410f04a90 code [0x0000029410f04c40, 0x0000029410f04d90]
Event: 0.938 Thread 0x00000294276f8000 1193       1       sun.util.locale.InternalLocaleBuilder::clearExtensions (50 bytes)

GC Heap History (2 events):
Event: 0.534 GC heap before
{Heap before GC invocations=0 (full 0):
 garbage-first heap   total 129024K, used 24576K [0x0000000082800000, 0x0000000100000000)
  region size 1024K, 24 young (24576K), 0 survivors (0K)
 Metaspace       used 8957K, capacity 9164K, committed 9216K, reserved 1056768K
  class space    used 909K, capacity 995K, committed 1024K, reserved 1048576K
}
Event: 0.541 GC heap after
{Heap after GC invocations=1 (full 0):
 garbage-first heap   total 129024K, used 18974K [0x0000000082800000, 0x0000000100000000)
  region size 1024K, 3 young (3072K), 3 survivors (3072K)
 Metaspace       used 8957K, capacity 9164K, committed 9216K, reserved 1056768K
  class space    used 909K, capacity 995K, committed 1024K, reserved 1048576K
}

Deoptimization events (0 events):
No events

Classes redefined (0 events):
No events

Internal exceptions (10 events):
Event: 0.581 Thread 0x000002940827e800 Exception <a 'java/lang/NoSuchMethodError'{0x000000008a401ec8}: java.lang.invoke.DirectMethodHandle$Holder.invokeStaticInit(Ljava/lang/Object;IIII)Ljava/lang/Object;> (0x000000008a401ec8) thrown at [./open/src/hotspot/share/interpreter/linkResolver.cpp, l
Event: 0.846 Thread 0x000002940827e800 Exception <a 'java/lang/NoSuchMethodError'{0x000000008a45cea8}: java.lang.invoke.DirectMethodHandle$Holder.invokeStatic(Ljava/lang/Object;Ljava/lang/Object;IIII)Ljava/lang/Object;> (0x000000008a45cea8) thrown at [./open/src/hotspot/share/interpreter/linkR
Event: 0.846 Thread 0x000002940827e800 Exception <a 'java/lang/NoSuchMethodError'{0x000000008a4601f0}: java.lang.invoke.DirectMethodHandle$Holder.invokeStaticInit(Ljava/lang/Object;Ljava/lang/Object;IIII)Ljava/lang/Object;> (0x000000008a4601f0) thrown at [./open/src/hotspot/share/interpreter/l
Event: 0.853 Thread 0x000002940827e800 Exception <a 'java/lang/ClassNotFoundException'{0x000000008a47d750}: javax/management/remote/rmi/RMIServerImpl_Skel> (0x000000008a47d750) thrown at [./open/src/hotspot/share/classfile/systemDictionary.cpp, line 228]
Event: 0.877 Thread 0x000002940827e800 Exception <a 'java/lang/ClassNotFoundException'{0x000000008a32ce88}: jdk/internal/agent/resources/spi/agentProvider> (0x000000008a32ce88) thrown at [./open/src/hotspot/share/classfile/systemDictionary.cpp, line 228]
Event: 0.882 Thread 0x000002940827e800 Exception <a 'java/lang/NoSuchMethodError'{0x000000008a382c98}: java.lang.invoke.DirectMethodHandle$Holder.invokeStatic(Ljava/lang/Object;Ljava/lang/Object;Ljava/lang/Object;Ljava/lang/Object;Ljava/lang/Object;Ljava/lang/Object;Ljava/lang/Object;Ljava/lan
Event: 0.882 Thread 0x000002940827e800 Exception <a 'java/lang/NoSuchMethodError'{0x000000008a38f658}: java.lang.invoke.DirectMethodHandle$Holder.invokeStatic(Ljava/lang/Object;Ljava/lang/Object;Ljava/lang/Object;Ljava/lang/Object;Ljava/lang/Object;Ljava/lang/Object;Ljava/lang/Object;Ljava/lan
Event: 0.883 Thread 0x000002940827e800 Exception <a 'java/lang/NoSuchMethodError'{0x000000008a3a9560}: java.lang.invoke.DelegatingMethodHandle$Holder.reinvoke_L(Ljava/lang/Object;ILjava/lang/Object;)Ljava/lang/Object;> (0x000000008a3a9560) thrown at [./open/src/hotspot/share/interpreter/linkRe
Event: 0.910 Thread 0x000002940827e800 Exception <a 'java/lang/ClassNotFoundException'{0x000000008a172db0}: javax/smartcardio/CardPermission> (0x000000008a172db0) thrown at [./open/src/hotspot/share/classfile/systemDictionary.cpp, line 228]
Event: 0.912 Thread 0x000002940827e800 Exception <a 'java/io/FileNotFoundException'{0x000000008a1811b0}> (0x000000008a1811b0) thrown at [./open/src/hotspot/share/prims/jni.cpp, line 611]

Events (10 events):
Event: 0.932 loading class java/util/spi/TimeZoneNameProvider
Event: 0.932 loading class java/util/spi/TimeZoneNameProvider done
Event: 0.932 loading class sun/util/locale/provider/CalendarDataUtility$CalendarWeekParameterGetter
Event: 0.932 loading class sun/util/locale/provider/LocaleServiceProviderPool$LocalizedObjectGetter
Event: 0.932 loading class sun/util/locale/provider/LocaleServiceProviderPool$LocalizedObjectGetter done
Event: 0.932 loading class sun/util/locale/provider/CalendarDataUtility$CalendarWeekParameterGetter done
Event: 0.932 loading class sun/util/cldr/CLDRCalendarDataProviderImpl
Event: 0.932 loading class sun/util/locale/provider/CalendarDataProviderImpl
Event: 0.932 loading class sun/util/locale/provider/CalendarDataProviderImpl done
Event: 0.932 loading class sun/util/cldr/CLDRCalendarDataProviderImpl done


Dynamic libraries:
0x00007ff6c0960000 - 0x00007ff6c09a7000 	C:\Program Files\Java\jdk-11.0.7\bin\javaw.exe
0x00007ff914d20000 - 0x00007ff914f10000 	C:\WINDOWS\SYSTEM32\ntdll.dll
0x00007ff914320000 - 0x00007ff9143d2000 	C:\WINDOWS\System32\KERNEL32.DLL
0x00007ff911e10000 - 0x00007ff9120b4000 	C:\WINDOWS\System32\KERNELBASE.dll
0x00007ff90e1c0000 - 0x00007ff90e24f000 	C:\WINDOWS\SYSTEM32\apphelp.dll
0x00007ff896e00000 - 0x00007ff897292000 	C:\WINDOWS\SYSTEM32\AcLayers.DLL
0x00007ff914c10000 - 0x00007ff914cae000 	C:\WINDOWS\System32\msvcrt.dll
0x00007ff913a20000 - 0x00007ff913bb5000 	C:\WINDOWS\System32\USER32.dll
0x00007ff9121a0000 - 0x00007ff9121c1000 	C:\WINDOWS\System32\win32u.dll
0x00007ff9139f0000 - 0x00007ff913a16000 	C:\WINDOWS\System32\GDI32.dll
0x00007ff912220000 - 0x00007ff9123b6000 	C:\WINDOWS\System32\gdi32full.dll
0x00007ff9123c0000 - 0x00007ff91245e000 	C:\WINDOWS\System32\msvcp_win.dll
0x00007ff912460000 - 0x00007ff91255a000 	C:\WINDOWS\System32\ucrtbase.dll
0x00007ff9140a0000 - 0x00007ff9140f2000 	C:\WINDOWS\System32\SHLWAPI.dll
0x00007ff913690000 - 0x00007ff9139c5000 	C:\WINDOWS\System32\combase.dll
0x00007ff913bd0000 - 0x00007ff913cf0000 	C:\WINDOWS\System32\RPCRT4.dll
0x00007ff912120000 - 0x00007ff9121a0000 	C:\WINDOWS\System32\bcryptPrimitives.dll
0x00007ff913de0000 - 0x00007ff913e83000 	C:\WINDOWS\System32\ADVAPI32.dll
0x00007ff914280000 - 0x00007ff914317000 	C:\WINDOWS\System32\sechost.dll
0x0000029405f20000 - 0x0000029405f23000 	C:\WINDOWS\SYSTEM32\sfc.dll
0x00007ff8fcf70000 - 0x00007ff8fcff9000 	C:\WINDOWS\SYSTEM32\WINSPOOL.DRV
0x00007ff911c00000 - 0x00007ff911c11000 	C:\WINDOWS\System32\kernel.appcore.dll
0x00007ff912610000 - 0x00007ff912636000 	C:\WINDOWS\System32\bcrypt.dll
0x00007ff90f650000 - 0x00007ff90f740000 	C:\WINDOWS\SYSTEM32\PROPSYS.dll
0x00007ff912e60000 - 0x00007ff912f25000 	C:\WINDOWS\System32\OLEAUT32.dll
0x00007ff9146f0000 - 0x00007ff914799000 	C:\WINDOWS\System32\shcore.dll
0x00007ff911140000 - 0x00007ff91117a000 	C:\WINDOWS\SYSTEM32\IPHLPAPI.DLL
0x00007ff8e9940000 - 0x00007ff8e9951000 	C:\WINDOWS\SYSTEM32\sfc_os.DLL
0x00007ff914cb0000 - 0x00007ff914cde000 	C:\WINDOWS\System32\IMM32.DLL
0x00007ff8f6aa0000 - 0x00007ff8f6d24000 	C:\WINDOWS\WinSxS\amd64_microsoft.windows.common-controls_6595b64144ccf1df_6.0.18362.1016_none_9e7a36bbe461dae4\COMCTL32.dll
0x00007ff909bf0000 - 0x00007ff909bfa000 	C:\WINDOWS\SYSTEM32\VERSION.dll
0x00007ff9001c0000 - 0x00007ff9001d6000 	C:\Program Files\Java\jdk-11.0.7\bin\vcruntime140.dll
0x00007ff8c8ee0000 - 0x00007ff8c8f8a000 	C:\Program Files\Java\jdk-11.0.7\bin\msvcp140.dll
0x00007ff8972a0000 - 0x00007ff897e01000 	C:\Program Files\Java\jdk-11.0.7\bin\server\jvm.dll
0x00007ff913bc0000 - 0x00007ff913bc8000 	C:\WINDOWS\System32\PSAPI.DLL
0x00007ff8f6fc0000 - 0x00007ff8f6fc9000 	C:\WINDOWS\SYSTEM32\WSOCK32.dll
0x00007ff90bfe0000 - 0x00007ff90c004000 	C:\WINDOWS\SYSTEM32\WINMM.dll
0x00007ff913cf0000 - 0x00007ff913d5f000 	C:\WINDOWS\System32\WS2_32.dll
0x00007ff90bfb0000 - 0x00007ff90bfdd000 	C:\WINDOWS\SYSTEM32\WINMMBASE.dll
0x00007ff9121d0000 - 0x00007ff91221a000 	C:\WINDOWS\System32\cfgmgr32.dll
0x00007ff8eeb30000 - 0x00007ff8eeb41000 	C:\Program Files\Java\jdk-11.0.7\bin\verify.dll
0x00007ff910280000 - 0x00007ff910474000 	C:\WINDOWS\SYSTEM32\DBGHELP.DLL
0x00007ff8f9470000 - 0x00007ff8f949a000 	C:\WINDOWS\SYSTEM32\dbgcore.DLL
0x00007ff8e52e0000 - 0x00007ff8e5309000 	C:\Program Files\Java\jdk-11.0.7\bin\java.dll
0x00007ff901ab0000 - 0x00007ff901aba000 	C:\Program Files\Java\jdk-11.0.7\bin\jimage.dll
0x00007ff8ec800000 - 0x00007ff8ec816000 	C:\Program Files\Java\jdk-11.0.7\bin\zip.dll
0x00007ff912fa0000 - 0x00007ff913687000 	C:\WINDOWS\System32\SHELL32.dll
0x00007ff912640000 - 0x00007ff912dc2000 	C:\WINDOWS\System32\windows.storage.dll
0x00007ff911c70000 - 0x00007ff911c93000 	C:\WINDOWS\System32\profapi.dll
0x00007ff911c20000 - 0x00007ff911c6a000 	C:\WINDOWS\System32\powrprof.dll
0x00007ff911bd0000 - 0x00007ff911be0000 	C:\WINDOWS\System32\UMPDC.dll
0x00007ff911df0000 - 0x00007ff911e07000 	C:\WINDOWS\System32\cryptsp.dll
0x00007ff8e8920000 - 0x00007ff8e8939000 	C:\Program Files\Java\jdk-11.0.7\bin\net.dll
0x00007ff90c720000 - 0x00007ff90c810000 	C:\WINDOWS\SYSTEM32\WINHTTP.dll
0x00007ff8fd130000 - 0x00007ff8fd236000 	C:\Program Files\Open Text\SOCKS Client\HumSOCKS.dll
0x00007ff914520000 - 0x00007ff914677000 	C:\WINDOWS\System32\ole32.dll
0x00007ff8fd020000 - 0x00007ff8fd031000 	C:\WINDOWS\SYSTEM32\credui.dll
0x00007ff8fd000000 - 0x00007ff8fd017000 	C:\WINDOWS\SYSTEM32\NETAPI32.dll
0x00007ff911260000 - 0x00007ff9112a2000 	C:\WINDOWS\SYSTEM32\LOGONCLI.DLL
0x00007ff911250000 - 0x00007ff91125c000 	C:\WINDOWS\SYSTEM32\NETUTILS.DLL
0x00007ff911430000 - 0x00007ff911497000 	C:\WINDOWS\system32\mswsock.dll
0x00007ff8e6bf0000 - 0x00007ff8e6c03000 	C:\Program Files\Java\jdk-11.0.7\bin\nio.dll
0x00007ff900590000 - 0x00007ff900599000 	C:\Program Files\Java\jdk-11.0.7\bin\management.dll
0x00007ff900190000 - 0x00007ff90019c000 	C:\Program Files\Java\jdk-11.0.7\bin\management_ext.dll
0x00007ff8fa660000 - 0x00007ff8fa676000 	C:\WINDOWS\system32\napinsp.dll
0x00007ff8fa620000 - 0x00007ff8fa63a000 	C:\WINDOWS\system32\pnrpnsp.dll
0x00007ff911180000 - 0x00007ff91124b000 	C:\WINDOWS\SYSTEM32\DNSAPI.dll
0x00007ff912dd0000 - 0x00007ff912dd8000 	C:\WINDOWS\System32\NSI.dll
0x00007ff8fa5d0000 - 0x00007ff8fa5de000 	C:\WINDOWS\System32\winrnr.dll
0x00007ff90c2a0000 - 0x00007ff90c2bc000 	C:\WINDOWS\system32\NLAapi.dll
0x00007ff8fa4b0000 - 0x00007ff8fa4c5000 	C:\WINDOWS\system32\wshbth.dll
0x00007ff911ac0000 - 0x00007ff911aef000 	C:\WINDOWS\SYSTEM32\SspiCli.dll
0x00007ff8ff500000 - 0x00007ff8ff50a000 	C:\Windows\System32\rasadhlp.dll
0x00007ff907600000 - 0x00007ff907677000 	C:\WINDOWS\System32\fwpuclnt.dll
0x00007ff910d30000 - 0x00007ff910d63000 	C:\WINDOWS\system32\rsaenh.dll
0x00007ff911af0000 - 0x00007ff911b15000 	C:\WINDOWS\SYSTEM32\USERENV.dll
0x00007ff911600000 - 0x00007ff91160c000 	C:\WINDOWS\SYSTEM32\CRYPTBASE.dll
0x00007ff907c50000 - 0x00007ff907c66000 	C:\WINDOWS\SYSTEM32\dhcpcsvc6.DLL
0x00007ff909800000 - 0x00007ff90981c000 	C:\WINDOWS\SYSTEM32\dhcpcsvc.DLL

dbghelp: loaded successfully - version: 4.0.5 - missing functions: none
symbol engine: initialized successfully - sym options: 0x614 - pdb path: .;C:\Program Files\Java\jdk-11.0.7\bin;C:\WINDOWS\SYSTEM32;C:\WINDOWS\WinSxS\amd64_microsoft.windows.common-controls_6595b64144ccf1df_6.0.18362.1016_none_9e7a36bbe461dae4;C:\Program Files\Java\jdk-11.0.7\bin\server;C:\Program Files\Open Text\SOCKS Client

VM Arguments:
jvm_args: -Dcom.sun.management.jmxremote -Dcom.sun.management.jmxremote.port=55917 -Dcom.sun.management.jmxremote.authenticate=false -Dcom.sun.management.jmxremote.ssl=false -Djava.rmi.server.hostname=localhost -Dspring.jmx.enabled=true -Dspring.application.admin.enabled=true -Xverify:none -XX:TieredStopAtLevel=1 -Dspring.boot.project.name=cursomc -Dfile.encoding=UTF-8 
java_command: com.djaian.cursomc.CursomcApplication --spring.output.ansi.enabled=always
java_class_path (initial): C:\Users\JeanCoelho\Box Sync\Particular\Curso Java\workspace\cursomc\target\classes;C:\Users\JeanCoelho\.m2\repository\org\springframework\boot\spring-boot-starter-web\2.3.1.RELEASE\spring-boot-starter-web-2.3.1.RELEASE.jar;C:\Users\JeanCoelho\.m2\repository\org\springframework\boot\spring-boot-starter\2.3.1.RELEASE\spring-boot-starter-2.3.1.RELEASE.jar;C:\Users\JeanCoelho\.m2\repository\org\springframework\boot\spring-boot-starter-logging\2.3.1.RELEASE\spring-boot-starter-logging-2.3.1.RELEASE.jar;C:\Users\JeanCoelho\.m2\repository\ch\qos\logback\logback-classic\1.2.3\logback-classic-1.2.3.jar;C:\Users\JeanCoelho\.m2\repository\ch\qos\logback\logback-core\1.2.3\logback-core-1.2.3.jar;C:\Users\JeanCoelho\.m2\repository\org\apache\logging\log4j\log4j-to-slf4j\2.13.3\log4j-to-slf4j-2.13.3.jar;C:\Users\JeanCoelho\.m2\repository\org\apache\logging\log4j\log4j-api\2.13.3\log4j-api-2.13.3.jar;C:\Users\JeanCoelho\.m2\repository\org\slf4j\jul-to-slf4j\1.7.30\jul-to-slf4j-1.7.30.jar;C:\Users\JeanCoelho\.m2\repository\jakarta\annotation\jakarta.annotation-api\1.3.5\jakarta.annotation-api-1.3.5.jar;C:\Users\JeanCoelho\.m2\repository\org\yaml\snakeyaml\1.26\snakeyaml-1.26.jar;C:\Users\JeanCoelho\.m2\repository\org\springframework\boot\spring-boot-starter-json\2.3.1.RELEASE\spring-boot-starter-json-2.3.1.RELEASE.jar;C:\Users\JeanCoelho\.m2\repository\com\fasterxml\jackson\datatype\jackson-datatype-jdk8\2.11.0\jackson-datatype-jdk8-2.11.0.jar;C:\Users\JeanCoelho\.m2\repository\com\fasterxml\jackson\datatype\jackson-datatype-jsr310\2.11.0\jackson-datatype-jsr310-2.11.0.jar;C:\Users\JeanCoelho\.m2\repository\com\fasterxml\jackson\module\jackson-module-parameter-names\2.11.0\jackson-module-parameter-names-2.11.0.jar;C:\Users\JeanCoelho\.m2\repository\org\springframework\boot\spring-boot-starter-tomcat\2.3.1.RELEASE\spring-boot-starter-tomcat-2.3.1.RELEASE.jar;C:\Users\JeanCoelho\.m2\repository\org\apache\tomcat\embed\tomcat-embed-core\9.0.36\tomcat-embed
Launcher Type: SUN_STANDARD

[Global flags]
     bool BytecodeVerificationLocal                = false                                     {product} {command line}
     bool BytecodeVerificationRemote               = false                                     {product} {command line}
     intx CICompilerCount                          = 4                                         {product} {ergonomic}
     uint ConcGCThreads                            = 2                                         {product} {ergonomic}
     uint G1ConcRefinementThreads                  = 8                                         {product} {ergonomic}
   size_t G1HeapRegionSize                         = 1048576                                   {product} {ergonomic}
    uintx GCDrainStackTargetSize                   = 64                                        {product} {ergonomic}
   size_t InitialHeapSize                          = 132120576                                 {product} {ergonomic}
     bool ManagementServer                         = true                                      {product} {command line}
   size_t MarkStackSize                            = 4194304                                   {product} {ergonomic}
   size_t MaxHeapSize                              = 2105540608                                {product} {ergonomic}
   size_t MaxNewSize                               = 1262485504                                {product} {ergonomic}
   size_t MinHeapDeltaBytes                        = 1048576                                   {product} {ergonomic}
    uintx NonNMethodCodeHeapSize                   = 7549744                                {pd product} {ergonomic}
    uintx NonProfiledCodeHeapSize                  = 244108496                              {pd product} {ergonomic}
    uintx ProfiledCodeHeapSize                     = 0                                      {pd product} {ergonomic}
    uintx ReservedCodeCacheSize                    = 251658240                              {pd product} {ergonomic}
     bool SegmentedCodeCache                       = true                                      {product} {ergonomic}
     intx TieredStopAtLevel                        = 1                                         {product} {command line}
     bool UseCompressedClassPointers               = true                                 {lp64_product} {ergonomic}
     bool UseCompressedOops                        = true                                 {lp64_product} {ergonomic}
     bool UseG1GC                                  = true                                      {product} {ergonomic}
     bool UseLargePagesIndividualAllocation        = false                                  {pd product} {ergonomic}

Logging:
Log output configuration:
 #0: stdout all=warning uptime,level,tags
 #1: stderr all=off uptime,level,tags

Environment Variables:
JAVA_HOME=C:\Program Files\Java\jdk-11.0.7
PATH=C:/Program Files/Java/jdk-11.0.7/bin/server;C:/Program Files/Java/jdk-11.0.7/bin;C:\WINDOWS\system32;C:\WINDOWS;C:\WINDOWS\System32\Wbem;C:\WINDOWS\System32\WindowsPowerShell\v1.0\;C:\WINDOWS\System32\OpenSSH\;C:\Program Files\Java\jdk-11.0.7\bin;C:\Program Files (x86)\Webex\Webex\Applications;C:\Program Files\Intel\WiFi\bin\;C:\Program Files\Common Files\Intel\WirelessCommon\;C:\Program Files (x86)\PuTTY\;C:\Program Files\Git\cmd;C:\xampp\mysql\bin;C:\Program Files\nodejs\;C:\Users\JeanCoelho\AppData\Local\Microsoft\WindowsApps;C:\Program Files\heroku\bin;C:\Users\JeanCoelho\AppData\Roaming\npm;C:\Users\JeanCoelho\AppData\Local\Programs\Microsoft VS Code\bin;C:\Users\JeanCoelho\Box Sync\Particular\curso Java\sts-4.7.0.RELEASE;
USERNAME=JeanCoelho
OS=Windows_NT
PROCESSOR_IDENTIFIER=Intel64 Family 6 Model 142 Stepping 10, GenuineIntel



---------------  S Y S T E M  ---------------

OS: Windows 10 , 64 bit Build 18362 (10.0.18362.959)

CPU:total 8 (initial active 8) (4 cores per cpu, 2 threads per core) family 6 model 142 stepping 10, cmov, cx8, fxsr, mmx, sse, sse2, sse3, ssse3, sse4.1, sse4.2, popcnt, avx, avx2, aes, clmul, erms, rtm, 3dnowpref, lzcnt, ht, tsc, tscinvbit, bmi1, bmi2, adx, fma

Memory: 4k page, system-wide physical 8030M (1410M free)
TotalPageFile size 24414M (AvailPageFile size 12017M)
current process WorkingSet (physical memory assigned to process): 103M, peak: 104M
current process commit charge ("private bytes"): 235M, peak: 235M

vm_info: Java HotSpot(TM) 64-Bit Server VM (11.0.7+8-LTS) for windows-amd64 JRE (11.0.7+8-LTS), built on Mar 12 2020 02:04:32 by "mach5one" with MS VC++ 15.5 (VS2017)

END.
