#
# A fatal error has been detected by the Java Runtime Environment:
#
#  EXCEPTION_ACCESS_VIOLATION (0xc0000005) at pc=0x00007ffbda24a8c5, pid=8340, tid=6324
#
# JRE version: Java(TM) SE Runtime Environment 18.9 (11.0.7+8) (build 11.0.7+8-LTS)
# Java VM: Java HotSpot(TM) 64-Bit Server VM 18.9 (11.0.7+8-LTS, mixed mode, tiered, compressed oops, g1 gc, windows-amd64)
# Problematic frame:
# V  [jvm.dll+0x68a8c5]
#
# No core dump will be written. Minidumps are not enabled by default on client versions of Windows
#
# If you would like to submit a bug report, please visit:
#   https://bugreport.java.com/bugreport/crash.jsp
#

---------------  S U M M A R Y ------------

Command Line: -Dcom.sun.management.jmxremote -Dcom.sun.management.jmxremote.port=59317 -Dcom.sun.management.jmxremote.authenticate=false -Dcom.sun.management.jmxremote.ssl=false -Djava.rmi.server.hostname=localhost -Dspring.jmx.enabled=true -Dspring.application.admin.enabled=true -Xverify:none -XX:TieredStopAtLevel=1 -Dspring.boot.project.name=cursomc -Dfile.encoding=UTF-8 com.djaian.cursomc.CursomcApplication --spring.output.ansi.enabled=always

Host: Intel(R) Core(TM) i5-8350U CPU @ 1.70GHz, 8 cores, 7G,  Windows 10 , 64 bit Build 18362 (10.0.18362.959)
Time: Sat Aug 22 21:47:27 2020 Hora oficial do Brasil elapsed time: 0 seconds (0d 0h 0m 0s)

---------------  T H R E A D  ---------------

Current thread (0x00000182f8fab800):  WatcherThread [stack: 0x0000008082200000,0x0000008082300000] [id=6324]

Stack: [0x0000008082200000,0x0000008082300000],  sp=0x00000080822ff370,  free space=1020k
Native frames: (J=compiled Java code, j=interpreted, Vv=VM code, C=native code)
V  [jvm.dll+0x68a8c5]
V  [jvm.dll+0x6f394f]
V  [jvm.dll+0x73fc7d]
V  [jvm.dll+0x765fe9]
V  [jvm.dll+0x75e875]
V  [jvm.dll+0x660b26]
C  [ucrtbase.dll+0x20e82]
C  [KERNEL32.DLL+0x17bd4]
C  [ntdll.dll+0x6ce51]


siginfo: EXCEPTION_ACCESS_VIOLATION (0xc0000005), reading address 0x0000000c0000000b


Register to memory mapping:

RIP=0x00007ffbda24a8c5 jvm.dll
RAX=0x0000000c0000000b is an unknown value
RBX=0x00000182f8ef9580 points into unknown readable memory: 80 bb 4b da fb 7f 00 00
RCX=0x00000182f8f0dd60 points into unknown readable memory: 0b 00 00 00 0c 00 00 00
RDX=0x0000000000000032 is an unknown value
RSP=0x00000080822ff370 points into unknown readable memory: 60 cb 29 d6 82 01 00 00
RBP=0x0000000000000002 is an unknown value
RSI=0x00000182f8f0daa0 points into unknown readable memory: d0 ae ed f8 82 01 00 00
RDI=0x0 is NULL
R8 =0x0 is NULL
R9 =0x00000182dfeb0b80 is at begin+0 in a stub
StubRoutines::atomic_cmpxchg_long [0x00000182dfeb0b80, 0x00000182dfeb0b89[ (9 bytes)
R10=0x00000000546c6148 is an unknown value
R11=0x000000948c189a51 is an unknown value
R12=0x0 is NULL
R13=0x00000182f8fab800 points into unknown readable memory: 18 92 4c da fb 7f 00 00
R14=0x0000000000000032 is an unknown value
R15=0x00000182f8faaee0 points into unknown readable memory: 00 00 00 00 00 00 00 00


Registers:
RAX=0x0000000c0000000b, RBX=0x00000182f8ef9580, RCX=0x00000182f8f0dd60, RDX=0x0000000000000032
RSP=0x00000080822ff370, RBP=0x0000000000000002, RSI=0x00000182f8f0daa0, RDI=0x0000000000000000
R8 =0x0000000000000000, R9 =0x00000182dfeb0b80, R10=0x00000000546c6148, R11=0x000000948c189a51
R12=0x0000000000000000, R13=0x00000182f8fab800, R14=0x0000000000000032, R15=0x00000182f8faaee0
RIP=0x00007ffbda24a8c5, EFLAGS=0x0000000000010206

Top of Stack: (sp=0x00000080822ff370)
0x00000080822ff370:   00000182d629cb60 0000000000000b7c
0x00000080822ff380:   0000000000000001 00007ffbda1f3850
0x00000080822ff390:   0000000000000000 00007ffbda2b394f
0x00000080822ff3a0:   00000182f8fab800 00000182f8fab800
0x00000080822ff3b0:   000076cbf1a06548 00007ffbda1f42d9
0x00000080822ff3c0:   00007ffbda66abc8 00007ffbda2ffc7d
0x00000080822ff3d0:   0000000000000001 00000182d629cb60
0x00000080822ff3e0:   00000182d629cb60 431bde82d7b634db
0x00000080822ff3f0:   00000182f8faaee0 000076cbf1a06548
0x00000080822ff400:   00000182d629cb60 00007ffbda325fe9
0x00000080822ff410:   0000000000000001 0000000000000032
0x00000080822ff420:   0000000000000032 0000000000000002
0x00000080822ff430:   00000080822ff4d0 0000000000000000
0x00000080822ff440:   00007ffc1a300000 00007ffc1a3717d3
0x00000080822ff450:   0000000000000000 00007ffc1a300000
0x00000080822ff460:   0000000000000000 00000080801b8000 

Instructions: (pc=0x00007ffbda24a8c5)
0x00007ffbda24a8a5:   70 48 83 c4 50 5f c3 cc cc cc cc 40 53 48 83 ec
0x00007ffbda24a8b5:   20 48 8b d9 48 8b 49 38 48 85 c9 74 0c 48 8b 01
0x00007ffbda24a8c5:   ff 10 48 8b 4b 28 48 89 01 48 83 c4 20 5b c3 cc
0x00007ffbda24a8d5:   cc cc cc cc cc cc cc cc cc cc cc 48 89 5c 24 08 


Stack slot to memory mapping:
stack at sp + 0 slots: 0x00000182d629cb60 points into unknown readable memory: 01 00 00 00 00 00 00 00
stack at sp + 1 slots: 0x0000000000000b7c is an unknown value
stack at sp + 2 slots: 0x0000000000000001 is an unknown value
stack at sp + 3 slots: 0x00007ffbda1f3850 jvm.dll
stack at sp + 4 slots: 0x0 is NULL
stack at sp + 5 slots: 0x00007ffbda2b394f jvm.dll
stack at sp + 6 slots: 0x00000182f8fab800 points into unknown readable memory: 18 92 4c da fb 7f 00 00
stack at sp + 7 slots: 0x00000182f8fab800 points into unknown readable memory: 18 92 4c da fb 7f 00 00


---------------  P R O C E S S  ---------------

Threads class SMR info:
_java_thread_list=0x00000182f7977d40, length=13, elements={
0x00000182d62a0800, 0x00000182f6e95000, 0x00000182f76c8800, 0x00000182f7715800,
0x00000182f7716800, 0x00000182f7717800, 0x00000182f771f000, 0x00000182f6e52000,
0x00000182f7956800, 0x00000182f8f37800, 0x00000182f8f3e800, 0x00000182f8f94800,
0x00000182f8f30800
}

Java Threads: ( => current thread )
  0x00000182d62a0800 JavaThread "main" [_thread_blocked, id=14860, stack(0x0000008080500000,0x0000008080600000)]
  0x00000182f6e95000 JavaThread "Reference Handler" daemon [_thread_blocked, id=12716, stack(0x0000008080c00000,0x0000008080d00000)]
  0x00000182f76c8800 JavaThread "Finalizer" daemon [_thread_blocked, id=11536, stack(0x0000008080d00000,0x0000008080e00000)]
  0x00000182f7715800 JavaThread "Signal Dispatcher" daemon [_thread_blocked, id=13824, stack(0x0000008080e00000,0x0000008080f00000)]
  0x00000182f7716800 JavaThread "Attach Listener" daemon [_thread_blocked, id=12172, stack(0x0000008080f00000,0x0000008081000000)]
  0x00000182f7717800 JavaThread "C1 CompilerThread0" daemon [_thread_in_vm, id=18332, stack(0x0000008081000000,0x0000008081100000)]
  0x00000182f771f000 JavaThread "Sweeper thread" daemon [_thread_blocked, id=13848, stack(0x0000008081100000,0x0000008081200000)]
  0x00000182f6e52000 JavaThread "Common-Cleaner" daemon [_thread_blocked, id=6416, stack(0x0000008081200000,0x0000008081300000)]
  0x00000182f7956800 JavaThread "Service Thread" daemon [_thread_blocked, id=16276, stack(0x0000008081300000,0x0000008081400000)]
  0x00000182f8f37800 JavaThread "RMI TCP Accept-0" daemon [_thread_in_native, id=16556, stack(0x0000008081f00000,0x0000008082000000)]
  0x00000182f8f3e800 JavaThread "RMI TCP Accept-59317" daemon [_thread_in_native, id=17148, stack(0x0000008082000000,0x0000008082100000)]
  0x00000182f8f94800 JavaThread "RMI TCP Accept-0" daemon [_thread_in_native, id=16112, stack(0x0000008082100000,0x0000008082200000)]
  0x00000182f8f30800 JavaThread "RMI TCP Connection(idle)" daemon [_thread_blocked, id=4952, stack(0x0000008082300000,0x0000008082400000)]

Other Threads:
  0x00000182f6e93000 VMThread "VM Thread" [stack: 0x0000008080b00000,0x0000008080c00000] [id=13672]
=>0x00000182f8fab800 WatcherThread [stack: 0x0000008082200000,0x0000008082300000] [id=6324]
  0x00000182d62b8800 GCTaskThread "GC Thread#0" [stack: 0x0000008080600000,0x0000008080700000] [id=11368]
  0x00000182f8ee6000 GCTaskThread "GC Thread#1" [stack: 0x0000008081d00000,0x0000008081e00000] [id=3844]
  0x00000182f8ee7000 GCTaskThread "GC Thread#2" [stack: 0x0000008081e00000,0x0000008081f00000] [id=17936]
  0x00000182d62ea800 ConcurrentGCThread "G1 Main Marker" [stack: 0x0000008080700000,0x0000008080800000] [id=10136]
  0x00000182d62ec000 ConcurrentGCThread "G1 Conc#0" [stack: 0x0000008080800000,0x0000008080900000] [id=17764]
  0x00000182d634e800 ConcurrentGCThread "G1 Refine#0" [stack: 0x0000008080900000,0x0000008080a00000] [id=8152]
  0x00000182f6cfe800 ConcurrentGCThread "G1 Young RemSet Sampling" [stack: 0x0000008080a00000,0x0000008080b00000] [id=3344]

Threads with active compile tasks:
C1 CompilerThread01064       1       java.util.WeakHashMap::put (162 bytes)

VM state:synchronizing (normal execution)

VM Mutex/Monitor currently owned by a thread:  ([mutex/lock_event])
[0x00000182d629e540] Threads_lock - owner thread: 0x00000182f6e93000
[0x00000182d629cb60] PeriodicTask_lock - owner thread: 0x00000182f8fab800

Heap address: 0x0000000082800000, size: 2008 MB, Compressed Oops mode: 32-bit
Narrow klass base: 0x0000000000000000, Narrow klass shift: 3
Compressed class space size: 1073741824 Address: 0x0000000100000000

Heap:
 garbage-first heap   total 129024K, used 25144K [0x0000000082800000, 0x0000000100000000)
  region size 1024K, 10 young (10240K), 3 survivors (3072K)
 Metaspace       used 13269K, capacity 13627K, committed 13824K, reserved 1060864K
  class space    used 1380K, capacity 1504K, committed 1536K, reserved 1048576K
Heap Regions: E=young(eden), S=young(survivor), O=old, HS=humongous(starts), HC=humongous(continues), CS=collection set, F=free, A=archive, TAMS=top-at-mark-start (previous, next)
|   0|0x0000000082800000, 0x0000000082900000, 0x0000000082900000|100%|HS|  |TAMS 0x0000000082800000, 0x0000000082800000| Complete 
|   1|0x0000000082900000, 0x0000000082a00000, 0x0000000082a00000|100%| O|  |TAMS 0x0000000082900000, 0x0000000082900000| Untracked 
|   2|0x0000000082a00000, 0x0000000082b00000, 0x0000000082b00000|100%| O|  |TAMS 0x0000000082a00000, 0x0000000082a00000| Untracked 
|   3|0x0000000082b00000, 0x0000000082c00000, 0x0000000082c00000|100%| O|  |TAMS 0x0000000082b00000, 0x0000000082b00000| Untracked 
|   4|0x0000000082c00000, 0x0000000082d00000, 0x0000000082d00000|100%| O|  |TAMS 0x0000000082c00000, 0x0000000082c00000| Untracked 
|   5|0x0000000082d00000, 0x0000000082e00000, 0x0000000082e00000|100%| O|  |TAMS 0x0000000082d00000, 0x0000000082d00000| Untracked 
|   6|0x0000000082e00000, 0x0000000082f00000, 0x0000000082f00000|100%| O|  |TAMS 0x0000000082e00000, 0x0000000082e00000| Untracked 
|   7|0x0000000082f00000, 0x0000000083000000, 0x0000000083000000|100%| O|  |TAMS 0x0000000082f00000, 0x0000000082f00000| Untracked 
|   8|0x0000000083000000, 0x0000000083100000, 0x0000000083100000|100%| O|  |TAMS 0x0000000083000000, 0x0000000083000000| Untracked 
|   9|0x0000000083100000, 0x0000000083200000, 0x0000000083200000|100%| O|  |TAMS 0x0000000083100000, 0x0000000083100000| Untracked 
|  10|0x0000000083200000, 0x0000000083300000, 0x0000000083300000|100%| O|  |TAMS 0x0000000083200000, 0x0000000083200000| Untracked 
|  11|0x0000000083300000, 0x0000000083400000, 0x0000000083400000|100%| O|  |TAMS 0x0000000083300000, 0x0000000083300000| Untracked 
|  12|0x0000000083400000, 0x0000000083500000, 0x0000000083500000|100%| O|  |TAMS 0x0000000083400000, 0x0000000083400000| Untracked 
|  13|0x0000000083500000, 0x0000000083600000, 0x0000000083600000|100%| O|  |TAMS 0x0000000083500000, 0x0000000083500000| Untracked 
|  14|0x0000000083600000, 0x0000000083700000, 0x0000000083700000|100%| O|  |TAMS 0x0000000083600000, 0x0000000083600000| Untracked 
|  15|0x0000000083700000, 0x000000008378e200, 0x0000000083800000| 55%| O|  |TAMS 0x0000000083700000, 0x0000000083700000| Untracked 
|  16|0x0000000083800000, 0x0000000083800000, 0x0000000083900000|  0%| F|  |TAMS 0x0000000083800000, 0x0000000083800000| Untracked 
|  17|0x0000000083900000, 0x0000000083900000, 0x0000000083a00000|  0%| F|  |TAMS 0x0000000083900000, 0x0000000083900000| Untracked 
|  18|0x0000000083a00000, 0x0000000083a00000, 0x0000000083b00000|  0%| F|  |TAMS 0x0000000083a00000, 0x0000000083a00000| Untracked 
|  19|0x0000000083b00000, 0x0000000083b00000, 0x0000000083c00000|  0%| F|  |TAMS 0x0000000083b00000, 0x0000000083b00000| Untracked 
|  20|0x0000000083c00000, 0x0000000083c00000, 0x0000000083d00000|  0%| F|  |TAMS 0x0000000083c00000, 0x0000000083c00000| Untracked 
|  21|0x0000000083d00000, 0x0000000083d00000, 0x0000000083e00000|  0%| F|  |TAMS 0x0000000083d00000, 0x0000000083d00000| Untracked 
|  22|0x0000000083e00000, 0x0000000083e00000, 0x0000000083f00000|  0%| F|  |TAMS 0x0000000083e00000, 0x0000000083e00000| Untracked 
|  23|0x0000000083f00000, 0x0000000083f00000, 0x0000000084000000|  0%| F|  |TAMS 0x0000000083f00000, 0x0000000083f00000| Untracked 
|  24|0x0000000084000000, 0x0000000084000000, 0x0000000084100000|  0%| F|  |TAMS 0x0000000084000000, 0x0000000084000000| Untracked 
|  25|0x0000000084100000, 0x0000000084100000, 0x0000000084200000|  0%| F|  |TAMS 0x0000000084100000, 0x0000000084100000| Untracked 
|  26|0x0000000084200000, 0x0000000084200000, 0x0000000084300000|  0%| F|  |TAMS 0x0000000084200000, 0x0000000084200000| Untracked 
|  27|0x0000000084300000, 0x0000000084300000, 0x0000000084400000|  0%| F|  |TAMS 0x0000000084300000, 0x0000000084300000| Untracked 
|  28|0x0000000084400000, 0x0000000084400000, 0x0000000084500000|  0%| F|  |TAMS 0x0000000084400000, 0x0000000084400000| Untracked 
|  29|0x0000000084500000, 0x0000000084500000, 0x0000000084600000|  0%| F|  |TAMS 0x0000000084500000, 0x0000000084500000| Untracked 
|  30|0x0000000084600000, 0x0000000084600000, 0x0000000084700000|  0%| F|  |TAMS 0x0000000084600000, 0x0000000084600000| Untracked 
|  31|0x0000000084700000, 0x0000000084700000, 0x0000000084800000|  0%| F|  |TAMS 0x0000000084700000, 0x0000000084700000| Untracked 
|  32|0x0000000084800000, 0x0000000084800000, 0x0000000084900000|  0%| F|  |TAMS 0x0000000084800000, 0x0000000084800000| Untracked 
|  33|0x0000000084900000, 0x0000000084900000, 0x0000000084a00000|  0%| F|  |TAMS 0x0000000084900000, 0x0000000084900000| Untracked 
|  34|0x0000000084a00000, 0x0000000084a00000, 0x0000000084b00000|  0%| F|  |TAMS 0x0000000084a00000, 0x0000000084a00000| Untracked 
|  35|0x0000000084b00000, 0x0000000084b00000, 0x0000000084c00000|  0%| F|  |TAMS 0x0000000084b00000, 0x0000000084b00000| Untracked 
|  36|0x0000000084c00000, 0x0000000084c00000, 0x0000000084d00000|  0%| F|  |TAMS 0x0000000084c00000, 0x0000000084c00000| Untracked 
|  37|0x0000000084d00000, 0x0000000084d00000, 0x0000000084e00000|  0%| F|  |TAMS 0x0000000084d00000, 0x0000000084d00000| Untracked 
|  38|0x0000000084e00000, 0x0000000084e00000, 0x0000000084f00000|  0%| F|  |TAMS 0x0000000084e00000, 0x0000000084e00000| Untracked 
|  39|0x0000000084f00000, 0x0000000084f00000, 0x0000000085000000|  0%| F|  |TAMS 0x0000000084f00000, 0x0000000084f00000| Untracked 
|  40|0x0000000085000000, 0x0000000085000000, 0x0000000085100000|  0%| F|  |TAMS 0x0000000085000000, 0x0000000085000000| Untracked 
|  41|0x0000000085100000, 0x0000000085100000, 0x0000000085200000|  0%| F|  |TAMS 0x0000000085100000, 0x0000000085100000| Untracked 
|  42|0x0000000085200000, 0x0000000085200000, 0x0000000085300000|  0%| F|  |TAMS 0x0000000085200000, 0x0000000085200000| Untracked 
|  43|0x0000000085300000, 0x0000000085300000, 0x0000000085400000|  0%| F|  |TAMS 0x0000000085300000, 0x0000000085300000| Untracked 
|  44|0x0000000085400000, 0x0000000085400000, 0x0000000085500000|  0%| F|  |TAMS 0x0000000085400000, 0x0000000085400000| Untracked 
|  45|0x0000000085500000, 0x0000000085500000, 0x0000000085600000|  0%| F|  |TAMS 0x0000000085500000, 0x0000000085500000| Untracked 
|  46|0x0000000085600000, 0x0000000085600000, 0x0000000085700000|  0%| F|  |TAMS 0x0000000085600000, 0x0000000085600000| Untracked 
|  47|0x0000000085700000, 0x0000000085700000, 0x0000000085800000|  0%| F|  |TAMS 0x0000000085700000, 0x0000000085700000| Untracked 
|  48|0x0000000085800000, 0x0000000085800000, 0x0000000085900000|  0%| F|  |TAMS 0x0000000085800000, 0x0000000085800000| Untracked 
|  49|0x0000000085900000, 0x0000000085900000, 0x0000000085a00000|  0%| F|  |TAMS 0x0000000085900000, 0x0000000085900000| Untracked 
|  50|0x0000000085a00000, 0x0000000085a00000, 0x0000000085b00000|  0%| F|  |TAMS 0x0000000085a00000, 0x0000000085a00000| Untracked 
|  51|0x0000000085b00000, 0x0000000085b00000, 0x0000000085c00000|  0%| F|  |TAMS 0x0000000085b00000, 0x0000000085b00000| Untracked 
|  52|0x0000000085c00000, 0x0000000085c00000, 0x0000000085d00000|  0%| F|  |TAMS 0x0000000085c00000, 0x0000000085c00000| Untracked 
|  53|0x0000000085d00000, 0x0000000085d00000, 0x0000000085e00000|  0%| F|  |TAMS 0x0000000085d00000, 0x0000000085d00000| Untracked 
|  54|0x0000000085e00000, 0x0000000085e00000, 0x0000000085f00000|  0%| F|  |TAMS 0x0000000085e00000, 0x0000000085e00000| Untracked 
|  55|0x0000000085f00000, 0x0000000085f00000, 0x0000000086000000|  0%| F|  |TAMS 0x0000000085f00000, 0x0000000085f00000| Untracked 
|  56|0x0000000086000000, 0x0000000086000000, 0x0000000086100000|  0%| F|  |TAMS 0x0000000086000000, 0x0000000086000000| Untracked 
|  57|0x0000000086100000, 0x0000000086100000, 0x0000000086200000|  0%| F|  |TAMS 0x0000000086100000, 0x0000000086100000| Untracked 
|  58|0x0000000086200000, 0x0000000086200000, 0x0000000086300000|  0%| F|  |TAMS 0x0000000086200000, 0x0000000086200000| Untracked 
|  59|0x0000000086300000, 0x0000000086300000, 0x0000000086400000|  0%| F|  |TAMS 0x0000000086300000, 0x0000000086300000| Untracked 
|  60|0x0000000086400000, 0x0000000086400000, 0x0000000086500000|  0%| F|  |TAMS 0x0000000086400000, 0x0000000086400000| Untracked 
|  61|0x0000000086500000, 0x0000000086500000, 0x0000000086600000|  0%| F|  |TAMS 0x0000000086500000, 0x0000000086500000| Untracked 
|  62|0x0000000086600000, 0x0000000086600000, 0x0000000086700000|  0%| F|  |TAMS 0x0000000086600000, 0x0000000086600000| Untracked 
|  63|0x0000000086700000, 0x0000000086700000, 0x0000000086800000|  0%| F|  |TAMS 0x0000000086700000, 0x0000000086700000| Untracked 
|  64|0x0000000086800000, 0x0000000086800000, 0x0000000086900000|  0%| F|  |TAMS 0x0000000086800000, 0x0000000086800000| Untracked 
|  65|0x0000000086900000, 0x0000000086900000, 0x0000000086a00000|  0%| F|  |TAMS 0x0000000086900000, 0x0000000086900000| Untracked 
|  66|0x0000000086a00000, 0x0000000086a00000, 0x0000000086b00000|  0%| F|  |TAMS 0x0000000086a00000, 0x0000000086a00000| Untracked 
|  67|0x0000000086b00000, 0x0000000086b00000, 0x0000000086c00000|  0%| F|  |TAMS 0x0000000086b00000, 0x0000000086b00000| Untracked 
|  68|0x0000000086c00000, 0x0000000086c00000, 0x0000000086d00000|  0%| F|  |TAMS 0x0000000086c00000, 0x0000000086c00000| Untracked 
|  69|0x0000000086d00000, 0x0000000086d00000, 0x0000000086e00000|  0%| F|  |TAMS 0x0000000086d00000, 0x0000000086d00000| Untracked 
|  70|0x0000000086e00000, 0x0000000086e00000, 0x0000000086f00000|  0%| F|  |TAMS 0x0000000086e00000, 0x0000000086e00000| Untracked 
|  71|0x0000000086f00000, 0x0000000086f00000, 0x0000000087000000|  0%| F|  |TAMS 0x0000000086f00000, 0x0000000086f00000| Untracked 
|  72|0x0000000087000000, 0x0000000087000000, 0x0000000087100000|  0%| F|  |TAMS 0x0000000087000000, 0x0000000087000000| Untracked 
|  73|0x0000000087100000, 0x0000000087100000, 0x0000000087200000|  0%| F|  |TAMS 0x0000000087100000, 0x0000000087100000| Untracked 
|  74|0x0000000087200000, 0x0000000087200000, 0x0000000087300000|  0%| F|  |TAMS 0x0000000087200000, 0x0000000087200000| Untracked 
|  75|0x0000000087300000, 0x0000000087300000, 0x0000000087400000|  0%| F|  |TAMS 0x0000000087300000, 0x0000000087300000| Untracked 
|  76|0x0000000087400000, 0x0000000087400000, 0x0000000087500000|  0%| F|  |TAMS 0x0000000087400000, 0x0000000087400000| Untracked 
|  77|0x0000000087500000, 0x0000000087500000, 0x0000000087600000|  0%| F|  |TAMS 0x0000000087500000, 0x0000000087500000| Untracked 
|  78|0x0000000087600000, 0x0000000087600000, 0x0000000087700000|  0%| F|  |TAMS 0x0000000087600000, 0x0000000087600000| Untracked 
|  79|0x0000000087700000, 0x0000000087700000, 0x0000000087800000|  0%| F|  |TAMS 0x0000000087700000, 0x0000000087700000| Untracked 
|  80|0x0000000087800000, 0x0000000087800000, 0x0000000087900000|  0%| F|  |TAMS 0x0000000087800000, 0x0000000087800000| Untracked 
|  81|0x0000000087900000, 0x0000000087900000, 0x0000000087a00000|  0%| F|  |TAMS 0x0000000087900000, 0x0000000087900000| Untracked 
|  82|0x0000000087a00000, 0x0000000087a00000, 0x0000000087b00000|  0%| F|  |TAMS 0x0000000087a00000, 0x0000000087a00000| Untracked 
|  83|0x0000000087b00000, 0x0000000087b00000, 0x0000000087c00000|  0%| F|  |TAMS 0x0000000087b00000, 0x0000000087b00000| Untracked 
|  84|0x0000000087c00000, 0x0000000087c00000, 0x0000000087d00000|  0%| F|  |TAMS 0x0000000087c00000, 0x0000000087c00000| Untracked 
|  85|0x0000000087d00000, 0x0000000087d00000, 0x0000000087e00000|  0%| F|  |TAMS 0x0000000087d00000, 0x0000000087d00000| Untracked 
|  86|0x0000000087e00000, 0x0000000087e00000, 0x0000000087f00000|  0%| F|  |TAMS 0x0000000087e00000, 0x0000000087e00000| Untracked 
|  87|0x0000000087f00000, 0x0000000087f00000, 0x0000000088000000|  0%| F|  |TAMS 0x0000000087f00000, 0x0000000087f00000| Untracked 
|  88|0x0000000088000000, 0x0000000088000000, 0x0000000088100000|  0%| F|  |TAMS 0x0000000088000000, 0x0000000088000000| Untracked 
|  89|0x0000000088100000, 0x0000000088100000, 0x0000000088200000|  0%| F|  |TAMS 0x0000000088100000, 0x0000000088100000| Untracked 
|  90|0x0000000088200000, 0x0000000088200000, 0x0000000088300000|  0%| F|  |TAMS 0x0000000088200000, 0x0000000088200000| Untracked 
|  91|0x0000000088300000, 0x0000000088300000, 0x0000000088400000|  0%| F|  |TAMS 0x0000000088300000, 0x0000000088300000| Untracked 
|  92|0x0000000088400000, 0x0000000088400000, 0x0000000088500000|  0%| F|  |TAMS 0x0000000088400000, 0x0000000088400000| Untracked 
|  93|0x0000000088500000, 0x0000000088500000, 0x0000000088600000|  0%| F|  |TAMS 0x0000000088500000, 0x0000000088500000| Untracked 
|  94|0x0000000088600000, 0x0000000088600000, 0x0000000088700000|  0%| F|  |TAMS 0x0000000088600000, 0x0000000088600000| Untracked 
|  95|0x0000000088700000, 0x0000000088700000, 0x0000000088800000|  0%| F|  |TAMS 0x0000000088700000, 0x0000000088700000| Untracked 
|  96|0x0000000088800000, 0x0000000088800000, 0x0000000088900000|  0%| F|  |TAMS 0x0000000088800000, 0x0000000088800000| Untracked 
|  97|0x0000000088900000, 0x0000000088900000, 0x0000000088a00000|  0%| F|  |TAMS 0x0000000088900000, 0x0000000088900000| Untracked 
|  98|0x0000000088a00000, 0x0000000088a00000, 0x0000000088b00000|  0%| F|  |TAMS 0x0000000088a00000, 0x0000000088a00000| Untracked 
|  99|0x0000000088b00000, 0x0000000088c00000, 0x0000000088c00000|100%| S|CS|TAMS 0x0000000088b00000, 0x0000000088b00000| Complete 
| 100|0x0000000088c00000, 0x0000000088d00000, 0x0000000088d00000|100%| S|CS|TAMS 0x0000000088c00000, 0x0000000088c00000| Complete 
| 101|0x0000000088d00000, 0x0000000088e00000, 0x0000000088e00000|100%| S|CS|TAMS 0x0000000088d00000, 0x0000000088d00000| Complete 
| 102|0x0000000088e00000, 0x0000000088e00000, 0x0000000088f00000|  0%| F|  |TAMS 0x0000000088e00000, 0x0000000088e00000| Untracked 
| 103|0x0000000088f00000, 0x0000000088f00000, 0x0000000089000000|  0%| F|  |TAMS 0x0000000088f00000, 0x0000000088f00000| Untracked 
| 104|0x0000000089000000, 0x0000000089000000, 0x0000000089100000|  0%| F|  |TAMS 0x0000000089000000, 0x0000000089000000| Untracked 
| 105|0x0000000089100000, 0x0000000089100000, 0x0000000089200000|  0%| F|  |TAMS 0x0000000089100000, 0x0000000089100000| Untracked 
| 106|0x0000000089200000, 0x0000000089200000, 0x0000000089300000|  0%| F|  |TAMS 0x0000000089200000, 0x0000000089200000| Untracked 
| 107|0x0000000089300000, 0x0000000089300000, 0x0000000089400000|  0%| F|  |TAMS 0x0000000089300000, 0x0000000089300000| Untracked 
| 108|0x0000000089400000, 0x0000000089400000, 0x0000000089500000|  0%| F|  |TAMS 0x0000000089400000, 0x0000000089400000| Untracked 
| 109|0x0000000089500000, 0x0000000089500000, 0x0000000089600000|  0%| F|  |TAMS 0x0000000089500000, 0x0000000089500000| Untracked 
| 110|0x0000000089600000, 0x0000000089600000, 0x0000000089700000|  0%| F|  |TAMS 0x0000000089600000, 0x0000000089600000| Untracked 
| 111|0x0000000089700000, 0x0000000089700000, 0x0000000089800000|  0%| F|  |TAMS 0x0000000089700000, 0x0000000089700000| Untracked 
| 112|0x0000000089800000, 0x0000000089800000, 0x0000000089900000|  0%| F|  |TAMS 0x0000000089800000, 0x0000000089800000| Untracked 
| 113|0x0000000089900000, 0x0000000089900000, 0x0000000089a00000|  0%| F|  |TAMS 0x0000000089900000, 0x0000000089900000| Untracked 
| 114|0x0000000089a00000, 0x0000000089a00000, 0x0000000089b00000|  0%| F|  |TAMS 0x0000000089a00000, 0x0000000089a00000| Untracked 
| 115|0x0000000089b00000, 0x0000000089b00000, 0x0000000089c00000|  0%| F|  |TAMS 0x0000000089b00000, 0x0000000089b00000| Untracked 
| 116|0x0000000089c00000, 0x0000000089c00000, 0x0000000089d00000|  0%| F|  |TAMS 0x0000000089c00000, 0x0000000089c00000| Untracked 
| 117|0x0000000089d00000, 0x0000000089d00000, 0x0000000089e00000|  0%| F|  |TAMS 0x0000000089d00000, 0x0000000089d00000| Untracked 
| 118|0x0000000089e00000, 0x0000000089e00000, 0x0000000089f00000|  0%| F|  |TAMS 0x0000000089e00000, 0x0000000089e00000| Untracked 
| 119|0x0000000089f00000, 0x0000000089f4d4f8, 0x000000008a000000| 30%| E|  |TAMS 0x0000000089f00000, 0x0000000089f00000| Complete 
| 120|0x000000008a000000, 0x000000008a100000, 0x000000008a100000|100%| E|CS|TAMS 0x000000008a000000, 0x000000008a000000| Complete 
| 121|0x000000008a100000, 0x000000008a200000, 0x000000008a200000|100%| E|CS|TAMS 0x000000008a100000, 0x000000008a100000| Complete 
| 122|0x000000008a200000, 0x000000008a300000, 0x000000008a300000|100%| E|CS|TAMS 0x000000008a200000, 0x000000008a200000| Complete 
| 123|0x000000008a300000, 0x000000008a400000, 0x000000008a400000|100%| E|CS|TAMS 0x000000008a300000, 0x000000008a300000| Complete 
| 124|0x000000008a400000, 0x000000008a500000, 0x000000008a500000|100%| E|CS|TAMS 0x000000008a400000, 0x000000008a400000| Complete 
| 125|0x000000008a500000, 0x000000008a600000, 0x000000008a600000|100%| E|CS|TAMS 0x000000008a500000, 0x000000008a500000| Complete 

Card table byte_map: [0x00000182efd00000,0x00000182f00f0000] _byte_map_base: 0x00000182ef8ec000

Marking Bits (Prev, Next): (CMBitMap*) 0x00000182d62e1d88, (CMBitMap*) 0x00000182d62e1dc0
 Prev Bits: [0x00000182f04e0000, 0x00000182f2440000)
 Next Bits: [0x00000182f2440000, 0x00000182f43a0000)

Polling page: 0x00000182d6350000

Metaspace:

Usage:
  Non-class:     11.84 MB capacity,    11.61 MB ( 98%) used,   202.98 KB (  2%) free+waste,    31.13 KB ( <1%) overhead. 
      Class:      1.47 MB capacity,     1.35 MB ( 92%) used,   108.32 KB (  7%) free+waste,    15.25 KB (  1%) overhead. 
       Both:     13.31 MB capacity,    12.96 MB ( 97%) used,   311.30 KB (  2%) free+waste,    46.38 KB ( <1%) overhead. 

Virtual space:
  Non-class space:       12.00 MB reserved,      12.00 MB (100%) committed 
      Class space:        1.00 GB reserved,       1.50 MB ( <1%) committed 
             Both:        1.01 GB reserved,      13.50 MB (  1%) committed 

Chunk freelists:
   Non-Class:  4.63 KB
       Class:  0 bytes
        Both:  4.63 KB

CodeHeap 'non-profiled nmethods': size=238336Kb used=1445Kb max_used=1445Kb free=236890Kb
 bounds [0x00000182e05f0000, 0x00000182e0860000, 0x00000182eeeb0000]
CodeHeap 'non-nmethods': size=7424Kb used=1105Kb max_used=1105Kb free=6318Kb
 bounds [0x00000182dfeb0000, 0x00000182e0120000, 0x00000182e05f0000]
 total_blobs=1490 nmethods=1062 adapters=338
 compilation: enabled
              stopped_count=0, restarted_count=0
 full_count=0

Compilation events (10 events):
Event: 0.882 Thread 0x00000182f7717800 1053       1       java.lang.invoke.ClassSpecializer$Factory::chooseFieldName (32 bytes)
Event: 0.883 Thread 0x00000182f7717800 nmethod 1053 0x00000182e0754790 code [0x00000182e07549a0, 0x00000182e0754dc0]
Event: 0.883 Thread 0x00000182f7717800 1056       1       java.lang.invoke.MethodHandles$Lookup::checkField (56 bytes)
Event: 0.883 Thread 0x00000182f7717800 nmethod 1056 0x00000182e0755010 code [0x00000182e07551c0, 0x00000182e07553a0]
Event: 0.883 Thread 0x00000182f7717800 1060   !   1       java.util.concurrent.ConcurrentHashMap::computeIfAbsent (576 bytes)
Event: 0.885 Thread 0x00000182f7717800 nmethod 1060 0x00000182e0755490 code [0x00000182e07557a0, 0x00000182e0756d70]
Event: 0.885 Thread 0x00000182f7717800 1061  s!   1       jdk.internal.loader.URLClassPath::getLoader (194 bytes)
Event: 0.885 Thread 0x00000182f7717800 nmethod 1061 0x00000182e0757a10 code [0x00000182e0757cc0, 0x00000182e0758a50]
Event: 0.892 Thread 0x00000182f7717800 1062       1       java.lang.StringCoding$Result::with (12 bytes)
Event: 0.892 Thread 0x00000182f7717800 nmethod 1062 0x00000182e0759310 code [0x00000182e07594a0, 0x00000182e0759618]

GC Heap History (2 events):
Event: 0.582 GC heap before
{Heap before GC invocations=0 (full 0):
 garbage-first heap   total 129024K, used 24576K [0x0000000082800000, 0x0000000100000000)
  region size 1024K, 24 young (24576K), 0 survivors (0K)
 Metaspace       used 9038K, capacity 9234K, committed 9472K, reserved 1058816K
  class space    used 918K, capacity 996K, committed 1024K, reserved 1048576K
}
Event: 0.589 GC heap after
{Heap after GC invocations=1 (full 0):
 garbage-first heap   total 129024K, used 19000K [0x0000000082800000, 0x0000000100000000)
  region size 1024K, 3 young (3072K), 3 survivors (3072K)
 Metaspace       used 9038K, capacity 9234K, committed 9472K, reserved 1058816K
  class space    used 918K, capacity 996K, committed 1024K, reserved 1048576K
}

Deoptimization events (0 events):
No events

Classes redefined (0 events):
No events

Internal exceptions (10 events):
Event: 0.626 Thread 0x00000182d62a0800 Exception <a 'java/lang/NoSuchMethodError'{0x000000008a5f5438}: java.lang.invoke.DirectMethodHandle$Holder.invokeStaticInit(Ljava/lang/Object;IIII)Ljava/lang/Object;> (0x000000008a5f5438) thrown at [./open/src/hotspot/share/interpreter/linkResolver.cpp, l
Event: 0.846 Thread 0x00000182d62a0800 Exception <a 'java/lang/NoSuchMethodError'{0x000000008a44e148}: java.lang.invoke.DirectMethodHandle$Holder.invokeStatic(Ljava/lang/Object;Ljava/lang/Object;IIII)Ljava/lang/Object;> (0x000000008a44e148) thrown at [./open/src/hotspot/share/interpreter/linkR
Event: 0.847 Thread 0x00000182d62a0800 Exception <a 'java/lang/NoSuchMethodError'{0x000000008a451490}: java.lang.invoke.DirectMethodHandle$Holder.invokeStaticInit(Ljava/lang/Object;Ljava/lang/Object;IIII)Ljava/lang/Object;> (0x000000008a451490) thrown at [./open/src/hotspot/share/interpreter/l
Event: 0.853 Thread 0x00000182d62a0800 Exception <a 'java/lang/ClassNotFoundException'{0x000000008a46ec40}: javax/management/remote/rmi/RMIServerImpl_Skel> (0x000000008a46ec40) thrown at [./open/src/hotspot/share/classfile/systemDictionary.cpp, line 228]
Event: 0.877 Thread 0x00000182d62a0800 Exception <a 'java/lang/ClassNotFoundException'{0x000000008a31e378}: jdk/internal/agent/resources/spi/agentProvider> (0x000000008a31e378) thrown at [./open/src/hotspot/share/classfile/systemDictionary.cpp, line 228]
Event: 0.881 Thread 0x00000182d62a0800 Exception <a 'java/lang/NoSuchMethodError'{0x000000008a373f70}: java.lang.invoke.DirectMethodHandle$Holder.invokeStatic(Ljava/lang/Object;Ljava/lang/Object;Ljava/lang/Object;Ljava/lang/Object;Ljava/lang/Object;Ljava/lang/Object;Ljava/lang/Object;Ljava/lan
Event: 0.882 Thread 0x00000182d62a0800 Exception <a 'java/lang/NoSuchMethodError'{0x000000008a380930}: java.lang.invoke.DirectMethodHandle$Holder.invokeStatic(Ljava/lang/Object;Ljava/lang/Object;Ljava/lang/Object;Ljava/lang/Object;Ljava/lang/Object;Ljava/lang/Object;Ljava/lang/Object;Ljava/lan
Event: 0.883 Thread 0x00000182d62a0800 Exception <a 'java/lang/NoSuchMethodError'{0x000000008a39a7f8}: java.lang.invoke.DelegatingMethodHandle$Holder.reinvoke_L(Ljava/lang/Object;ILjava/lang/Object;)Ljava/lang/Object;> (0x000000008a39a7f8) thrown at [./open/src/hotspot/share/interpreter/linkRe
Event: 0.917 Thread 0x00000182d62a0800 Exception <a 'java/lang/ClassNotFoundException'{0x000000008a164440}: javax/smartcardio/CardPermission> (0x000000008a164440) thrown at [./open/src/hotspot/share/classfile/systemDictionary.cpp, line 228]
Event: 0.919 Thread 0x00000182d62a0800 Exception <a 'java/io/FileNotFoundException'{0x000000008a172840}> (0x000000008a172840) thrown at [./open/src/hotspot/share/prims/jni.cpp, line 611]

Events (10 events):
Event: 0.937 loading class sun/util/calendar/ZoneInfoFile$Checksum done
Event: 0.937 loading class java/util/zip/Checksum$1
Event: 0.937 loading class java/util/zip/Checksum$1 done
Event: 0.938 loading class sun/util/spi/CalendarProvider
Event: 0.938 loading class sun/util/spi/CalendarProvider done
Event: 0.938 loading class sun/util/locale/provider/CalendarProviderImpl
Event: 0.938 loading class sun/util/locale/provider/CalendarProviderImpl done
Event: 0.938 loading class java/util/Calendar$Builder
Event: 0.938 loading class java/util/Calendar$Builder done
Event: 0.938 loading class java/util/GregorianCalendar


Dynamic libraries:
0x00007ff7ef460000 - 0x00007ff7ef4a7000 	C:\Program Files\Java\jdk-11.0.7\bin\javaw.exe
0x00007ffc1a300000 - 0x00007ffc1a4f0000 	C:\WINDOWS\SYSTEM32\ntdll.dll
0x00007ffc18570000 - 0x00007ffc18622000 	C:\WINDOWS\System32\KERNEL32.DLL
0x00007ffc17f20000 - 0x00007ffc181c4000 	C:\WINDOWS\System32\KERNELBASE.dll
0x00007ffc13a20000 - 0x00007ffc13aaf000 	C:\WINDOWS\SYSTEM32\apphelp.dll
0x00007ffc1a210000 - 0x00007ffc1a2b3000 	C:\WINDOWS\System32\ADVAPI32.dll
0x00007ffc18f80000 - 0x00007ffc1901e000 	C:\WINDOWS\System32\msvcrt.dll
0x00007ffc19410000 - 0x00007ffc194a7000 	C:\WINDOWS\System32\sechost.dll
0x00007ffc192f0000 - 0x00007ffc19410000 	C:\WINDOWS\System32\RPCRT4.dll
0x00007ffc189c0000 - 0x00007ffc18b55000 	C:\WINDOWS\System32\USER32.dll
0x00007ffc17ef0000 - 0x00007ffc17f11000 	C:\WINDOWS\System32\win32u.dll
0x00007ffc18960000 - 0x00007ffc18986000 	C:\WINDOWS\System32\GDI32.dll
0x00007ffc17280000 - 0x00007ffc17416000 	C:\WINDOWS\System32\gdi32full.dll
0x00007ffc17640000 - 0x00007ffc176de000 	C:\WINDOWS\System32\msvcp_win.dll
0x00007ffc182b0000 - 0x00007ffc183aa000 	C:\WINDOWS\System32\ucrtbase.dll
0x00007ffbfc8d0000 - 0x00007ffbfcb54000 	C:\WINDOWS\WinSxS\amd64_microsoft.windows.common-controls_6595b64144ccf1df_6.0.18362.1016_none_9e7a36bbe461dae4\COMCTL32.dll
0x00007ffc0f340000 - 0x00007ffc0f34a000 	C:\WINDOWS\SYSTEM32\VERSION.dll
0x00007ffc18be0000 - 0x00007ffc18f15000 	C:\WINDOWS\System32\combase.dll
0x00007ffc18230000 - 0x00007ffc182b0000 	C:\WINDOWS\System32\bcryptPrimitives.dll
0x00007ffc18990000 - 0x00007ffc189be000 	C:\WINDOWS\System32\IMM32.DLL
0x00007ffc0f320000 - 0x00007ffc0f336000 	C:\Program Files\Java\jdk-11.0.7\bin\vcruntime140.dll
0x00007ffbe99c0000 - 0x00007ffbe9a6a000 	C:\Program Files\Java\jdk-11.0.7\bin\msvcp140.dll
0x00007ffbd9bc0000 - 0x00007ffbda721000 	C:\Program Files\Java\jdk-11.0.7\bin\server\jvm.dll
0x00007ffc18550000 - 0x00007ffc18558000 	C:\WINDOWS\System32\PSAPI.DLL
0x00007ffc116e0000 - 0x00007ffc11704000 	C:\WINDOWS\SYSTEM32\WINMM.dll
0x00007ffbfae40000 - 0x00007ffbfae49000 	C:\WINDOWS\SYSTEM32\WSOCK32.dll
0x00007ffc19200000 - 0x00007ffc1926f000 	C:\WINDOWS\System32\WS2_32.dll
0x00007ffc116b0000 - 0x00007ffc116dd000 	C:\WINDOWS\SYSTEM32\winmmbase.dll
0x00007ffc176e0000 - 0x00007ffc1772a000 	C:\WINDOWS\System32\cfgmgr32.dll
0x00007ffc171c0000 - 0x00007ffc171d1000 	C:\WINDOWS\System32\kernel.appcore.dll
0x00007ffc125b0000 - 0x00007ffc125c1000 	C:\Program Files\Java\jdk-11.0.7\bin\verify.dll
0x00007ffc15860000 - 0x00007ffc15a54000 	C:\WINDOWS\SYSTEM32\DBGHELP.DLL
0x00007ffbff810000 - 0x00007ffbff83a000 	C:\WINDOWS\SYSTEM32\dbgcore.DLL
0x00007ffc0fdd0000 - 0x00007ffc0fdf9000 	C:\Program Files\Java\jdk-11.0.7\bin\java.dll
0x00007ffc13280000 - 0x00007ffc1328a000 	C:\Program Files\Java\jdk-11.0.7\bin\jimage.dll
0x00007ffc10590000 - 0x00007ffc105a6000 	C:\Program Files\Java\jdk-11.0.7\bin\zip.dll
0x00007ffc199d0000 - 0x00007ffc1a0b7000 	C:\WINDOWS\System32\SHELL32.dll
0x00007ffc19920000 - 0x00007ffc199c9000 	C:\WINDOWS\System32\shcore.dll
0x00007ffc17730000 - 0x00007ffc17eb2000 	C:\WINDOWS\System32\windows.storage.dll
0x00007ffc17230000 - 0x00007ffc17253000 	C:\WINDOWS\System32\profapi.dll
0x00007ffc171e0000 - 0x00007ffc1722a000 	C:\WINDOWS\System32\powrprof.dll
0x00007ffc171b0000 - 0x00007ffc171c0000 	C:\WINDOWS\System32\UMPDC.dll
0x00007ffc1a1b0000 - 0x00007ffc1a202000 	C:\WINDOWS\System32\shlwapi.dll
0x00007ffc174d0000 - 0x00007ffc174e7000 	C:\WINDOWS\System32\cryptsp.dll
0x00007ffc10410000 - 0x00007ffc10429000 	C:\Program Files\Java\jdk-11.0.7\bin\net.dll
0x00007ffc13c70000 - 0x00007ffc13d60000 	C:\WINDOWS\SYSTEM32\WINHTTP.dll
0x00007ffc02530000 - 0x00007ffc02636000 	C:\Program Files\Open Text\SOCKS Client\HumSOCKS.dll
0x00007ffc19020000 - 0x00007ffc19177000 	C:\WINDOWS\System32\ole32.dll
0x00007ffc024f0000 - 0x00007ffc02501000 	C:\WINDOWS\SYSTEM32\credui.dll
0x00007ffc02480000 - 0x00007ffc02497000 	C:\WINDOWS\SYSTEM32\NETAPI32.dll
0x00007ffc18890000 - 0x00007ffc18955000 	C:\WINDOWS\System32\OLEAUT32.dll
0x00007ffc023f0000 - 0x00007ffc02479000 	C:\WINDOWS\SYSTEM32\WINSPOOL.DRV
0x00007ffc17ec0000 - 0x00007ffc17ee6000 	C:\WINDOWS\System32\bcrypt.dll
0x00007ffc16840000 - 0x00007ffc16882000 	C:\WINDOWS\SYSTEM32\LOGONCLI.DLL
0x00007ffc14c30000 - 0x00007ffc14d20000 	C:\WINDOWS\SYSTEM32\PROPSYS.dll
0x00007ffc16720000 - 0x00007ffc1675a000 	C:\WINDOWS\SYSTEM32\IPHLPAPI.DLL
0x00007ffc16830000 - 0x00007ffc1683c000 	C:\WINDOWS\SYSTEM32\NETUTILS.DLL
0x00007ffc16a10000 - 0x00007ffc16a77000 	C:\WINDOWS\system32\mswsock.dll
0x00007ffc0fdb0000 - 0x00007ffc0fdc3000 	C:\Program Files\Java\jdk-11.0.7\bin\nio.dll
0x00007ffc125e0000 - 0x00007ffc125e9000 	C:\Program Files\Java\jdk-11.0.7\bin\management.dll
0x00007ffc121f0000 - 0x00007ffc121fc000 	C:\Program Files\Java\jdk-11.0.7\bin\management_ext.dll
0x00007ffbff370000 - 0x00007ffbff386000 	C:\WINDOWS\system32\napinsp.dll
0x00007ffbff860000 - 0x00007ffbff87a000 	C:\WINDOWS\system32\pnrpnsp.dll
0x00007ffc16760000 - 0x00007ffc1682b000 	C:\WINDOWS\SYSTEM32\DNSAPI.dll
0x00007ffc19270000 - 0x00007ffc19278000 	C:\WINDOWS\System32\NSI.dll
0x00007ffbff900000 - 0x00007ffbff90e000 	C:\WINDOWS\System32\winrnr.dll
0x00007ffc11f50000 - 0x00007ffc11f6c000 	C:\WINDOWS\system32\NLAapi.dll
0x00007ffbff8d0000 - 0x00007ffbff8e5000 	C:\WINDOWS\system32\wshbth.dll
0x00007ffc07c60000 - 0x00007ffc07c6a000 	C:\Windows\System32\rasadhlp.dll
0x00007ffc0d280000 - 0x00007ffc0d2f7000 	C:\WINDOWS\System32\fwpuclnt.dll
0x00007ffc16310000 - 0x00007ffc16343000 	C:\WINDOWS\system32\rsaenh.dll
0x00007ffc170d0000 - 0x00007ffc170f5000 	C:\WINDOWS\SYSTEM32\USERENV.dll
0x00007ffc16be0000 - 0x00007ffc16bec000 	C:\WINDOWS\SYSTEM32\CRYPTBASE.dll
0x00007ffc0d9e0000 - 0x00007ffc0d9f6000 	C:\WINDOWS\SYSTEM32\dhcpcsvc6.DLL
0x00007ffc0eff0000 - 0x00007ffc0f00c000 	C:\WINDOWS\SYSTEM32\dhcpcsvc.DLL

dbghelp: loaded successfully - version: 4.0.5 - missing functions: none
symbol engine: initialized successfully - sym options: 0x614 - pdb path: .;C:\Program Files\Java\jdk-11.0.7\bin;C:\WINDOWS\SYSTEM32;C:\WINDOWS\WinSxS\amd64_microsoft.windows.common-controls_6595b64144ccf1df_6.0.18362.1016_none_9e7a36bbe461dae4;C:\Program Files\Java\jdk-11.0.7\bin\server;C:\Program Files\Open Text\SOCKS Client

VM Arguments:
jvm_args: -Dcom.sun.management.jmxremote -Dcom.sun.management.jmxremote.port=59317 -Dcom.sun.management.jmxremote.authenticate=false -Dcom.sun.management.jmxremote.ssl=false -Djava.rmi.server.hostname=localhost -Dspring.jmx.enabled=true -Dspring.application.admin.enabled=true -Xverify:none -XX:TieredStopAtLevel=1 -Dspring.boot.project.name=cursomc -Dfile.encoding=UTF-8 
java_command: com.djaian.cursomc.CursomcApplication --spring.output.ansi.enabled=always
java_class_path (initial): C:\Users\JeanCoelho\Box Sync\Particular\Curso Java\workspace\cursomc\target\classes;C:\Users\JeanCoelho\.m2\repository\org\springframework\boot\spring-boot-starter-web\2.3.1.RELEASE\spring-boot-starter-web-2.3.1.RELEASE.jar;C:\Users\JeanCoelho\.m2\repository\org\springframework\boot\spring-boot-starter\2.3.1.RELEASE\spring-boot-starter-2.3.1.RELEASE.jar;C:\Users\JeanCoelho\.m2\repository\org\springframework\boot\spring-boot-starter-logging\2.3.1.RELEASE\spring-boot-starter-logging-2.3.1.RELEASE.jar;C:\Users\JeanCoelho\.m2\repository\ch\qos\logback\logback-classic\1.2.3\logback-classic-1.2.3.jar;C:\Users\JeanCoelho\.m2\repository\ch\qos\logback\logback-core\1.2.3\logback-core-1.2.3.jar;C:\Users\JeanCoelho\.m2\repository\org\apache\logging\log4j\log4j-to-slf4j\2.13.3\log4j-to-slf4j-2.13.3.jar;C:\Users\JeanCoelho\.m2\repository\org\apache\logging\log4j\log4j-api\2.13.3\log4j-api-2.13.3.jar;C:\Users\JeanCoelho\.m2\repository\org\slf4j\jul-to-slf4j\1.7.30\jul-to-slf4j-1.7.30.jar;C:\Users\JeanCoelho\.m2\repository\jakarta\annotation\jakarta.annotation-api\1.3.5\jakarta.annotation-api-1.3.5.jar;C:\Users\JeanCoelho\.m2\repository\org\yaml\snakeyaml\1.26\snakeyaml-1.26.jar;C:\Users\JeanCoelho\.m2\repository\org\springframework\boot\spring-boot-starter-json\2.3.1.RELEASE\spring-boot-starter-json-2.3.1.RELEASE.jar;C:\Users\JeanCoelho\.m2\repository\com\fasterxml\jackson\datatype\jackson-datatype-jdk8\2.11.0\jackson-datatype-jdk8-2.11.0.jar;C:\Users\JeanCoelho\.m2\repository\com\fasterxml\jackson\datatype\jackson-datatype-jsr310\2.11.0\jackson-datatype-jsr310-2.11.0.jar;C:\Users\JeanCoelho\.m2\repository\com\fasterxml\jackson\module\jackson-module-parameter-names\2.11.0\jackson-module-parameter-names-2.11.0.jar;C:\Users\JeanCoelho\.m2\repository\org\springframework\boot\spring-boot-starter-tomcat\2.3.1.RELEASE\spring-boot-starter-tomcat-2.3.1.RELEASE.jar;C:\Users\JeanCoelho\.m2\repository\org\apache\tomcat\embed\tomcat-embed-core\9.0.36\tomcat-embed
Launcher Type: SUN_STANDARD

[Global flags]
     bool BytecodeVerificationLocal                = false                                     {product} {command line}
     bool BytecodeVerificationRemote               = false                                     {product} {command line}
     intx CICompilerCount                          = 4                                         {product} {ergonomic}
     uint ConcGCThreads                            = 2                                         {product} {ergonomic}
     uint G1ConcRefinementThreads                  = 8                                         {product} {ergonomic}
   size_t G1HeapRegionSize                         = 1048576                                   {product} {ergonomic}
    uintx GCDrainStackTargetSize                   = 64                                        {product} {ergonomic}
   size_t InitialHeapSize                          = 132120576                                 {product} {ergonomic}
     bool ManagementServer                         = true                                      {product} {command line}
   size_t MarkStackSize                            = 4194304                                   {product} {ergonomic}
   size_t MaxHeapSize                              = 2105540608                                {product} {ergonomic}
   size_t MaxNewSize                               = 1262485504                                {product} {ergonomic}
   size_t MinHeapDeltaBytes                        = 1048576                                   {product} {ergonomic}
    uintx NonNMethodCodeHeapSize                   = 7549744                                {pd product} {ergonomic}
    uintx NonProfiledCodeHeapSize                  = 244108496                              {pd product} {ergonomic}
    uintx ProfiledCodeHeapSize                     = 0                                      {pd product} {ergonomic}
    uintx ReservedCodeCacheSize                    = 251658240                              {pd product} {ergonomic}
     bool SegmentedCodeCache                       = true                                      {product} {ergonomic}
     intx TieredStopAtLevel                        = 1                                         {product} {command line}
     bool UseCompressedClassPointers               = true                                 {lp64_product} {ergonomic}
     bool UseCompressedOops                        = true                                 {lp64_product} {ergonomic}
     bool UseG1GC                                  = true                                      {product} {ergonomic}
     bool UseLargePagesIndividualAllocation        = false                                  {pd product} {ergonomic}

Logging:
Log output configuration:
 #0: stdout all=warning uptime,level,tags
 #1: stderr all=off uptime,level,tags

Environment Variables:
JAVA_HOME=C:\Program Files\Java\jdk-11.0.7
PATH=C:/Program Files/Java/jdk-11.0.7/bin/server;C:/Program Files/Java/jdk-11.0.7/bin;C:\WINDOWS\system32;C:\WINDOWS;C:\WINDOWS\System32\Wbem;C:\WINDOWS\System32\WindowsPowerShell\v1.0\;C:\WINDOWS\System32\OpenSSH\;C:\Program Files\Java\jdk-11.0.7\bin;C:\Program Files (x86)\Webex\Webex\Applications;C:\Program Files\Intel\WiFi\bin\;C:\Program Files\Common Files\Intel\WirelessCommon\;C:\Program Files (x86)\PuTTY\;C:\Program Files\Git\cmd;C:\xampp\mysql\bin;C:\Users\JeanCoelho\AppData\Local\Microsoft\WindowsApps;C:\Program Files\heroku\bin;C:\Users\JeanCoelho\Box Sync\Particular\curso Java\sts-4.7.0.RELEASE;
USERNAME=JeanCoelho
OS=Windows_NT
PROCESSOR_IDENTIFIER=Intel64 Family 6 Model 142 Stepping 10, GenuineIntel



---------------  S Y S T E M  ---------------

OS: Windows 10 , 64 bit Build 18362 (10.0.18362.959)

CPU:total 8 (initial active 8) (4 cores per cpu, 2 threads per core) family 6 model 142 stepping 10, cmov, cx8, fxsr, mmx, sse, sse2, sse3, ssse3, sse4.1, sse4.2, popcnt, avx, avx2, aes, clmul, erms, rtm, 3dnowpref, lzcnt, ht, tsc, tscinvbit, bmi1, bmi2, adx, fma

Memory: 4k page, system-wide physical 8030M (2097M free)
TotalPageFile size 24414M (AvailPageFile size 17475M)
current process WorkingSet (physical memory assigned to process): 93M, peak: 93M
current process commit charge ("private bytes"): 225M, peak: 225M

vm_info: Java HotSpot(TM) 64-Bit Server VM (11.0.7+8-LTS) for windows-amd64 JRE (11.0.7+8-LTS), built on Mar 12 2020 02:04:32 by "mach5one" with MS VC++ 15.5 (VS2017)

END.
