#
# A fatal error has been detected by the Java Runtime Environment:
#
#  EXCEPTION_ACCESS_VIOLATION (0xc0000005) at pc=0x00007ffba12d3936, pid=6388, tid=18608
#
# JRE version: Java(TM) SE Runtime Environment 18.9 (11.0.7+8) (build 11.0.7+8-LTS)
# Java VM: Java HotSpot(TM) 64-Bit Server VM 18.9 (11.0.7+8-LTS, mixed mode, tiered, compressed oops, g1 gc, windows-amd64)
# Problematic frame:
# V  [jvm.dll+0x6f3936]
#
# No core dump will be written. Minidumps are not enabled by default on client versions of Windows
#
# If you would like to submit a bug report, please visit:
#   https://bugreport.java.com/bugreport/crash.jsp
#

---------------  S U M M A R Y ------------

Command Line: -Dcom.sun.management.jmxremote -Dcom.sun.management.jmxremote.port=59894 -Dcom.sun.management.jmxremote.authenticate=false -Dcom.sun.management.jmxremote.ssl=false -Djava.rmi.server.hostname=localhost -Dspring.jmx.enabled=true -Dspring.application.admin.enabled=true -Xverify:none -XX:TieredStopAtLevel=1 -Dspring.boot.project.name=cursomc -Dfile.encoding=UTF-8 com.djaian.cursomc.CursomcApplication --spring.output.ansi.enabled=always

Host: Intel(R) Core(TM) i5-8350U CPU @ 1.70GHz, 8 cores, 7G,  Windows 10 , 64 bit Build 18362 (10.0.18362.959)
Time: Wed Aug 19 19:03:48 2020 Hora oficial do Brasil elapsed time: 0 seconds (0d 0h 0m 0s)

---------------  T H R E A D  ---------------

Current thread (0x000001b1dbfa0000):  WatcherThread [stack: 0x0000001868d00000,0x0000001868e00000] [id=18608]

Stack: [0x0000001868d00000,0x0000001868e00000],  sp=0x0000001868dff690,  free space=1021k
Native frames: (J=compiled Java code, j=interpreted, Vv=VM code, C=native code)
V  [jvm.dll+0x6f3936]
V  [jvm.dll+0x73fc7d]
V  [jvm.dll+0x765fe9]
V  [jvm.dll+0x75e875]
V  [jvm.dll+0x660b26]
C  [ucrtbase.dll+0x20e82]
C  [KERNEL32.DLL+0x17bd4]
C  [ntdll.dll+0x6ce51]


siginfo: EXCEPTION_ACCESS_VIOLATION (0xc0000005), reading address 0x0000000c0000000b


Register to memory mapping:

RIP=0x00007ffba12d3936 jvm.dll
RAX=0x0000000c0000000b is an unknown value
RBX=0x0 is NULL
RCX=0x000001b1dbf8a1e0 points into unknown readable memory: e8 4a 4e a1 fb 7f 00 00
RDX=0x000000000000003d is an unknown value
RSP=0x0000001868dff690 points into unknown readable memory: 00 00 fa db b1 01 00 00
RBP=0x0000000000000002 is an unknown value
RSI=0x000001b1dbf11dc0 points into unknown readable memory: 0b 00 00 00 0c 00 00 00
RDI=0x0000000000000001 is an unknown value
R8 =0x0 is NULL
R9 =0x000001b1c36f0b80 is at begin+0 in a stub
StubRoutines::atomic_cmpxchg_long [0x000001b1c36f0b80, 0x000001b1c36f0b89[ (9 bytes)
R10=0x00000000546c6148 is an unknown value
R11=0xfffffffffafd7c2a is an unknown value
R12=0x0 is NULL
R13=0x000001b1dbfa0000 points into unknown readable memory: 18 92 4e a1 fb 7f 00 00
R14=0x000000000000003d is an unknown value
R15=0x000001b1dbdb7130 points into unknown readable memory: 00 00 00 00 00 00 00 00


Registers:
RAX=0x0000000c0000000b, RBX=0x0000000000000000, RCX=0x000001b1dbf8a1e0, RDX=0x000000000000003d
RSP=0x0000001868dff690, RBP=0x0000000000000002, RSI=0x000001b1dbf11dc0, RDI=0x0000000000000001
R8 =0x0000000000000000, R9 =0x000001b1c36f0b80, R10=0x00000000546c6148, R11=0xfffffffffafd7c2a
R12=0x0000000000000000, R13=0x000001b1dbfa0000, R14=0x000000000000003d, R15=0x000001b1dbdb7130
RIP=0x00007ffba12d3936, EFLAGS=0x0000000000010246

Top of Stack: (sp=0x0000001868dff690)
0x0000001868dff690:   000001b1dbfa0000 000001b1dbfa0000
0x0000001868dff6a0:   000037761ad32b48 00007ffba12142d9
0x0000001868dff6b0:   00007ffba168abc8 00007ffba131fc7d
0x0000001868dff6c0:   000001b1bb301a90 000001b1bb301a90
0x0000001868dff6d0:   000001b1bb301a90 431bde82d7b634db
0x0000001868dff6e0:   000001b1dbdb7130 000037761ad32b48
0x0000001868dff6f0:   000001b1bb301a90 00007ffba1345fe9
0x0000001868dff700:   0000000000000001 000000000000003d
0x0000001868dff710:   0000000000000032 0000000000000002
0x0000001868dff720:   0000001868dff7c0 0000000000000000
0x0000001868dff730:   00007ffc0fe00000 00007ffc0fe717d3
0x0000001868dff740:   0000000000000000 00007ffc0fe00000
0x0000001868dff750:   0000000000000000 0000001866b03000
0x0000001868dff760:   000001b1dbfa0000 0000000000000000
0x0000001868dff770:   0000000000100000 0000001868dffbc0
0x0000001868dff780:   0000001868d00000 00007ffba133e875 

Instructions: (pc=0x00007ffba12d3936)
0x00007ffba12d3916:   cc cc cc cc cc cc cc cc cc cc 48 89 5c 24 10 56
0x00007ffba12d3926:   48 83 ec 20 48 8b 35 67 23 3b 00 33 db 48 8b 06
0x00007ffba12d3936:   39 18 7e 27 48 89 7c 24 30 8b fb 48 8b 40 18 48
0x00007ffba12d3946:   8b 0c 07 48 8b 01 ff 50 08 48 8b 06 48 8d 7f 08 


Stack slot to memory mapping:
stack at sp + 0 slots: 0x000001b1dbfa0000 points into unknown readable memory: 18 92 4e a1 fb 7f 00 00
stack at sp + 1 slots: 0x000001b1dbfa0000 points into unknown readable memory: 18 92 4e a1 fb 7f 00 00
stack at sp + 2 slots: 0x000037761ad32b48 is an unknown value
stack at sp + 3 slots: 0x00007ffba12142d9 jvm.dll
stack at sp + 4 slots: 0x00007ffba168abc8 jvm.dll
stack at sp + 5 slots: 0x00007ffba131fc7d jvm.dll
stack at sp + 6 slots: 0x000001b1bb301a90 points into unknown readable memory: 01 00 00 00 00 00 00 00
stack at sp + 7 slots: 0x000001b1bb301a90 points into unknown readable memory: 01 00 00 00 00 00 00 00


---------------  P R O C E S S  ---------------

Threads class SMR info:
_java_thread_list=0x000001b1dc380c10, length=13, elements={
0x000001b1bb306000, 0x000001b1d9f2d800, 0x000001b1d9f39000, 0x000001b1da89b800,
0x000001b1da89c800, 0x000001b1da89e800, 0x000001b1da8ad000, 0x000001b1d9ec3800,
0x000001b1daad5800, 0x000001b1daaf0000, 0x000001b1dbf33000, 0x000001b1dbf24000,
0x000001b1dc37a000
}

Java Threads: ( => current thread )
  0x000001b1bb306000 JavaThread "main" [_thread_in_Java, id=17820, stack(0x0000001867000000,0x0000001867100000)]
  0x000001b1d9f2d800 JavaThread "Reference Handler" daemon [_thread_blocked, id=15764, stack(0x0000001867700000,0x0000001867800000)]
  0x000001b1d9f39000 JavaThread "Finalizer" daemon [_thread_blocked, id=7468, stack(0x0000001867800000,0x0000001867900000)]
  0x000001b1da89b800 JavaThread "Signal Dispatcher" daemon [_thread_blocked, id=3380, stack(0x0000001867900000,0x0000001867a00000)]
  0x000001b1da89c800 JavaThread "Attach Listener" daemon [_thread_blocked, id=3176, stack(0x0000001867a00000,0x0000001867b00000)]
  0x000001b1da89e800 JavaThread "C1 CompilerThread0" daemon [_thread_blocked, id=13180, stack(0x0000001867b00000,0x0000001867c00000)]
  0x000001b1da8ad000 JavaThread "Sweeper thread" daemon [_thread_blocked, id=4964, stack(0x0000001867c00000,0x0000001867d00000)]
  0x000001b1d9ec3800 JavaThread "Common-Cleaner" daemon [_thread_blocked, id=16448, stack(0x0000001867d00000,0x0000001867e00000)]
  0x000001b1daad5800 JavaThread "Service Thread" daemon [_thread_blocked, id=19144, stack(0x0000001867e00000,0x0000001867f00000)]
  0x000001b1daaf0000 JavaThread "RMI TCP Accept-0" daemon [_thread_in_native, id=14576, stack(0x0000001868a00000,0x0000001868b00000)]
  0x000001b1dbf33000 JavaThread "RMI TCP Accept-59894" daemon [_thread_in_native, id=17964, stack(0x0000001868b00000,0x0000001868c00000)]
  0x000001b1dbf24000 JavaThread "RMI TCP Accept-0" daemon [_thread_in_native, id=9300, stack(0x0000001868c00000,0x0000001868d00000)]
  0x000001b1dc37a000 JavaThread "RMI TCP Connection(1)-127.0.0.1" daemon [_thread_in_vm, id=9244, stack(0x0000001868e00000,0x0000001868f00000)]

Other Threads:
  0x000001b1d9f09000 VMThread "VM Thread" [stack: 0x0000001867600000,0x0000001867700000] [id=10820]
=>0x000001b1dbfa0000 WatcherThread [stack: 0x0000001868d00000,0x0000001868e00000] [id=18608]
  0x000001b1bb31f000 GCTaskThread "GC Thread#0" [stack: 0x0000001867100000,0x0000001867200000] [id=6892]
  0x000001b1dbee1000 GCTaskThread "GC Thread#1" [stack: 0x0000001868800000,0x0000001868900000] [id=9764]
  0x000001b1dbee1800 GCTaskThread "GC Thread#2" [stack: 0x0000001868900000,0x0000001868a00000] [id=5916]
  0x000001b1bb34e000 ConcurrentGCThread "G1 Main Marker" [stack: 0x0000001867200000,0x0000001867300000] [id=12864]
  0x000001b1bb350000 ConcurrentGCThread "G1 Conc#0" [stack: 0x0000001867300000,0x0000001867400000] [id=3704]
  0x000001b1d9d74800 ConcurrentGCThread "G1 Refine#0" [stack: 0x0000001867400000,0x0000001867500000] [id=10128]
  0x000001b1d9d75800 ConcurrentGCThread "G1 Young RemSet Sampling" [stack: 0x0000001867500000,0x0000001867600000] [id=15500]

Threads with active compile tasks:
C1 CompilerThread01380   !   1       jdk.internal.loader.URLClassPath$JarLoader::checkResource (78 bytes)

VM state:not at safepoint (normal execution)

VM Mutex/Monitor currently owned by a thread:  ([mutex/lock_event])
[0x000001b1bb2e9890] CodeCache_lock - owner thread: 0x000001b1da89e800
[0x000001b1bb301a90] PeriodicTask_lock - owner thread: 0x000001b1dbfa0000

Heap address: 0x0000000082800000, size: 2008 MB, Compressed Oops mode: 32-bit
Narrow klass base: 0x0000000000000000, Narrow klass shift: 3
Compressed class space size: 1073741824 Address: 0x0000000100000000

Heap:
 garbage-first heap   total 129024K, used 21812K [0x0000000082800000, 0x0000000100000000)
  region size 1024K, 4 young (4096K), 2 survivors (2048K)
 Metaspace       used 14851K, capacity 15237K, committed 15360K, reserved 1062912K
  class space    used 1569K, capacity 1705K, committed 1792K, reserved 1048576K
Heap Regions: E=young(eden), S=young(survivor), O=old, HS=humongous(starts), HC=humongous(continues), CS=collection set, F=free, A=archive, TAMS=top-at-mark-start (previous, next)
|   0|0x0000000082800000, 0x0000000082900000, 0x0000000082900000|100%|HS|  |TAMS 0x0000000082800000, 0x0000000082800000| Complete 
|   1|0x0000000082900000, 0x0000000082a00000, 0x0000000082a00000|100%| O|  |TAMS 0x0000000082900000, 0x0000000082900000| Untracked 
|   2|0x0000000082a00000, 0x0000000082b00000, 0x0000000082b00000|100%| O|  |TAMS 0x0000000082a00000, 0x0000000082a00000| Untracked 
|   3|0x0000000082b00000, 0x0000000082c00000, 0x0000000082c00000|100%| O|  |TAMS 0x0000000082b00000, 0x0000000082b00000| Untracked 
|   4|0x0000000082c00000, 0x0000000082d00000, 0x0000000082d00000|100%| O|  |TAMS 0x0000000082c00000, 0x0000000082c00000| Untracked 
|   5|0x0000000082d00000, 0x0000000082e00000, 0x0000000082e00000|100%| O|  |TAMS 0x0000000082d00000, 0x0000000082d00000| Untracked 
|   6|0x0000000082e00000, 0x0000000082f00000, 0x0000000082f00000|100%| O|  |TAMS 0x0000000082e00000, 0x0000000082e00000| Untracked 
|   7|0x0000000082f00000, 0x0000000083000000, 0x0000000083000000|100%| O|  |TAMS 0x0000000082f00000, 0x0000000082f00000| Untracked 
|   8|0x0000000083000000, 0x0000000083100000, 0x0000000083100000|100%| O|  |TAMS 0x0000000083000000, 0x0000000083000000| Untracked 
|   9|0x0000000083100000, 0x0000000083200000, 0x0000000083200000|100%| O|  |TAMS 0x0000000083100000, 0x0000000083100000| Untracked 
|  10|0x0000000083200000, 0x0000000083300000, 0x0000000083300000|100%| O|  |TAMS 0x0000000083200000, 0x0000000083200000| Untracked 
|  11|0x0000000083300000, 0x0000000083400000, 0x0000000083400000|100%| O|  |TAMS 0x0000000083300000, 0x0000000083300000| Untracked 
|  12|0x0000000083400000, 0x0000000083500000, 0x0000000083500000|100%| O|  |TAMS 0x0000000083400000, 0x0000000083400000| Untracked 
|  13|0x0000000083500000, 0x0000000083600000, 0x0000000083600000|100%| O|  |TAMS 0x0000000083500000, 0x0000000083500000| Untracked 
|  14|0x0000000083600000, 0x0000000083700000, 0x0000000083700000|100%| O|  |TAMS 0x0000000083600000, 0x0000000083600000| Untracked 
|  15|0x0000000083700000, 0x0000000083800000, 0x0000000083800000|100%| O|  |TAMS 0x0000000083700000, 0x0000000083700000| Untracked 
|  16|0x0000000083800000, 0x0000000083900000, 0x0000000083900000|100%| O|  |TAMS 0x0000000083800000, 0x0000000083800000| Untracked 
|  17|0x0000000083900000, 0x0000000083a00000, 0x0000000083a00000|100%| O|  |TAMS 0x0000000083900000, 0x0000000083900000| Untracked 
|  18|0x0000000083a00000, 0x0000000083a61000, 0x0000000083b00000| 37%| O|  |TAMS 0x0000000083a00000, 0x0000000083a00000| Untracked 
|  19|0x0000000083b00000, 0x0000000083b00000, 0x0000000083c00000|  0%| F|  |TAMS 0x0000000083b00000, 0x0000000083b00000| Untracked 
|  20|0x0000000083c00000, 0x0000000083c00000, 0x0000000083d00000|  0%| F|  |TAMS 0x0000000083c00000, 0x0000000083c00000| Untracked 
|  21|0x0000000083d00000, 0x0000000083d00000, 0x0000000083e00000|  0%| F|  |TAMS 0x0000000083d00000, 0x0000000083d00000| Untracked 
|  22|0x0000000083e00000, 0x0000000083e00000, 0x0000000083f00000|  0%| F|  |TAMS 0x0000000083e00000, 0x0000000083e00000| Untracked 
|  23|0x0000000083f00000, 0x0000000083f00000, 0x0000000084000000|  0%| F|  |TAMS 0x0000000083f00000, 0x0000000083f00000| Untracked 
|  24|0x0000000084000000, 0x0000000084000000, 0x0000000084100000|  0%| F|  |TAMS 0x0000000084000000, 0x0000000084000000| Untracked 
|  25|0x0000000084100000, 0x0000000084100000, 0x0000000084200000|  0%| F|  |TAMS 0x0000000084100000, 0x0000000084100000| Untracked 
|  26|0x0000000084200000, 0x0000000084200000, 0x0000000084300000|  0%| F|  |TAMS 0x0000000084200000, 0x0000000084200000| Untracked 
|  27|0x0000000084300000, 0x0000000084300000, 0x0000000084400000|  0%| F|  |TAMS 0x0000000084300000, 0x0000000084300000| Untracked 
|  28|0x0000000084400000, 0x0000000084400000, 0x0000000084500000|  0%| F|  |TAMS 0x0000000084400000, 0x0000000084400000| Untracked 
|  29|0x0000000084500000, 0x0000000084500000, 0x0000000084600000|  0%| F|  |TAMS 0x0000000084500000, 0x0000000084500000| Untracked 
|  30|0x0000000084600000, 0x0000000084600000, 0x0000000084700000|  0%| F|  |TAMS 0x0000000084600000, 0x0000000084600000| Untracked 
|  31|0x0000000084700000, 0x0000000084700000, 0x0000000084800000|  0%| F|  |TAMS 0x0000000084700000, 0x0000000084700000| Untracked 
|  32|0x0000000084800000, 0x0000000084800000, 0x0000000084900000|  0%| F|  |TAMS 0x0000000084800000, 0x0000000084800000| Untracked 
|  33|0x0000000084900000, 0x0000000084900000, 0x0000000084a00000|  0%| F|  |TAMS 0x0000000084900000, 0x0000000084900000| Untracked 
|  34|0x0000000084a00000, 0x0000000084a00000, 0x0000000084b00000|  0%| F|  |TAMS 0x0000000084a00000, 0x0000000084a00000| Untracked 
|  35|0x0000000084b00000, 0x0000000084b00000, 0x0000000084c00000|  0%| F|  |TAMS 0x0000000084b00000, 0x0000000084b00000| Untracked 
|  36|0x0000000084c00000, 0x0000000084c00000, 0x0000000084d00000|  0%| F|  |TAMS 0x0000000084c00000, 0x0000000084c00000| Untracked 
|  37|0x0000000084d00000, 0x0000000084d00000, 0x0000000084e00000|  0%| F|  |TAMS 0x0000000084d00000, 0x0000000084d00000| Untracked 
|  38|0x0000000084e00000, 0x0000000084e00000, 0x0000000084f00000|  0%| F|  |TAMS 0x0000000084e00000, 0x0000000084e00000| Untracked 
|  39|0x0000000084f00000, 0x0000000084f00000, 0x0000000085000000|  0%| F|  |TAMS 0x0000000084f00000, 0x0000000084f00000| Untracked 
|  40|0x0000000085000000, 0x0000000085000000, 0x0000000085100000|  0%| F|  |TAMS 0x0000000085000000, 0x0000000085000000| Untracked 
|  41|0x0000000085100000, 0x0000000085100000, 0x0000000085200000|  0%| F|  |TAMS 0x0000000085100000, 0x0000000085100000| Untracked 
|  42|0x0000000085200000, 0x0000000085200000, 0x0000000085300000|  0%| F|  |TAMS 0x0000000085200000, 0x0000000085200000| Untracked 
|  43|0x0000000085300000, 0x0000000085300000, 0x0000000085400000|  0%| F|  |TAMS 0x0000000085300000, 0x0000000085300000| Untracked 
|  44|0x0000000085400000, 0x0000000085400000, 0x0000000085500000|  0%| F|  |TAMS 0x0000000085400000, 0x0000000085400000| Untracked 
|  45|0x0000000085500000, 0x0000000085500000, 0x0000000085600000|  0%| F|  |TAMS 0x0000000085500000, 0x0000000085500000| Untracked 
|  46|0x0000000085600000, 0x0000000085600000, 0x0000000085700000|  0%| F|  |TAMS 0x0000000085600000, 0x0000000085600000| Untracked 
|  47|0x0000000085700000, 0x0000000085700000, 0x0000000085800000|  0%| F|  |TAMS 0x0000000085700000, 0x0000000085700000| Untracked 
|  48|0x0000000085800000, 0x0000000085800000, 0x0000000085900000|  0%| F|  |TAMS 0x0000000085800000, 0x0000000085800000| Untracked 
|  49|0x0000000085900000, 0x0000000085900000, 0x0000000085a00000|  0%| F|  |TAMS 0x0000000085900000, 0x0000000085900000| Untracked 
|  50|0x0000000085a00000, 0x0000000085a00000, 0x0000000085b00000|  0%| F|  |TAMS 0x0000000085a00000, 0x0000000085a00000| Untracked 
|  51|0x0000000085b00000, 0x0000000085b00000, 0x0000000085c00000|  0%| F|  |TAMS 0x0000000085b00000, 0x0000000085b00000| Untracked 
|  52|0x0000000085c00000, 0x0000000085c00000, 0x0000000085d00000|  0%| F|  |TAMS 0x0000000085c00000, 0x0000000085c00000| Untracked 
|  53|0x0000000085d00000, 0x0000000085d00000, 0x0000000085e00000|  0%| F|  |TAMS 0x0000000085d00000, 0x0000000085d00000| Untracked 
|  54|0x0000000085e00000, 0x0000000085e00000, 0x0000000085f00000|  0%| F|  |TAMS 0x0000000085e00000, 0x0000000085e00000| Untracked 
|  55|0x0000000085f00000, 0x0000000085f00000, 0x0000000086000000|  0%| F|  |TAMS 0x0000000085f00000, 0x0000000085f00000| Untracked 
|  56|0x0000000086000000, 0x0000000086000000, 0x0000000086100000|  0%| F|  |TAMS 0x0000000086000000, 0x0000000086000000| Untracked 
|  57|0x0000000086100000, 0x0000000086100000, 0x0000000086200000|  0%| F|  |TAMS 0x0000000086100000, 0x0000000086100000| Untracked 
|  58|0x0000000086200000, 0x0000000086200000, 0x0000000086300000|  0%| F|  |TAMS 0x0000000086200000, 0x0000000086200000| Untracked 
|  59|0x0000000086300000, 0x0000000086300000, 0x0000000086400000|  0%| F|  |TAMS 0x0000000086300000, 0x0000000086300000| Untracked 
|  60|0x0000000086400000, 0x0000000086400000, 0x0000000086500000|  0%| F|  |TAMS 0x0000000086400000, 0x0000000086400000| Untracked 
|  61|0x0000000086500000, 0x0000000086500000, 0x0000000086600000|  0%| F|  |TAMS 0x0000000086500000, 0x0000000086500000| Untracked 
|  62|0x0000000086600000, 0x0000000086600000, 0x0000000086700000|  0%| F|  |TAMS 0x0000000086600000, 0x0000000086600000| Untracked 
|  63|0x0000000086700000, 0x0000000086700000, 0x0000000086800000|  0%| F|  |TAMS 0x0000000086700000, 0x0000000086700000| Untracked 
|  64|0x0000000086800000, 0x0000000086800000, 0x0000000086900000|  0%| F|  |TAMS 0x0000000086800000, 0x0000000086800000| Untracked 
|  65|0x0000000086900000, 0x0000000086900000, 0x0000000086a00000|  0%| F|  |TAMS 0x0000000086900000, 0x0000000086900000| Untracked 
|  66|0x0000000086a00000, 0x0000000086a00000, 0x0000000086b00000|  0%| F|  |TAMS 0x0000000086a00000, 0x0000000086a00000| Untracked 
|  67|0x0000000086b00000, 0x0000000086b00000, 0x0000000086c00000|  0%| F|  |TAMS 0x0000000086b00000, 0x0000000086b00000| Untracked 
|  68|0x0000000086c00000, 0x0000000086c00000, 0x0000000086d00000|  0%| F|  |TAMS 0x0000000086c00000, 0x0000000086c00000| Untracked 
|  69|0x0000000086d00000, 0x0000000086d00000, 0x0000000086e00000|  0%| F|  |TAMS 0x0000000086d00000, 0x0000000086d00000| Untracked 
|  70|0x0000000086e00000, 0x0000000086e00000, 0x0000000086f00000|  0%| F|  |TAMS 0x0000000086e00000, 0x0000000086e00000| Untracked 
|  71|0x0000000086f00000, 0x0000000086f00000, 0x0000000087000000|  0%| F|  |TAMS 0x0000000086f00000, 0x0000000086f00000| Untracked 
|  72|0x0000000087000000, 0x0000000087000000, 0x0000000087100000|  0%| F|  |TAMS 0x0000000087000000, 0x0000000087000000| Untracked 
|  73|0x0000000087100000, 0x0000000087100000, 0x0000000087200000|  0%| F|  |TAMS 0x0000000087100000, 0x0000000087100000| Untracked 
|  74|0x0000000087200000, 0x0000000087200000, 0x0000000087300000|  0%| F|  |TAMS 0x0000000087200000, 0x0000000087200000| Untracked 
|  75|0x0000000087300000, 0x0000000087300000, 0x0000000087400000|  0%| F|  |TAMS 0x0000000087300000, 0x0000000087300000| Untracked 
|  76|0x0000000087400000, 0x0000000087400000, 0x0000000087500000|  0%| F|  |TAMS 0x0000000087400000, 0x0000000087400000| Untracked 
|  77|0x0000000087500000, 0x0000000087500000, 0x0000000087600000|  0%| F|  |TAMS 0x0000000087500000, 0x0000000087500000| Untracked 
|  78|0x0000000087600000, 0x0000000087600000, 0x0000000087700000|  0%| F|  |TAMS 0x0000000087600000, 0x0000000087600000| Untracked 
|  79|0x0000000087700000, 0x0000000087700000, 0x0000000087800000|  0%| F|  |TAMS 0x0000000087700000, 0x0000000087700000| Untracked 
|  80|0x0000000087800000, 0x0000000087800000, 0x0000000087900000|  0%| F|  |TAMS 0x0000000087800000, 0x0000000087800000| Untracked 
|  81|0x0000000087900000, 0x0000000087900000, 0x0000000087a00000|  0%| F|  |TAMS 0x0000000087900000, 0x0000000087900000| Untracked 
|  82|0x0000000087a00000, 0x0000000087a00000, 0x0000000087b00000|  0%| F|  |TAMS 0x0000000087a00000, 0x0000000087a00000| Untracked 
|  83|0x0000000087b00000, 0x0000000087b00000, 0x0000000087c00000|  0%| F|  |TAMS 0x0000000087b00000, 0x0000000087b00000| Untracked 
|  84|0x0000000087c00000, 0x0000000087c00000, 0x0000000087d00000|  0%| F|  |TAMS 0x0000000087c00000, 0x0000000087c00000| Untracked 
|  85|0x0000000087d00000, 0x0000000087d00000, 0x0000000087e00000|  0%| F|  |TAMS 0x0000000087d00000, 0x0000000087d00000| Untracked 
|  86|0x0000000087e00000, 0x0000000087e00000, 0x0000000087f00000|  0%| F|  |TAMS 0x0000000087e00000, 0x0000000087e00000| Untracked 
|  87|0x0000000087f00000, 0x0000000087f00000, 0x0000000088000000|  0%| F|  |TAMS 0x0000000087f00000, 0x0000000087f00000| Untracked 
|  88|0x0000000088000000, 0x0000000088000000, 0x0000000088100000|  0%| F|  |TAMS 0x0000000088000000, 0x0000000088000000| Untracked 
|  89|0x0000000088100000, 0x0000000088100000, 0x0000000088200000|  0%| F|  |TAMS 0x0000000088100000, 0x0000000088100000| Untracked 
|  90|0x0000000088200000, 0x0000000088200000, 0x0000000088300000|  0%| F|  |TAMS 0x0000000088200000, 0x0000000088200000| Untracked 
|  91|0x0000000088300000, 0x0000000088300000, 0x0000000088400000|  0%| F|  |TAMS 0x0000000088300000, 0x0000000088300000| Untracked 
|  92|0x0000000088400000, 0x0000000088400000, 0x0000000088500000|  0%| F|  |TAMS 0x0000000088400000, 0x0000000088400000| Untracked 
|  93|0x0000000088500000, 0x0000000088500000, 0x0000000088600000|  0%| F|  |TAMS 0x0000000088500000, 0x0000000088500000| Untracked 
|  94|0x0000000088600000, 0x0000000088600000, 0x0000000088700000|  0%| F|  |TAMS 0x0000000088600000, 0x0000000088600000| Untracked 
|  95|0x0000000088700000, 0x0000000088700000, 0x0000000088800000|  0%| F|  |TAMS 0x0000000088700000, 0x0000000088700000| Untracked 
|  96|0x0000000088800000, 0x0000000088800000, 0x0000000088900000|  0%| F|  |TAMS 0x0000000088800000, 0x0000000088800000| Untracked 
|  97|0x0000000088900000, 0x0000000088900000, 0x0000000088a00000|  0%| F|  |TAMS 0x0000000088900000, 0x0000000088900000| Untracked 
|  98|0x0000000088a00000, 0x0000000088a00000, 0x0000000088b00000|  0%| F|  |TAMS 0x0000000088a00000, 0x0000000088a00000| Untracked 
|  99|0x0000000088b00000, 0x0000000088b00000, 0x0000000088c00000|  0%| F|  |TAMS 0x0000000088b00000, 0x0000000088b00000| Untracked 
| 100|0x0000000088c00000, 0x0000000088c00000, 0x0000000088d00000|  0%| F|  |TAMS 0x0000000088c00000, 0x0000000088c00000| Untracked 
| 101|0x0000000088d00000, 0x0000000088d00000, 0x0000000088e00000|  0%| F|  |TAMS 0x0000000088d00000, 0x0000000088d00000| Untracked 
| 102|0x0000000088e00000, 0x0000000088e00000, 0x0000000088f00000|  0%| F|  |TAMS 0x0000000088e00000, 0x0000000088e00000| Untracked 
| 103|0x0000000088f00000, 0x0000000088f00000, 0x0000000089000000|  0%| F|  |TAMS 0x0000000088f00000, 0x0000000088f00000| Untracked 
| 104|0x0000000089000000, 0x0000000089000000, 0x0000000089100000|  0%| F|  |TAMS 0x0000000089000000, 0x0000000089000000| Untracked 
| 105|0x0000000089100000, 0x0000000089100000, 0x0000000089200000|  0%| F|  |TAMS 0x0000000089100000, 0x0000000089100000| Untracked 
| 106|0x0000000089200000, 0x0000000089200000, 0x0000000089300000|  0%| F|  |TAMS 0x0000000089200000, 0x0000000089200000| Untracked 
| 107|0x0000000089300000, 0x0000000089300000, 0x0000000089400000|  0%| F|  |TAMS 0x0000000089300000, 0x0000000089300000| Untracked 
| 108|0x0000000089400000, 0x0000000089400000, 0x0000000089500000|  0%| F|  |TAMS 0x0000000089400000, 0x0000000089400000| Untracked 
| 109|0x0000000089500000, 0x00000000895ec370, 0x0000000089600000| 92%| S|CS|TAMS 0x0000000089500000, 0x0000000089500000| Complete 
| 110|0x0000000089600000, 0x0000000089700000, 0x0000000089700000|100%| S|CS|TAMS 0x0000000089600000, 0x0000000089600000| Complete 
| 111|0x0000000089700000, 0x0000000089700000, 0x0000000089800000|  0%| F|  |TAMS 0x0000000089700000, 0x0000000089700000| Untracked 
| 112|0x0000000089800000, 0x0000000089800000, 0x0000000089900000|  0%| F|  |TAMS 0x0000000089800000, 0x0000000089800000| Untracked 
| 113|0x0000000089900000, 0x0000000089900000, 0x0000000089a00000|  0%| F|  |TAMS 0x0000000089900000, 0x0000000089900000| Untracked 
| 114|0x0000000089a00000, 0x0000000089a00000, 0x0000000089b00000|  0%| F|  |TAMS 0x0000000089a00000, 0x0000000089a00000| Untracked 
| 115|0x0000000089b00000, 0x0000000089b00000, 0x0000000089c00000|  0%| F|  |TAMS 0x0000000089b00000, 0x0000000089b00000| Untracked 
| 116|0x0000000089c00000, 0x0000000089c00000, 0x0000000089d00000|  0%| F|  |TAMS 0x0000000089c00000, 0x0000000089c00000| Untracked 
| 117|0x0000000089d00000, 0x0000000089d00000, 0x0000000089e00000|  0%| F|  |TAMS 0x0000000089d00000, 0x0000000089d00000| Untracked 
| 118|0x0000000089e00000, 0x0000000089e00000, 0x0000000089f00000|  0%| F|  |TAMS 0x0000000089e00000, 0x0000000089e00000| Untracked 
| 119|0x0000000089f00000, 0x0000000089f00000, 0x000000008a000000|  0%| F|  |TAMS 0x0000000089f00000, 0x0000000089f00000| Untracked 
| 120|0x000000008a000000, 0x000000008a000000, 0x000000008a100000|  0%| F|  |TAMS 0x000000008a000000, 0x000000008a000000| Untracked 
| 121|0x000000008a100000, 0x000000008a100000, 0x000000008a200000|  0%| F|  |TAMS 0x000000008a100000, 0x000000008a100000| Untracked 
| 122|0x000000008a200000, 0x000000008a200000, 0x000000008a300000|  0%| F|  |TAMS 0x000000008a200000, 0x000000008a200000| Untracked 
| 123|0x000000008a300000, 0x000000008a300000, 0x000000008a400000|  0%| F|  |TAMS 0x000000008a300000, 0x000000008a300000| Untracked 
| 124|0x000000008a400000, 0x000000008a4cac78, 0x000000008a500000| 79%| E|  |TAMS 0x000000008a400000, 0x000000008a400000| Complete 
| 125|0x000000008a500000, 0x000000008a600000, 0x000000008a600000|100%| E|CS|TAMS 0x000000008a500000, 0x000000008a500000| Complete 

Card table byte_map: [0x000001b1d2e10000,0x000001b1d3200000] _byte_map_base: 0x000001b1d29fc000

Marking Bits (Prev, Next): (CMBitMap*) 0x000001b1bb3452f8, (CMBitMap*) 0x000001b1bb345330
 Prev Bits: [0x000001b1d35f0000, 0x000001b1d5550000)
 Next Bits: [0x000001b1d5550000, 0x000001b1d74b0000)

Polling page: 0x000001b1b9090000

Metaspace:

Usage:
  Non-class:     13.29 MB capacity,    13.05 MB ( 98%) used,   211.79 KB (  2%) free+waste,    37.56 KB ( <1%) overhead. 
      Class:      1.70 MB capacity,     1.54 MB ( 91%) used,   145.18 KB (  8%) free+waste,    18.63 KB (  1%) overhead. 
       Both:     15.00 MB capacity,    14.59 MB ( 97%) used,   356.97 KB (  2%) free+waste,    56.19 KB ( <1%) overhead. 

Virtual space:
  Non-class space:       14.00 MB reserved,      13.50 MB ( 96%) committed 
      Class space:        1.00 GB reserved,       1.75 MB ( <1%) committed 
             Both:        1.01 GB reserved,      15.25 MB (  1%) committed 

Chunk freelists:
   Non-Class:  2.50 KB
       Class:  1.88 KB
        Both:  4.38 KB

CodeHeap 'non-profiled nmethods': size=238336Kb used=2091Kb max_used=2091Kb free=236244Kb
 bounds [0x000001b1c3e30000, 0x000001b1c40a0000, 0x000001b1d26f0000]
CodeHeap 'non-nmethods': size=7424Kb used=1115Kb max_used=1115Kb free=6309Kb
 bounds [0x000001b1c36f0000, 0x000001b1c3960000, 0x000001b1c3e30000]
 total_blobs=1819 nmethods=1383 adapters=346
 compilation: enabled
              stopped_count=0, restarted_count=0
 full_count=0

Compilation events (10 events):
Event: 0.919 Thread 0x000001b1da89e800 nmethod 1213 0x000001b1c3fe5c90 code [0x000001b1c3fe5ea0, 0x000001b1c3fe62e0]
Event: 0.919 Thread 0x000001b1da89e800 1207       1       java.util.Locale$Cache::createObject (6 bytes)
Event: 0.919 Thread 0x000001b1da89e800 nmethod 1207 0x000001b1c3fe6490 code [0x000001b1c3fe6640, 0x000001b1c3fe6770]
Event: 0.919 Thread 0x000001b1da89e800 1208       1       java.util.Locale$Cache::createObject (41 bytes)
Event: 0.920 Thread 0x000001b1da89e800 nmethod 1208 0x000001b1c3fe6810 code [0x000001b1c3fe69e0, 0x000001b1c3fe6e18]
Event: 0.920 Thread 0x000001b1da89e800 1209       1       java.util.Locale::<init> (15 bytes)
Event: 0.920 Thread 0x000001b1da89e800 nmethod 1209 0x000001b1c3fe6f90 code [0x000001b1c3fe7140, 0x000001b1c3fe72f8]
Event: 0.920 Thread 0x000001b1da89e800 1240       1       java.lang.String::getChars (54 bytes)
Event: 0.920 Thread 0x000001b1da89e800 nmethod 1240 0x000001b1c3fe7390 code [0x000001b1c3fe7560, 0x000001b1c3fe77c0]
Event: 0.920 Thread 0x000001b1da89e800 1241       1       java.lang.StringLatin1::getChars (12 bytes)

GC Heap History (2 events):
Event: 0.521 GC heap before
{Heap before GC invocations=0 (full 0):
 garbage-first heap   total 129024K, used 24576K [0x0000000082800000, 0x0000000100000000)
  region size 1024K, 24 young (24576K), 0 survivors (0K)
 Metaspace       used 9036K, capacity 9234K, committed 9472K, reserved 1058816K
  class space    used 918K, capacity 996K, committed 1024K, reserved 1048576K
}
Event: 0.529 GC heap after
{Heap after GC invocations=1 (full 0):
 garbage-first heap   total 129024K, used 18842K [0x0000000082800000, 0x0000000100000000)
  region size 1024K, 3 young (3072K), 3 survivors (3072K)
 Metaspace       used 9036K, capacity 9234K, committed 9472K, reserved 1058816K
  class space    used 918K, capacity 996K, committed 1024K, reserved 1048576K
}

Deoptimization events (0 events):
No events

Classes redefined (0 events):
No events

Internal exceptions (10 events):
Event: 0.564 Thread 0x000001b1bb306000 Exception <a 'java/lang/NoSuchMethodError'{0x000000008a5ef2b8}: java.lang.invoke.DirectMethodHandle$Holder.invokeStaticInit(Ljava/lang/Object;IIII)Ljava/lang/Object;> (0x000000008a5ef2b8) thrown at [./open/src/hotspot/share/interpreter/linkResolver.cpp, l
Event: 0.818 Thread 0x000001b1bb306000 Exception <a 'java/lang/NoSuchMethodError'{0x000000008a444080}: java.lang.invoke.DirectMethodHandle$Holder.invokeStatic(Ljava/lang/Object;Ljava/lang/Object;IIII)Ljava/lang/Object;> (0x000000008a444080) thrown at [./open/src/hotspot/share/interpreter/linkR
Event: 0.818 Thread 0x000001b1bb306000 Exception <a 'java/lang/NoSuchMethodError'{0x000000008a4473c8}: java.lang.invoke.DirectMethodHandle$Holder.invokeStaticInit(Ljava/lang/Object;Ljava/lang/Object;IIII)Ljava/lang/Object;> (0x000000008a4473c8) thrown at [./open/src/hotspot/share/interpreter/l
Event: 0.825 Thread 0x000001b1bb306000 Exception <a 'java/lang/ClassNotFoundException'{0x000000008a464b70}: javax/management/remote/rmi/RMIServerImpl_Skel> (0x000000008a464b70) thrown at [./open/src/hotspot/share/classfile/systemDictionary.cpp, line 228]
Event: 0.849 Thread 0x000001b1bb306000 Exception <a 'java/lang/ClassNotFoundException'{0x000000008a3142f8}: jdk/internal/agent/resources/spi/agentProvider> (0x000000008a3142f8) thrown at [./open/src/hotspot/share/classfile/systemDictionary.cpp, line 228]
Event: 0.853 Thread 0x000001b1bb306000 Exception <a 'java/lang/NoSuchMethodError'{0x000000008a369ef0}: java.lang.invoke.DirectMethodHandle$Holder.invokeStatic(Ljava/lang/Object;Ljava/lang/Object;Ljava/lang/Object;Ljava/lang/Object;Ljava/lang/Object;Ljava/lang/Object;Ljava/lang/Object;Ljava/lan
Event: 0.854 Thread 0x000001b1bb306000 Exception <a 'java/lang/NoSuchMethodError'{0x000000008a3768b0}: java.lang.invoke.DirectMethodHandle$Holder.invokeStatic(Ljava/lang/Object;Ljava/lang/Object;Ljava/lang/Object;Ljava/lang/Object;Ljava/lang/Object;Ljava/lang/Object;Ljava/lang/Object;Ljava/lan
Event: 0.855 Thread 0x000001b1bb306000 Exception <a 'java/lang/NoSuchMethodError'{0x000000008a390538}: java.lang.invoke.DelegatingMethodHandle$Holder.reinvoke_L(Ljava/lang/Object;ILjava/lang/Object;)Ljava/lang/Object;> (0x000000008a390538) thrown at [./open/src/hotspot/share/interpreter/linkRe
Event: 0.881 Thread 0x000001b1bb306000 Exception <a 'java/lang/ClassNotFoundException'{0x000000008a159c78}: javax/smartcardio/CardPermission> (0x000000008a159c78) thrown at [./open/src/hotspot/share/classfile/systemDictionary.cpp, line 228]
Event: 0.883 Thread 0x000001b1bb306000 Exception <a 'java/io/FileNotFoundException'{0x000000008a168078}> (0x000000008a168078) thrown at [./open/src/hotspot/share/prims/jni.cpp, line 611]

Events (10 events):
Event: 0.918 loading class org/springframework/boot/WebApplicationType
Event: 0.918 loading class org/springframework/boot/WebApplicationType done
Event: 0.918 loading class org/springframework/util/ClassUtils
Event: 0.918 loading class org/springframework/util/ClassUtils done
Event: 0.919 loading class org/springframework/util/ConcurrentReferenceHashMap
Event: 0.919 loading class org/springframework/util/ConcurrentReferenceHashMap done
Event: 0.919 loading class org/springframework/util/ConcurrentReferenceHashMap$ReferenceType
Event: 0.919 loading class org/springframework/util/ConcurrentReferenceHashMap$ReferenceType done
Event: 0.919 loading class org/springframework/util/ConcurrentReferenceHashMap$Segment
Event: 0.919 loading class org/springframework/util/ConcurrentReferenceHashMap$Segment done


Dynamic libraries:
0x00007ff6f96d0000 - 0x00007ff6f9717000 	C:\Program Files\Java\jdk-11.0.7\bin\javaw.exe
0x00007ffc0fe00000 - 0x00007ffc0fff0000 	C:\WINDOWS\SYSTEM32\ntdll.dll
0x00007ffc0efb0000 - 0x00007ffc0f062000 	C:\WINDOWS\System32\KERNEL32.DLL
0x00007ffc0d830000 - 0x00007ffc0dad4000 	C:\WINDOWS\System32\KERNELBASE.dll
0x00007ffc0e480000 - 0x00007ffc0e523000 	C:\WINDOWS\System32\ADVAPI32.dll
0x00007ffc0f300000 - 0x00007ffc0f39e000 	C:\WINDOWS\System32\msvcrt.dll
0x00007ffc0e750000 - 0x00007ffc0e7e7000 	C:\WINDOWS\System32\sechost.dll
0x00007ffc0f670000 - 0x00007ffc0f790000 	C:\WINDOWS\System32\RPCRT4.dll
0x00007ffc0f150000 - 0x00007ffc0f2e5000 	C:\WINDOWS\System32\USER32.dll
0x00007ffc0d800000 - 0x00007ffc0d821000 	C:\WINDOWS\System32\win32u.dll
0x00007ffc0f790000 - 0x00007ffc0f7b6000 	C:\WINDOWS\System32\GDI32.dll
0x00007ffc0cd80000 - 0x00007ffc0cf16000 	C:\WINDOWS\System32\gdi32full.dll
0x00007ffc0cfd0000 - 0x00007ffc0d06e000 	C:\WINDOWS\System32\msvcp_win.dll
0x00007ffc0dbf0000 - 0x00007ffc0dcea000 	C:\WINDOWS\System32\ucrtbase.dll
0x00007ffbf55d0000 - 0x00007ffbf5854000 	C:\WINDOWS\WinSxS\amd64_microsoft.windows.common-controls_6595b64144ccf1df_6.0.18362.1016_none_9e7a36bbe461dae4\COMCTL32.dll
0x00007ffc05e30000 - 0x00007ffc05e3a000 	C:\WINDOWS\SYSTEM32\VERSION.dll
0x00007ffc0f7c0000 - 0x00007ffc0faf5000 	C:\WINDOWS\System32\combase.dll
0x00007ffc0db40000 - 0x00007ffc0dbc0000 	C:\WINDOWS\System32\bcryptPrimitives.dll
0x00007ffc0fd90000 - 0x00007ffc0fdbe000 	C:\WINDOWS\System32\IMM32.DLL
0x00007ffc06ad0000 - 0x00007ffc06ae6000 	C:\Program Files\Java\jdk-11.0.7\bin\vcruntime140.dll
0x00007ffbb2dd0000 - 0x00007ffbb2e7a000 	C:\Program Files\Java\jdk-11.0.7\bin\msvcp140.dll
0x00007ffba0be0000 - 0x00007ffba1741000 	C:\Program Files\Java\jdk-11.0.7\bin\server\jvm.dll
0x00007ffbfa680000 - 0x00007ffbfa689000 	C:\WINDOWS\SYSTEM32\WSOCK32.dll
0x00007ffc023b0000 - 0x00007ffc023d4000 	C:\WINDOWS\SYSTEM32\WINMM.dll
0x00007ffc0f0e0000 - 0x00007ffc0f14f000 	C:\WINDOWS\System32\WS2_32.dll
0x00007ffc02160000 - 0x00007ffc0218d000 	C:\WINDOWS\SYSTEM32\WINMMBASE.dll
0x00007ffc0de40000 - 0x00007ffc0de8a000 	C:\WINDOWS\System32\cfgmgr32.dll
0x00007ffc0f2f0000 - 0x00007ffc0f2f8000 	C:\WINDOWS\System32\PSAPI.DLL
0x00007ffc0cd30000 - 0x00007ffc0cd41000 	C:\WINDOWS\System32\kernel.appcore.dll
0x00007ffbe95e0000 - 0x00007ffbe95f1000 	C:\Program Files\Java\jdk-11.0.7\bin\verify.dll
0x00007ffc0b220000 - 0x00007ffc0b414000 	C:\WINDOWS\SYSTEM32\DBGHELP.DLL
0x00007ffc04ae0000 - 0x00007ffc04b0a000 	C:\WINDOWS\SYSTEM32\dbgcore.DLL
0x00007ffbe9590000 - 0x00007ffbe95b9000 	C:\Program Files\Java\jdk-11.0.7\bin\java.dll
0x00007ffc06aa0000 - 0x00007ffc06aaa000 	C:\Program Files\Java\jdk-11.0.7\bin\jimage.dll
0x00007ffbe92a0000 - 0x00007ffbe92b6000 	C:\Program Files\Java\jdk-11.0.7\bin\zip.dll
0x00007ffc0e8c0000 - 0x00007ffc0efa7000 	C:\WINDOWS\System32\SHELL32.dll
0x00007ffc0dee0000 - 0x00007ffc0df89000 	C:\WINDOWS\System32\shcore.dll
0x00007ffc0d070000 - 0x00007ffc0d7f2000 	C:\WINDOWS\System32\windows.storage.dll
0x00007ffc0cd50000 - 0x00007ffc0cd73000 	C:\WINDOWS\System32\profapi.dll
0x00007ffc0ccc0000 - 0x00007ffc0cd0a000 	C:\WINDOWS\System32\powrprof.dll
0x00007ffc0ccb0000 - 0x00007ffc0ccc0000 	C:\WINDOWS\System32\UMPDC.dll
0x00007ffc0f080000 - 0x00007ffc0f0d2000 	C:\WINDOWS\System32\shlwapi.dll
0x00007ffc0de90000 - 0x00007ffc0dea7000 	C:\WINDOWS\System32\cryptsp.dll
0x00007ffbe5ed0000 - 0x00007ffbe5ee9000 	C:\Program Files\Java\jdk-11.0.7\bin\net.dll
0x00007ffc08bf0000 - 0x00007ffc08ce0000 	C:\WINDOWS\SYSTEM32\WINHTTP.dll
0x00007ffbe7cd0000 - 0x00007ffbe7dd6000 	C:\Program Files\Open Text\SOCKS Client\HumSOCKS.dll
0x00007ffbeb3a0000 - 0x00007ffbeb3b1000 	C:\WINDOWS\SYSTEM32\credui.dll
0x00007ffbfe640000 - 0x00007ffbfe6c9000 	C:\WINDOWS\SYSTEM32\WINSPOOL.DRV
0x00007ffc0dbc0000 - 0x00007ffc0dbe6000 	C:\WINDOWS\System32\bcrypt.dll
0x00007ffbff1d0000 - 0x00007ffbff1e7000 	C:\WINDOWS\SYSTEM32\NETAPI32.dll
0x00007ffc0a730000 - 0x00007ffc0a820000 	C:\WINDOWS\SYSTEM32\PROPSYS.dll
0x00007ffc0f400000 - 0x00007ffc0f557000 	C:\WINDOWS\System32\ole32.dll
0x00007ffc0c220000 - 0x00007ffc0c25a000 	C:\WINDOWS\SYSTEM32\IPHLPAPI.DLL
0x00007ffc0e7f0000 - 0x00007ffc0e8b5000 	C:\WINDOWS\System32\OLEAUT32.dll
0x00007ffc0c340000 - 0x00007ffc0c382000 	C:\WINDOWS\SYSTEM32\LOGONCLI.DLL
0x00007ffc0c330000 - 0x00007ffc0c33c000 	C:\WINDOWS\SYSTEM32\NETUTILS.DLL
0x00007ffc0c510000 - 0x00007ffc0c577000 	C:\WINDOWS\system32\mswsock.dll
0x00007ffbe2ef0000 - 0x00007ffbe2f03000 	C:\Program Files\Java\jdk-11.0.7\bin\nio.dll
0x00007ffc03880000 - 0x00007ffc03889000 	C:\Program Files\Java\jdk-11.0.7\bin\management.dll
0x00007ffc029c0000 - 0x00007ffc029cc000 	C:\Program Files\Java\jdk-11.0.7\bin\management_ext.dll
0x00007ffbfc7f0000 - 0x00007ffbfc806000 	C:\WINDOWS\system32\napinsp.dll
0x00007ffbfc7a0000 - 0x00007ffbfc7ba000 	C:\WINDOWS\system32\pnrpnsp.dll
0x00007ffc0c260000 - 0x00007ffc0c32b000 	C:\WINDOWS\SYSTEM32\DNSAPI.dll
0x00007ffc0deb0000 - 0x00007ffc0deb8000 	C:\WINDOWS\System32\NSI.dll
0x00007ffbfc200000 - 0x00007ffbfc20e000 	C:\WINDOWS\System32\winrnr.dll
0x00007ffc05140000 - 0x00007ffc0515c000 	C:\WINDOWS\system32\NLAapi.dll
0x00007ffbfc0b0000 - 0x00007ffbfc0c5000 	C:\WINDOWS\system32\wshbth.dll
0x00007ffc0cbd0000 - 0x00007ffc0cbff000 	C:\WINDOWS\SYSTEM32\SspiCli.dll
0x00007ffc02150000 - 0x00007ffc0215a000 	C:\Windows\System32\rasadhlp.dll
0x00007ffc037e0000 - 0x00007ffc03857000 	C:\WINDOWS\System32\fwpuclnt.dll
0x00007ffc0be10000 - 0x00007ffc0be43000 	C:\WINDOWS\system32\rsaenh.dll
0x00007ffc0cba0000 - 0x00007ffc0cbc5000 	C:\WINDOWS\SYSTEM32\USERENV.dll
0x00007ffc0c6e0000 - 0x00007ffc0c6ec000 	C:\WINDOWS\SYSTEM32\CRYPTBASE.dll
0x00007ffc03bf0000 - 0x00007ffc03c06000 	C:\WINDOWS\SYSTEM32\dhcpcsvc6.DLL
0x00007ffc04830000 - 0x00007ffc0484c000 	C:\WINDOWS\SYSTEM32\dhcpcsvc.DLL

dbghelp: loaded successfully - version: 4.0.5 - missing functions: none
symbol engine: initialized successfully - sym options: 0x614 - pdb path: .;C:\Program Files\Java\jdk-11.0.7\bin;C:\WINDOWS\SYSTEM32;C:\WINDOWS\WinSxS\amd64_microsoft.windows.common-controls_6595b64144ccf1df_6.0.18362.1016_none_9e7a36bbe461dae4;C:\Program Files\Java\jdk-11.0.7\bin\server;C:\Program Files\Open Text\SOCKS Client

VM Arguments:
jvm_args: -Dcom.sun.management.jmxremote -Dcom.sun.management.jmxremote.port=59894 -Dcom.sun.management.jmxremote.authenticate=false -Dcom.sun.management.jmxremote.ssl=false -Djava.rmi.server.hostname=localhost -Dspring.jmx.enabled=true -Dspring.application.admin.enabled=true -Xverify:none -XX:TieredStopAtLevel=1 -Dspring.boot.project.name=cursomc -Dfile.encoding=UTF-8 
java_command: com.djaian.cursomc.CursomcApplication --spring.output.ansi.enabled=always
java_class_path (initial): C:\Users\JeanCoelho\Box Sync\Particular\Curso Java\workspace\cursomc\target\classes;C:\Users\JeanCoelho\.m2\repository\org\springframework\boot\spring-boot-starter-web\2.3.1.RELEASE\spring-boot-starter-web-2.3.1.RELEASE.jar;C:\Users\JeanCoelho\.m2\repository\org\springframework\boot\spring-boot-starter\2.3.1.RELEASE\spring-boot-starter-2.3.1.RELEASE.jar;C:\Users\JeanCoelho\.m2\repository\org\springframework\boot\spring-boot-starter-logging\2.3.1.RELEASE\spring-boot-starter-logging-2.3.1.RELEASE.jar;C:\Users\JeanCoelho\.m2\repository\ch\qos\logback\logback-classic\1.2.3\logback-classic-1.2.3.jar;C:\Users\JeanCoelho\.m2\repository\ch\qos\logback\logback-core\1.2.3\logback-core-1.2.3.jar;C:\Users\JeanCoelho\.m2\repository\org\apache\logging\log4j\log4j-to-slf4j\2.13.3\log4j-to-slf4j-2.13.3.jar;C:\Users\JeanCoelho\.m2\repository\org\apache\logging\log4j\log4j-api\2.13.3\log4j-api-2.13.3.jar;C:\Users\JeanCoelho\.m2\repository\org\slf4j\jul-to-slf4j\1.7.30\jul-to-slf4j-1.7.30.jar;C:\Users\JeanCoelho\.m2\repository\jakarta\annotation\jakarta.annotation-api\1.3.5\jakarta.annotation-api-1.3.5.jar;C:\Users\JeanCoelho\.m2\repository\org\yaml\snakeyaml\1.26\snakeyaml-1.26.jar;C:\Users\JeanCoelho\.m2\repository\org\springframework\boot\spring-boot-starter-json\2.3.1.RELEASE\spring-boot-starter-json-2.3.1.RELEASE.jar;C:\Users\JeanCoelho\.m2\repository\com\fasterxml\jackson\datatype\jackson-datatype-jdk8\2.11.0\jackson-datatype-jdk8-2.11.0.jar;C:\Users\JeanCoelho\.m2\repository\com\fasterxml\jackson\datatype\jackson-datatype-jsr310\2.11.0\jackson-datatype-jsr310-2.11.0.jar;C:\Users\JeanCoelho\.m2\repository\com\fasterxml\jackson\module\jackson-module-parameter-names\2.11.0\jackson-module-parameter-names-2.11.0.jar;C:\Users\JeanCoelho\.m2\repository\org\springframework\boot\spring-boot-starter-tomcat\2.3.1.RELEASE\spring-boot-starter-tomcat-2.3.1.RELEASE.jar;C:\Users\JeanCoelho\.m2\repository\org\apache\tomcat\embed\tomcat-embed-core\9.0.36\tomcat-embed
Launcher Type: SUN_STANDARD

[Global flags]
     bool BytecodeVerificationLocal                = false                                     {product} {command line}
     bool BytecodeVerificationRemote               = false                                     {product} {command line}
     intx CICompilerCount                          = 4                                         {product} {ergonomic}
     uint ConcGCThreads                            = 2                                         {product} {ergonomic}
     uint G1ConcRefinementThreads                  = 8                                         {product} {ergonomic}
   size_t G1HeapRegionSize                         = 1048576                                   {product} {ergonomic}
    uintx GCDrainStackTargetSize                   = 64                                        {product} {ergonomic}
   size_t InitialHeapSize                          = 132120576                                 {product} {ergonomic}
     bool ManagementServer                         = true                                      {product} {command line}
   size_t MarkStackSize                            = 4194304                                   {product} {ergonomic}
   size_t MaxHeapSize                              = 2105540608                                {product} {ergonomic}
   size_t MaxNewSize                               = 1262485504                                {product} {ergonomic}
   size_t MinHeapDeltaBytes                        = 1048576                                   {product} {ergonomic}
    uintx NonNMethodCodeHeapSize                   = 7549744                                {pd product} {ergonomic}
    uintx NonProfiledCodeHeapSize                  = 244108496                              {pd product} {ergonomic}
    uintx ProfiledCodeHeapSize                     = 0                                      {pd product} {ergonomic}
    uintx ReservedCodeCacheSize                    = 251658240                              {pd product} {ergonomic}
     bool SegmentedCodeCache                       = true                                      {product} {ergonomic}
     intx TieredStopAtLevel                        = 1                                         {product} {command line}
     bool UseCompressedClassPointers               = true                                 {lp64_product} {ergonomic}
     bool UseCompressedOops                        = true                                 {lp64_product} {ergonomic}
     bool UseG1GC                                  = true                                      {product} {ergonomic}
     bool UseLargePagesIndividualAllocation        = false                                  {pd product} {ergonomic}

Logging:
Log output configuration:
 #0: stdout all=warning uptime,level,tags
 #1: stderr all=off uptime,level,tags

Environment Variables:
JAVA_HOME=C:\Program Files\Java\jdk-11.0.7
PATH=C:/Program Files/Java/jdk-11.0.7/bin/server;C:/Program Files/Java/jdk-11.0.7/bin;C:\WINDOWS\system32;C:\WINDOWS;C:\WINDOWS\System32\Wbem;C:\WINDOWS\System32\WindowsPowerShell\v1.0\;C:\WINDOWS\System32\OpenSSH\;C:\Program Files\Java\jdk-11.0.7\bin;C:\Program Files (x86)\Webex\Webex\Applications;C:\Program Files\Intel\WiFi\bin\;C:\Program Files\Common Files\Intel\WirelessCommon\;C:\Program Files (x86)\PuTTY\;C:\Program Files\Git\cmd;C:\xampp\mysql\bin;C:\Users\JeanCoelho\AppData\Local\Microsoft\WindowsApps;C:\Program Files\heroku\bin;C:\Users\JeanCoelho\Box Sync\Particular\curso Java\sts-4.7.0.RELEASE;
USERNAME=JeanCoelho
OS=Windows_NT
PROCESSOR_IDENTIFIER=Intel64 Family 6 Model 142 Stepping 10, GenuineIntel



---------------  S Y S T E M  ---------------

OS: Windows 10 , 64 bit Build 18362 (10.0.18362.959)

CPU:total 8 (initial active 8) (4 cores per cpu, 2 threads per core) family 6 model 142 stepping 10, cmov, cx8, fxsr, mmx, sse, sse2, sse3, ssse3, sse4.1, sse4.2, popcnt, avx, avx2, aes, clmul, erms, rtm, 3dnowpref, lzcnt, ht, tsc, tscinvbit, bmi1, bmi2, adx, fma

Memory: 4k page, system-wide physical 8030M (2416M free)
TotalPageFile size 24414M (AvailPageFile size 15443M)
current process WorkingSet (physical memory assigned to process): 101M, peak: 101M
current process commit charge ("private bytes"): 230M, peak: 230M

vm_info: Java HotSpot(TM) 64-Bit Server VM (11.0.7+8-LTS) for windows-amd64 JRE (11.0.7+8-LTS), built on Mar 12 2020 02:04:32 by "mach5one" with MS VC++ 15.5 (VS2017)

END.
