#
# A fatal error has been detected by the Java Runtime Environment:
#
#  EXCEPTION_ACCESS_VIOLATION (0xc0000005) at pc=0x00007ffbd9e86cd0, pid=16860, tid=2492
#
# JRE version: Java(TM) SE Runtime Environment 18.9 (11.0.7+8) (build 11.0.7+8-LTS)
# Java VM: Java HotSpot(TM) 64-Bit Server VM 18.9 (11.0.7+8-LTS, mixed mode, tiered, compressed oops, g1 gc, windows-amd64)
# Problematic frame:
# V  [jvm.dll+0x2c6cd0]
#
# No core dump will be written. Minidumps are not enabled by default on client versions of Windows
#
# If you would like to submit a bug report, please visit:
#   https://bugreport.java.com/bugreport/crash.jsp
#

---------------  S U M M A R Y ------------

Command Line: -Dcom.sun.management.jmxremote -Dcom.sun.management.jmxremote.port=59354 -Dcom.sun.management.jmxremote.authenticate=false -Dcom.sun.management.jmxremote.ssl=false -Djava.rmi.server.hostname=localhost -Dspring.jmx.enabled=true -Dspring.application.admin.enabled=true -Xverify:none -XX:TieredStopAtLevel=1 -Dspring.boot.project.name=cursomc -Dfile.encoding=UTF-8 com.djaian.cursomc.CursomcApplication --spring.output.ansi.enabled=always

Host: Intel(R) Core(TM) i5-8350U CPU @ 1.70GHz, 8 cores, 7G,  Windows 10 , 64 bit Build 18362 (10.0.18362.959)
Time: Sat Aug 22 21:48:54 2020 Hora oficial do Brasil elapsed time: 36 seconds (0d 0h 0m 36s)

---------------  T H R E A D  ---------------

Current thread (0x000001477d60d000):  VMThread "VM Thread" [stack: 0x00000008a6d00000,0x00000008a6e00000] [id=2492]

Stack: [0x00000008a6d00000,0x00000008a6e00000],  sp=0x00000008a6dfe960,  free space=1018k
Native frames: (J=compiled Java code, j=interpreted, Vv=VM code, C=native code)
V  [jvm.dll+0x2c6cd0]
V  [jvm.dll+0x1e7174]
V  [jvm.dll+0x736fe0]
V  [jvm.dll+0x306e95]
V  [jvm.dll+0x30640b]
V  [jvm.dll+0x2f224c]
V  [jvm.dll+0x7aa843]
V  [jvm.dll+0x7a9d5c]
V  [jvm.dll+0x7a80e7]
V  [jvm.dll+0x7a8910]
V  [jvm.dll+0x7a8c17]
V  [jvm.dll+0x75e875]
V  [jvm.dll+0x660b26]
C  [ucrtbase.dll+0x20e82]
C  [KERNEL32.DLL+0x17bd4]
C  [ntdll.dll+0x6ce51]


siginfo: EXCEPTION_ACCESS_VIOLATION (0xc0000005), reading address 0x000000040000001b


Register to memory mapping:

RIP=0x00007ffbd9e86cd0 jvm.dll
RAX=0x000001470051e0b0 points into unknown readable memory: 03 00 00 00 04 00 00 00
RBX=0x000001477d499d70 points into unknown readable memory: 00 00 00 00 00 00 00 00
RCX=0x0000014700507e90 points into unknown readable memory: 01 00 00 00 00 00 00 00
RDX=0x0 is NULL
RSP=0x00000008a6dfe960 points into unknown readable memory: f0 b0 a6 5c 47 01 00 00
RBP=0x0000000000000008 is an unknown value
RSI=0x0000000400000003 is an unknown value
RDI=0x000001477e0ae948 points into unknown readable memory: 30 fb 5d 7d 47 01 00 00
R8 =0x0 is NULL
R9 =0x0000000000000008 is an unknown value
R10=0x00000000546c6148 is an unknown value
R11=0x00000008a6dfea78 points into unknown readable memory: 74 71 da d9 fb 7f 00 00
R12=0x00007ffbda42a501 jvm.dll
R13=0x00007ffbda6872f0 jvm.dll
R14=0x0000000000000627 is an unknown value
R15=0x0000000000000005 is an unknown value


Registers:
RAX=0x000001470051e0b0, RBX=0x000001477d499d70, RCX=0x0000014700507e90, RDX=0x0000000000000000
RSP=0x00000008a6dfe960, RBP=0x0000000000000008, RSI=0x0000000400000003, RDI=0x000001477e0ae948
R8 =0x0000000000000000, R9 =0x0000000000000008, R10=0x00000000546c6148, R11=0x00000008a6dfea78
R12=0x00007ffbda42a501, R13=0x00007ffbda6872f0, R14=0x0000000000000627, R15=0x0000000000000005
RIP=0x00007ffbd9e86cd0, EFLAGS=0x0000000000010206

Top of Stack: (sp=0x00000008a6dfe960)
0x00000008a6dfe960:   000001475ca6b0f0 00007ffbda1f3585
0x00000008a6dfe970:   000001475ca6b0f0 00007ffbda1f38c1
0x00000008a6dfe980:   0000000800000000 0000014700507e90
0x00000008a6dfe990:   0000000000000000 000001477e0ae948
0x00000008a6dfe9a0:   000001475ca6b0f0 00007ffbda1f3585
0x00000008a6dfe9b0:   000001475ca6b0f0 0000000000000001
0x00000008a6dfe9c0:   000001475ca65620 00007ffbda1c94cb
0x00000008a6dfe9d0:   0000000000000000 00007ffbda1f3635
0x00000008a6dfe9e0:   0000000000000000 000001477d60d000
0x00000008a6dfe9f0:   000001477d499d70 00007ffbd9e17995
0x00000008a6dfea00:   000001475ca65620 00007ffbda1c94cb
0x00000008a6dfea10:   000001475ca6b0f0 0000000000000000
0x00000008a6dfea20:   0000000000000000 000001477d499d70
0x00000008a6dfea30:   000001477d499d70 0000000000000005
0x00000008a6dfea40:   000089347b2348cd 00007ffbda42a501
0x00000008a6dfea50:   0000000000000005 0000000000000627 

Instructions: (pc=0x00007ffbd9e86cd0)
0x00007ffbd9e86cb0:   48 8b 41 08 48 8b 34 02 48 85 f6 0f 84 a4 01 00
0x00007ffbd9e86cc0:   00 0f 1f 40 00 66 66 66 0f 1f 84 00 00 00 00 00
0x00007ffbd9e86cd0:   48 8b 5e 18 45 33 f6 48 85 db 0f 84 68 01 00 00
0x00007ffbd9e86ce0:   48 8b cb e8 98 ff 3c 00 48 85 c0 0f 85 48 01 00 


Stack slot to memory mapping:
stack at sp + 0 slots: 0x000001475ca6b0f0 points into unknown readable memory: 00 00 00 00 00 00 00 00
stack at sp + 1 slots: 0x00007ffbda1f3585 jvm.dll
stack at sp + 2 slots: 0x000001475ca6b0f0 points into unknown readable memory: 00 00 00 00 00 00 00 00
stack at sp + 3 slots: 0x00007ffbda1f38c1 jvm.dll
stack at sp + 4 slots: 0x0000000800000000 is an unknown value
stack at sp + 5 slots: 0x0000014700507e90 points into unknown readable memory: 01 00 00 00 00 00 00 00
stack at sp + 6 slots: 0x0 is NULL
stack at sp + 7 slots: 0x000001477e0ae948 points into unknown readable memory: 30 fb 5d 7d 47 01 00 00

VM_Operation (0x00000008aadff000): G1CollectFull, mode: safepoint, requested by thread 0x0000014705796000


---------------  P R O C E S S  ---------------

Threads class SMR info:
_java_thread_list=0x0000014703631250, length=26, elements={
0x000001477d5e2800, 0x000001477d5e8800, 0x000001477de65800, 0x000001477de66800,
0x000001477de6a800, 0x000001477de71000, 0x000001477d5a0800, 0x000001477e09b800,
0x0000014700530800, 0x000001470053b800, 0x000001470059a000, 0x0000014700a04800,
0x0000014700a23800, 0x0000014700a25000, 0x0000014700a46000, 0x0000014700a48000,
0x0000014702e72800, 0x000001470578c000, 0x0000014705793800, 0x0000014705792800,
0x000001470578f800, 0x000001470578d800, 0x0000014705790000, 0x000001470578e800,
0x0000014705795000, 0x0000014705796000
}

Java Threads: ( => current thread )
  0x000001477d5e2800 JavaThread "Reference Handler" daemon [_thread_blocked, id=18028, stack(0x00000008a6e00000,0x00000008a6f00000)]
  0x000001477d5e8800 JavaThread "Finalizer" daemon [_thread_blocked, id=17544, stack(0x00000008a6f00000,0x00000008a7000000)]
  0x000001477de65800 JavaThread "Signal Dispatcher" daemon [_thread_blocked, id=5080, stack(0x00000008a7000000,0x00000008a7100000)]
  0x000001477de66800 JavaThread "Attach Listener" daemon [_thread_blocked, id=8552, stack(0x00000008a7100000,0x00000008a7200000)]
  0x000001477de6a800 JavaThread "C1 CompilerThread0" daemon [_thread_blocked, id=4112, stack(0x00000008a7200000,0x00000008a7300000)]
  0x000001477de71000 JavaThread "Sweeper thread" daemon [_thread_blocked, id=2140, stack(0x00000008a7300000,0x00000008a7400000)]
  0x000001477d5a0800 JavaThread "Common-Cleaner" daemon [_thread_blocked, id=1340, stack(0x00000008a7400000,0x00000008a7500000)]
  0x000001477e09b800 JavaThread "Service Thread" daemon [_thread_blocked, id=15988, stack(0x00000008a7500000,0x00000008a7600000)]
  0x0000014700530800 JavaThread "RMI TCP Accept-0" daemon [_thread_in_native, id=12164, stack(0x00000008a8100000,0x00000008a8200000)]
  0x000001470053b800 JavaThread "RMI TCP Accept-59354" daemon [_thread_in_native, id=12124, stack(0x00000008a8200000,0x00000008a8300000)]
  0x000001470059a000 JavaThread "RMI TCP Accept-0" daemon [_thread_in_native, id=15428, stack(0x00000008a8300000,0x00000008a8400000)]
  0x0000014700a04800 JavaThread "RMI TCP Connection(idle)" daemon [_thread_blocked, id=11716, stack(0x00000008a8800000,0x00000008a8900000)]
  0x0000014700a23800 JavaThread "RMI Scheduler(0)" daemon [_thread_blocked, id=12144, stack(0x00000008a8900000,0x00000008a8a00000)]
  0x0000014700a25000 JavaThread "RMI TCP Connection(9)-127.0.0.1" daemon [_thread_in_native, id=2000, stack(0x00000008a8a00000,0x00000008a8b00000)]
  0x0000014700a46000 JavaThread "JMX server connection timeout 24" daemon [_thread_blocked, id=11976, stack(0x00000008a8b00000,0x00000008a8c00000)]
  0x0000014700a48000 JavaThread "mysql-cj-abandoned-connection-cleanup" daemon [_thread_blocked, id=8336, stack(0x00000008a8700000,0x00000008a8800000)]
  0x0000014702e72800 JavaThread "Live Reload Server" daemon [_thread_in_native, id=18212, stack(0x00000008a9c00000,0x00000008a9d00000)]
  0x000001470578c000 JavaThread "http-nio-8080-Acceptor" daemon [_thread_blocked, id=5928, stack(0x00000008aa900000,0x00000008aaa00000)]
  0x0000014705793800 JavaThread "DestroyJavaVM" [_thread_blocked, id=14092, stack(0x00000008a6700000,0x00000008a6800000)]
  0x0000014705792800 JavaThread "RMI TCP Connection(idle)" daemon [_thread_blocked, id=6352, stack(0x00000008a8600000,0x00000008a8700000)]
  0x000001470578f800 JavaThread "RMI TCP Connection(idle)" daemon [_thread_blocked, id=13288, stack(0x00000008aaa00000,0x00000008aab00000)]
  0x000001470578d800 JavaThread "RMI TCP Connection(idle)" daemon [_thread_blocked, id=17260, stack(0x00000008aab00000,0x00000008aac00000)]
  0x0000014705790000 JavaThread "RMI TCP Connection(idle)" daemon [_thread_blocked, id=2184, stack(0x00000008aac00000,0x00000008aad00000)]
  0x000001470578e800 JavaThread "RMI TCP Connection(idle)" daemon [_thread_blocked, id=14672, stack(0x00000008aae00000,0x00000008aaf00000)]
  0x0000014705795000 JavaThread "RMI TCP Connection(idle)" daemon [_thread_blocked, id=8460, stack(0x00000008ab000000,0x00000008ab100000)]
  0x0000014705796000 JavaThread "Thread-213" [_thread_blocked, id=16072, stack(0x00000008aad00000,0x00000008aae00000)]

Other Threads:
=>0x000001477d60d000 VMThread "VM Thread" [stack: 0x00000008a6d00000,0x00000008a6e00000] [id=2492]
  0x000001470059b800 WatcherThread [stack: 0x00000008a8400000,0x00000008a8500000] [id=10312]
  0x000001475ca66800 GCTaskThread "GC Thread#0" [stack: 0x00000008a6800000,0x00000008a6900000] [id=10172]
  0x00000147004e2000 GCTaskThread "GC Thread#1" [stack: 0x00000008a7f00000,0x00000008a8000000] [id=612]
  0x00000147004e3000 GCTaskThread "GC Thread#2" [stack: 0x00000008a8000000,0x00000008a8100000] [id=17336]
  0x0000014700ab4800 GCTaskThread "GC Thread#3" [stack: 0x00000008a8c00000,0x00000008a8d00000] [id=13020]
  0x0000014700ab5800 GCTaskThread "GC Thread#4" [stack: 0x00000008a8d00000,0x00000008a8e00000] [id=10952]
  0x0000014700b00800 GCTaskThread "GC Thread#5" [stack: 0x00000008a8e00000,0x00000008a8f00000] [id=3356]
  0x0000014700b09000 GCTaskThread "GC Thread#6" [stack: 0x00000008a8f00000,0x00000008a9000000] [id=16348]
  0x0000014700b09800 GCTaskThread "GC Thread#7" [stack: 0x00000008a9000000,0x00000008a9100000] [id=17460]
  0x000001475ca9a800 ConcurrentGCThread "G1 Main Marker" [stack: 0x00000008a6900000,0x00000008a6a00000] [id=12084]
  0x000001475ca9b800 ConcurrentGCThread "G1 Conc#0" [stack: 0x00000008a6a00000,0x00000008a6b00000] [id=9876]
  0x0000014700b1b800 ConcurrentGCThread "G1 Conc#1" [stack: 0x00000008a9100000,0x00000008a9200000] [id=5384]
  0x000001475cafe000 ConcurrentGCThread "G1 Refine#0" [stack: 0x00000008a6b00000,0x00000008a6c00000] [id=15788]
  0x000001477d450800 ConcurrentGCThread "G1 Young RemSet Sampling" [stack: 0x00000008a6c00000,0x00000008a6d00000] [id=10496]

Threads with active compile tasks:

VM state:at safepoint (normal execution)

VM Mutex/Monitor currently owned by a thread:  ([mutex/lock_event])
[0x000001475ca4c210] Threads_lock - owner thread: 0x000001477d60d000
[0x000001475ca4d260] Heap_lock - owner thread: 0x0000014705796000

Heap address: 0x0000000082800000, size: 2008 MB, Compressed Oops mode: 32-bit
Narrow klass base: 0x0000000000000000, Narrow klass shift: 3
Compressed class space size: 1073741824 Address: 0x0000000100000000

Heap:
 garbage-first heap   total 236544K, used 163232K [0x0000000082800000, 0x0000000100000000)
  region size 1024K, 125 young (128000K), 10 survivors (10240K)
 Metaspace       used 73834K, capacity 75900K, committed 76068K, reserved 1114112K
  class space    used 9630K, capacity 10441K, committed 10572K, reserved 1048576K
Heap Regions: E=young(eden), S=young(survivor), O=old, HS=humongous(starts), HC=humongous(continues), CS=collection set, F=free, A=archive, TAMS=top-at-mark-start (previous, next)
|   0|0x0000000082800000, 0x0000000082900000, 0x0000000082900000|100%|HS|  |TAMS 0x0000000082900000, 0x0000000082800000| Complete 
|   1|0x0000000082900000, 0x0000000082a00000, 0x0000000082a00000|100%| O|  |TAMS 0x0000000082a00000, 0x0000000082900000| Untracked 
|   2|0x0000000082a00000, 0x0000000082b00000, 0x0000000082b00000|100%| O|  |TAMS 0x0000000082b00000, 0x0000000082a00000| Untracked 
|   3|0x0000000082b00000, 0x0000000082c00000, 0x0000000082c00000|100%| O|  |TAMS 0x0000000082c00000, 0x0000000082b00000| Untracked 
|   4|0x0000000082c00000, 0x0000000082d00000, 0x0000000082d00000|100%| O|  |TAMS 0x0000000082d00000, 0x0000000082c00000| Untracked 
|   5|0x0000000082d00000, 0x0000000082e00000, 0x0000000082e00000|100%| O|  |TAMS 0x0000000082e00000, 0x0000000082d00000| Untracked 
|   6|0x0000000082e00000, 0x0000000082f00000, 0x0000000082f00000|100%| O|  |TAMS 0x0000000082f00000, 0x0000000082e00000| Untracked 
|   7|0x0000000082f00000, 0x0000000083000000, 0x0000000083000000|100%| O|  |TAMS 0x0000000083000000, 0x0000000082f00000| Untracked 
|   8|0x0000000083000000, 0x0000000083100000, 0x0000000083100000|100%| O|  |TAMS 0x0000000083100000, 0x0000000083000000| Untracked 
|   9|0x0000000083100000, 0x0000000083200000, 0x0000000083200000|100%| O|  |TAMS 0x0000000083200000, 0x0000000083100000| Untracked 
|  10|0x0000000083200000, 0x0000000083300000, 0x0000000083300000|100%| O|  |TAMS 0x0000000083300000, 0x0000000083200000| Untracked 
|  11|0x0000000083300000, 0x0000000083400000, 0x0000000083400000|100%| O|  |TAMS 0x0000000083400000, 0x0000000083300000| Untracked 
|  12|0x0000000083400000, 0x0000000083500000, 0x0000000083500000|100%| O|  |TAMS 0x0000000083500000, 0x0000000083400000| Untracked 
|  13|0x0000000083500000, 0x0000000083600000, 0x0000000083600000|100%| O|  |TAMS 0x0000000083600000, 0x0000000083500000| Untracked 
|  14|0x0000000083600000, 0x0000000083700000, 0x0000000083700000|100%| O|  |TAMS 0x0000000083700000, 0x0000000083600000| Untracked 
|  15|0x0000000083700000, 0x0000000083800000, 0x0000000083800000|100%| O|  |TAMS 0x0000000083800000, 0x0000000083700000| Untracked 
|  16|0x0000000083800000, 0x0000000083900000, 0x0000000083900000|100%| O|  |TAMS 0x0000000083900000, 0x0000000083800000| Untracked 
|  17|0x0000000083900000, 0x0000000083a00000, 0x0000000083a00000|100%| O|  |TAMS 0x0000000083a00000, 0x0000000083900000| Untracked 
|  18|0x0000000083a00000, 0x0000000083b00000, 0x0000000083b00000|100%| O|  |TAMS 0x0000000083b00000, 0x0000000083a00000| Untracked 
|  19|0x0000000083b00000, 0x0000000083c00000, 0x0000000083c00000|100%| O|  |TAMS 0x0000000083c00000, 0x0000000083b00000| Untracked 
|  20|0x0000000083c00000, 0x0000000083d00000, 0x0000000083d00000|100%| O|  |TAMS 0x0000000083d00000, 0x0000000083c00000| Untracked 
|  21|0x0000000083d00000, 0x0000000083e00000, 0x0000000083e00000|100%| O|  |TAMS 0x0000000083e00000, 0x0000000083d00000| Untracked 
|  22|0x0000000083e00000, 0x0000000083f00000, 0x0000000083f00000|100%| O|  |TAMS 0x0000000083f00000, 0x0000000083e00000| Untracked 
|  23|0x0000000083f00000, 0x0000000084000000, 0x0000000084000000|100%|HS|  |TAMS 0x0000000084000000, 0x0000000083f00000| Complete 
|  24|0x0000000084000000, 0x0000000084100000, 0x0000000084100000|100%|HC|  |TAMS 0x0000000084100000, 0x0000000084000000| Complete 
|  25|0x0000000084100000, 0x0000000084200000, 0x0000000084200000|100%| O|  |TAMS 0x0000000084200000, 0x0000000084100000| Untracked 
|  26|0x0000000084200000, 0x0000000084300000, 0x0000000084300000|100%| O|  |TAMS 0x0000000084300000, 0x0000000084200000| Untracked 
|  27|0x0000000084300000, 0x0000000084400000, 0x0000000084400000|100%| O|  |TAMS 0x0000000084400000, 0x0000000084300000| Untracked 
|  28|0x0000000084400000, 0x0000000084500000, 0x0000000084500000|100%| O|  |TAMS 0x0000000084500000, 0x0000000084400000| Untracked 
|  29|0x0000000084500000, 0x0000000084600000, 0x0000000084600000|100%| O|  |TAMS 0x0000000084600000, 0x0000000084500000| Untracked 
|  30|0x0000000084600000, 0x0000000084700000, 0x0000000084700000|100%| O|  |TAMS 0x0000000084700000, 0x0000000084600000| Untracked 
|  31|0x0000000084700000, 0x0000000084800000, 0x0000000084800000|100%| O|  |TAMS 0x0000000084800000, 0x0000000084700000| Untracked 
|  32|0x0000000084800000, 0x0000000084900000, 0x0000000084900000|100%| O|  |TAMS 0x0000000084900000, 0x0000000084800000| Untracked 
|  33|0x0000000084900000, 0x0000000084a00000, 0x0000000084a00000|100%| O|  |TAMS 0x0000000084a00000, 0x0000000084900000| Untracked 
|  34|0x0000000084a00000, 0x0000000084a93a00, 0x0000000084b00000| 57%| O|  |TAMS 0x0000000084a93a00, 0x0000000084a00000| Untracked 
|  35|0x0000000084b00000, 0x0000000084b00000, 0x0000000084c00000|  0%| F|  |TAMS 0x0000000084b00000, 0x0000000084b00000| Untracked 
|  36|0x0000000084c00000, 0x0000000084c00000, 0x0000000084d00000|  0%| F|  |TAMS 0x0000000084c00000, 0x0000000084c00000| Untracked 
|  37|0x0000000084d00000, 0x0000000084d00000, 0x0000000084e00000|  0%| F|  |TAMS 0x0000000084d00000, 0x0000000084d00000| Untracked 
|  38|0x0000000084e00000, 0x0000000084e00000, 0x0000000084f00000|  0%| F|  |TAMS 0x0000000084e00000, 0x0000000084e00000| Untracked 
|  39|0x0000000084f00000, 0x0000000084f00000, 0x0000000085000000|  0%| F|  |TAMS 0x0000000084f00000, 0x0000000084f00000| Untracked 
|  40|0x0000000085000000, 0x0000000085000000, 0x0000000085100000|  0%| F|  |TAMS 0x0000000085000000, 0x0000000085000000| Untracked 
|  41|0x0000000085100000, 0x0000000085100000, 0x0000000085200000|  0%| F|  |TAMS 0x0000000085100000, 0x0000000085100000| Untracked 
|  42|0x0000000085200000, 0x0000000085200000, 0x0000000085300000|  0%| F|  |TAMS 0x0000000085200000, 0x0000000085200000| Untracked 
|  43|0x0000000085300000, 0x0000000085300000, 0x0000000085400000|  0%| F|  |TAMS 0x0000000085300000, 0x0000000085300000| Untracked 
|  44|0x0000000085400000, 0x0000000085400000, 0x0000000085500000|  0%| F|  |TAMS 0x0000000085400000, 0x0000000085400000| Untracked 
|  45|0x0000000085500000, 0x0000000085500000, 0x0000000085600000|  0%| F|  |TAMS 0x0000000085500000, 0x0000000085500000| Untracked 
|  46|0x0000000085600000, 0x0000000085600000, 0x0000000085700000|  0%| F|  |TAMS 0x0000000085600000, 0x0000000085600000| Untracked 
|  47|0x0000000085700000, 0x0000000085700000, 0x0000000085800000|  0%| F|  |TAMS 0x0000000085700000, 0x0000000085700000| Untracked 
|  48|0x0000000085800000, 0x0000000085800000, 0x0000000085900000|  0%| F|  |TAMS 0x0000000085800000, 0x0000000085800000| Untracked 
|  49|0x0000000085900000, 0x0000000085900000, 0x0000000085a00000|  0%| F|  |TAMS 0x0000000085900000, 0x0000000085900000| Untracked 
|  50|0x0000000085a00000, 0x0000000085a00000, 0x0000000085b00000|  0%| F|  |TAMS 0x0000000085a00000, 0x0000000085a00000| Untracked 
|  51|0x0000000085b00000, 0x0000000085b00000, 0x0000000085c00000|  0%| F|  |TAMS 0x0000000085b00000, 0x0000000085b00000| Untracked 
|  52|0x0000000085c00000, 0x0000000085c00000, 0x0000000085d00000|  0%| F|  |TAMS 0x0000000085c00000, 0x0000000085c00000| Untracked 
|  53|0x0000000085d00000, 0x0000000085d00000, 0x0000000085e00000|  0%| F|  |TAMS 0x0000000085d00000, 0x0000000085d00000| Untracked 
|  54|0x0000000085e00000, 0x0000000085e00000, 0x0000000085f00000|  0%| F|  |TAMS 0x0000000085e00000, 0x0000000085e00000| Untracked 
|  55|0x0000000085f00000, 0x0000000085f00000, 0x0000000086000000|  0%| F|  |TAMS 0x0000000085f00000, 0x0000000085f00000| Untracked 
|  56|0x0000000086000000, 0x0000000086000000, 0x0000000086100000|  0%| F|  |TAMS 0x0000000086000000, 0x0000000086000000| Untracked 
|  57|0x0000000086100000, 0x0000000086100000, 0x0000000086200000|  0%| F|  |TAMS 0x0000000086100000, 0x0000000086100000| Untracked 
|  58|0x0000000086200000, 0x0000000086200000, 0x0000000086300000|  0%| F|  |TAMS 0x0000000086200000, 0x0000000086200000| Untracked 
|  59|0x0000000086300000, 0x0000000086300000, 0x0000000086400000|  0%| F|  |TAMS 0x0000000086300000, 0x0000000086300000| Untracked 
|  60|0x0000000086400000, 0x0000000086400000, 0x0000000086500000|  0%| F|  |TAMS 0x0000000086400000, 0x0000000086400000| Untracked 
|  61|0x0000000086500000, 0x0000000086500000, 0x0000000086600000|  0%| F|  |TAMS 0x0000000086500000, 0x0000000086500000| Untracked 
|  62|0x0000000086600000, 0x0000000086600000, 0x0000000086700000|  0%| F|  |TAMS 0x0000000086600000, 0x0000000086600000| Untracked 
|  63|0x0000000086700000, 0x0000000086700000, 0x0000000086800000|  0%| F|  |TAMS 0x0000000086700000, 0x0000000086700000| Untracked 
|  64|0x0000000086800000, 0x0000000086800000, 0x0000000086900000|  0%| F|  |TAMS 0x0000000086800000, 0x0000000086800000| Untracked 
|  65|0x0000000086900000, 0x0000000086900000, 0x0000000086a00000|  0%| F|  |TAMS 0x0000000086900000, 0x0000000086900000| Untracked 
|  66|0x0000000086a00000, 0x0000000086a00000, 0x0000000086b00000|  0%| F|  |TAMS 0x0000000086a00000, 0x0000000086a00000| Untracked 
|  67|0x0000000086b00000, 0x0000000086b00000, 0x0000000086c00000|  0%| F|  |TAMS 0x0000000086b00000, 0x0000000086b00000| Untracked 
|  68|0x0000000086c00000, 0x0000000086c00000, 0x0000000086d00000|  0%| F|  |TAMS 0x0000000086c00000, 0x0000000086c00000| Untracked 
|  69|0x0000000086d00000, 0x0000000086d00000, 0x0000000086e00000|  0%| F|  |TAMS 0x0000000086d00000, 0x0000000086d00000| Untracked 
|  70|0x0000000086e00000, 0x0000000086f00000, 0x0000000086f00000|100%| S|  |TAMS 0x0000000086e00000, 0x0000000086e00000| Complete 
|  71|0x0000000086f00000, 0x0000000087000000, 0x0000000087000000|100%| S|  |TAMS 0x0000000086f00000, 0x0000000086f00000| Complete 
|  72|0x0000000087000000, 0x0000000087100000, 0x0000000087100000|100%| S|  |TAMS 0x0000000087000000, 0x0000000087000000| Complete 
|  73|0x0000000087100000, 0x0000000087200000, 0x0000000087200000|100%| S|  |TAMS 0x0000000087100000, 0x0000000087100000| Complete 
|  74|0x0000000087200000, 0x0000000087300000, 0x0000000087300000|100%| S|  |TAMS 0x0000000087200000, 0x0000000087200000| Complete 
|  75|0x0000000087300000, 0x0000000087400000, 0x0000000087400000|100%| S|  |TAMS 0x0000000087300000, 0x0000000087300000| Complete 
|  76|0x0000000087400000, 0x0000000087500000, 0x0000000087500000|100%| S|  |TAMS 0x0000000087400000, 0x0000000087400000| Complete 
|  77|0x0000000087500000, 0x0000000087600000, 0x0000000087600000|100%| S|  |TAMS 0x0000000087500000, 0x0000000087500000| Complete 
|  78|0x0000000087600000, 0x0000000087700000, 0x0000000087700000|100%| S|  |TAMS 0x0000000087600000, 0x0000000087600000| Complete 
|  79|0x0000000087700000, 0x0000000087800000, 0x0000000087800000|100%| S|  |TAMS 0x0000000087700000, 0x0000000087700000| Complete 
|  80|0x0000000087800000, 0x0000000087800000, 0x0000000087900000|  0%| F|  |TAMS 0x0000000087800000, 0x0000000087800000| Untracked 
|  81|0x0000000087900000, 0x0000000087900000, 0x0000000087a00000|  0%| F|  |TAMS 0x0000000087900000, 0x0000000087900000| Untracked 
|  82|0x0000000087a00000, 0x0000000087a00000, 0x0000000087b00000|  0%| F|  |TAMS 0x0000000087a00000, 0x0000000087a00000| Untracked 
|  83|0x0000000087b00000, 0x0000000087b00000, 0x0000000087c00000|  0%| F|  |TAMS 0x0000000087b00000, 0x0000000087b00000| Untracked 
|  84|0x0000000087c00000, 0x0000000087c00000, 0x0000000087d00000|  0%| F|  |TAMS 0x0000000087c00000, 0x0000000087c00000| Untracked 
|  85|0x0000000087d00000, 0x0000000087d00000, 0x0000000087e00000|  0%| F|  |TAMS 0x0000000087d00000, 0x0000000087d00000| Untracked 
|  86|0x0000000087e00000, 0x0000000087e00000, 0x0000000087f00000|  0%| F|  |TAMS 0x0000000087e00000, 0x0000000087e00000| Untracked 
|  87|0x0000000087f00000, 0x0000000087f00000, 0x0000000088000000|  0%| F|  |TAMS 0x0000000087f00000, 0x0000000087f00000| Untracked 
|  88|0x0000000088000000, 0x0000000088000000, 0x0000000088100000|  0%| F|  |TAMS 0x0000000088000000, 0x0000000088000000| Untracked 
|  89|0x0000000088100000, 0x0000000088100000, 0x0000000088200000|  0%| F|  |TAMS 0x0000000088100000, 0x0000000088100000| Untracked 
|  90|0x0000000088200000, 0x0000000088200000, 0x0000000088300000|  0%| F|  |TAMS 0x0000000088200000, 0x0000000088200000| Untracked 
|  91|0x0000000088300000, 0x0000000088300000, 0x0000000088400000|  0%| F|  |TAMS 0x0000000088300000, 0x0000000088300000| Untracked 
|  92|0x0000000088400000, 0x0000000088400000, 0x0000000088500000|  0%| F|  |TAMS 0x0000000088400000, 0x0000000088400000| Untracked 
|  93|0x0000000088500000, 0x0000000088500000, 0x0000000088600000|  0%| F|  |TAMS 0x0000000088500000, 0x0000000088500000| Untracked 
|  94|0x0000000088600000, 0x0000000088600000, 0x0000000088700000|  0%| F|  |TAMS 0x0000000088600000, 0x0000000088600000| Untracked 
|  95|0x0000000088700000, 0x0000000088700000, 0x0000000088800000|  0%| F|  |TAMS 0x0000000088700000, 0x0000000088700000| Untracked 
|  96|0x0000000088800000, 0x0000000088800000, 0x0000000088900000|  0%| F|  |TAMS 0x0000000088800000, 0x0000000088800000| Untracked 
|  97|0x0000000088900000, 0x0000000088900000, 0x0000000088a00000|  0%| F|  |TAMS 0x0000000088900000, 0x0000000088900000| Untracked 
|  98|0x0000000088a00000, 0x0000000088a00000, 0x0000000088b00000|  0%| F|  |TAMS 0x0000000088a00000, 0x0000000088a00000| Untracked 
|  99|0x0000000088b00000, 0x0000000088b00000, 0x0000000088c00000|  0%| F|  |TAMS 0x0000000088b00000, 0x0000000088b00000| Untracked 
| 100|0x0000000088c00000, 0x0000000088c00000, 0x0000000088d00000|  0%| F|  |TAMS 0x0000000088c00000, 0x0000000088c00000| Untracked 
| 101|0x0000000088d00000, 0x0000000088d00000, 0x0000000088e00000|  0%| F|  |TAMS 0x0000000088d00000, 0x0000000088d00000| Untracked 
| 102|0x0000000088e00000, 0x0000000088e00000, 0x0000000088f00000|  0%| F|  |TAMS 0x0000000088e00000, 0x0000000088e00000| Untracked 
| 103|0x0000000088f00000, 0x0000000088f00000, 0x0000000089000000|  0%| F|  |TAMS 0x0000000088f00000, 0x0000000088f00000| Untracked 
| 104|0x0000000089000000, 0x0000000089000000, 0x0000000089100000|  0%| F|  |TAMS 0x0000000089000000, 0x0000000089000000| Untracked 
| 105|0x0000000089100000, 0x0000000089100000, 0x0000000089200000|  0%| F|  |TAMS 0x0000000089100000, 0x0000000089100000| Untracked 
| 106|0x0000000089200000, 0x0000000089200000, 0x0000000089300000|  0%| F|  |TAMS 0x0000000089200000, 0x0000000089200000| Untracked 
| 107|0x0000000089300000, 0x0000000089300000, 0x0000000089400000|  0%| F|  |TAMS 0x0000000089300000, 0x0000000089300000| Untracked 
| 108|0x0000000089400000, 0x0000000089400000, 0x0000000089500000|  0%| F|  |TAMS 0x0000000089400000, 0x0000000089400000| Untracked 
| 109|0x0000000089500000, 0x0000000089500000, 0x0000000089600000|  0%| F|  |TAMS 0x0000000089500000, 0x0000000089500000| Untracked 
| 110|0x0000000089600000, 0x0000000089600000, 0x0000000089700000|  0%| F|  |TAMS 0x0000000089600000, 0x0000000089600000| Untracked 
| 111|0x0000000089700000, 0x0000000089700000, 0x0000000089800000|  0%| F|  |TAMS 0x0000000089700000, 0x0000000089700000| Untracked 
| 112|0x0000000089800000, 0x0000000089800000, 0x0000000089900000|  0%| F|  |TAMS 0x0000000089800000, 0x0000000089800000| Untracked 
| 113|0x0000000089900000, 0x0000000089900000, 0x0000000089a00000|  0%| F|  |TAMS 0x0000000089900000, 0x0000000089900000| Untracked 
| 114|0x0000000089a00000, 0x0000000089a00000, 0x0000000089b00000|  0%| F|  |TAMS 0x0000000089a00000, 0x0000000089a00000| Untracked 
| 115|0x0000000089b00000, 0x0000000089b00000, 0x0000000089c00000|  0%| F|  |TAMS 0x0000000089b00000, 0x0000000089b00000| Untracked 
| 116|0x0000000089c00000, 0x0000000089cd4628, 0x0000000089d00000| 82%| E|  |TAMS 0x0000000089c00000, 0x0000000089c00000| Complete 
| 117|0x0000000089d00000, 0x0000000089e00000, 0x0000000089e00000|100%| E|  |TAMS 0x0000000089d00000, 0x0000000089d00000| Complete 
| 118|0x0000000089e00000, 0x0000000089f00000, 0x0000000089f00000|100%| E|  |TAMS 0x0000000089e00000, 0x0000000089e00000| Complete 
| 119|0x0000000089f00000, 0x000000008a000000, 0x000000008a000000|100%| E|  |TAMS 0x0000000089f00000, 0x0000000089f00000| Complete 
| 120|0x000000008a000000, 0x000000008a100000, 0x000000008a100000|100%| E|  |TAMS 0x000000008a000000, 0x000000008a000000| Complete 
| 121|0x000000008a100000, 0x000000008a200000, 0x000000008a200000|100%| E|  |TAMS 0x000000008a100000, 0x000000008a100000| Complete 
| 122|0x000000008a200000, 0x000000008a300000, 0x000000008a300000|100%| E|  |TAMS 0x000000008a200000, 0x000000008a200000| Complete 
| 123|0x000000008a300000, 0x000000008a400000, 0x000000008a400000|100%| E|  |TAMS 0x000000008a300000, 0x000000008a300000| Complete 
| 124|0x000000008a400000, 0x000000008a500000, 0x000000008a500000|100%| E|  |TAMS 0x000000008a400000, 0x000000008a400000| Complete 
| 125|0x000000008a500000, 0x000000008a600000, 0x000000008a600000|100%| E|  |TAMS 0x000000008a500000, 0x000000008a500000| Complete 
| 126|0x000000008a600000, 0x000000008a700000, 0x000000008a700000|100%| E|  |TAMS 0x000000008a600000, 0x000000008a600000| Complete 
| 127|0x000000008a700000, 0x000000008a800000, 0x000000008a800000|100%| E|  |TAMS 0x000000008a700000, 0x000000008a700000| Complete 
| 128|0x000000008a800000, 0x000000008a900000, 0x000000008a900000|100%| E|  |TAMS 0x000000008a800000, 0x000000008a800000| Complete 
| 129|0x000000008a900000, 0x000000008aa00000, 0x000000008aa00000|100%| E|  |TAMS 0x000000008a900000, 0x000000008a900000| Complete 
| 130|0x000000008aa00000, 0x000000008ab00000, 0x000000008ab00000|100%| E|  |TAMS 0x000000008aa00000, 0x000000008aa00000| Complete 
| 131|0x000000008ab00000, 0x000000008ac00000, 0x000000008ac00000|100%| E|  |TAMS 0x000000008ab00000, 0x000000008ab00000| Complete 
| 132|0x000000008ac00000, 0x000000008ad00000, 0x000000008ad00000|100%| E|  |TAMS 0x000000008ac00000, 0x000000008ac00000| Complete 
| 133|0x000000008ad00000, 0x000000008ae00000, 0x000000008ae00000|100%| E|  |TAMS 0x000000008ad00000, 0x000000008ad00000| Complete 
| 134|0x000000008ae00000, 0x000000008af00000, 0x000000008af00000|100%| E|  |TAMS 0x000000008ae00000, 0x000000008ae00000| Complete 
| 135|0x000000008af00000, 0x000000008b000000, 0x000000008b000000|100%| E|  |TAMS 0x000000008af00000, 0x000000008af00000| Complete 
| 136|0x000000008b000000, 0x000000008b100000, 0x000000008b100000|100%| E|  |TAMS 0x000000008b000000, 0x000000008b000000| Complete 
| 137|0x000000008b100000, 0x000000008b200000, 0x000000008b200000|100%| E|  |TAMS 0x000000008b100000, 0x000000008b100000| Complete 
| 138|0x000000008b200000, 0x000000008b300000, 0x000000008b300000|100%| E|  |TAMS 0x000000008b200000, 0x000000008b200000| Complete 
| 139|0x000000008b300000, 0x000000008b400000, 0x000000008b400000|100%| E|  |TAMS 0x000000008b300000, 0x000000008b300000| Complete 
| 140|0x000000008b400000, 0x000000008b500000, 0x000000008b500000|100%| E|  |TAMS 0x000000008b400000, 0x000000008b400000| Complete 
| 141|0x000000008b500000, 0x000000008b600000, 0x000000008b600000|100%| E|  |TAMS 0x000000008b500000, 0x000000008b500000| Complete 
| 142|0x000000008b600000, 0x000000008b700000, 0x000000008b700000|100%| E|  |TAMS 0x000000008b600000, 0x000000008b600000| Complete 
| 143|0x000000008b700000, 0x000000008b800000, 0x000000008b800000|100%| E|  |TAMS 0x000000008b700000, 0x000000008b700000| Complete 
| 144|0x000000008b800000, 0x000000008b900000, 0x000000008b900000|100%| E|  |TAMS 0x000000008b800000, 0x000000008b800000| Complete 
| 145|0x000000008b900000, 0x000000008ba00000, 0x000000008ba00000|100%| E|  |TAMS 0x000000008b900000, 0x000000008b900000| Complete 
| 146|0x000000008ba00000, 0x000000008bb00000, 0x000000008bb00000|100%| E|  |TAMS 0x000000008ba00000, 0x000000008ba00000| Complete 
| 147|0x000000008bb00000, 0x000000008bc00000, 0x000000008bc00000|100%| E|  |TAMS 0x000000008bb00000, 0x000000008bb00000| Complete 
| 148|0x000000008bc00000, 0x000000008bd00000, 0x000000008bd00000|100%| E|  |TAMS 0x000000008bc00000, 0x000000008bc00000| Complete 
| 149|0x000000008bd00000, 0x000000008be00000, 0x000000008be00000|100%| E|  |TAMS 0x000000008bd00000, 0x000000008bd00000| Complete 
| 150|0x000000008be00000, 0x000000008bf00000, 0x000000008bf00000|100%| E|  |TAMS 0x000000008be00000, 0x000000008be00000| Complete 
| 151|0x000000008bf00000, 0x000000008c000000, 0x000000008c000000|100%| E|  |TAMS 0x000000008bf00000, 0x000000008bf00000| Complete 
| 152|0x000000008c000000, 0x000000008c100000, 0x000000008c100000|100%| E|  |TAMS 0x000000008c000000, 0x000000008c000000| Complete 
| 153|0x000000008c100000, 0x000000008c200000, 0x000000008c200000|100%| E|  |TAMS 0x000000008c100000, 0x000000008c100000| Complete 
| 154|0x000000008c200000, 0x000000008c300000, 0x000000008c300000|100%| E|  |TAMS 0x000000008c200000, 0x000000008c200000| Complete 
| 155|0x000000008c300000, 0x000000008c400000, 0x000000008c400000|100%| E|  |TAMS 0x000000008c300000, 0x000000008c300000| Complete 
| 156|0x000000008c400000, 0x000000008c500000, 0x000000008c500000|100%| E|  |TAMS 0x000000008c400000, 0x000000008c400000| Complete 
| 157|0x000000008c500000, 0x000000008c600000, 0x000000008c600000|100%| E|  |TAMS 0x000000008c500000, 0x000000008c500000| Complete 
| 158|0x000000008c600000, 0x000000008c700000, 0x000000008c700000|100%| E|  |TAMS 0x000000008c600000, 0x000000008c600000| Complete 
| 159|0x000000008c700000, 0x000000008c800000, 0x000000008c800000|100%| E|  |TAMS 0x000000008c700000, 0x000000008c700000| Complete 
| 160|0x000000008c800000, 0x000000008c900000, 0x000000008c900000|100%| E|  |TAMS 0x000000008c800000, 0x000000008c800000| Complete 
| 161|0x000000008c900000, 0x000000008ca00000, 0x000000008ca00000|100%| E|  |TAMS 0x000000008c900000, 0x000000008c900000| Complete 
| 162|0x000000008ca00000, 0x000000008cb00000, 0x000000008cb00000|100%| E|  |TAMS 0x000000008ca00000, 0x000000008ca00000| Complete 
| 163|0x000000008cb00000, 0x000000008cc00000, 0x000000008cc00000|100%| E|  |TAMS 0x000000008cb00000, 0x000000008cb00000| Complete 
| 164|0x000000008cc00000, 0x000000008cd00000, 0x000000008cd00000|100%| E|  |TAMS 0x000000008cc00000, 0x000000008cc00000| Complete 
| 165|0x000000008cd00000, 0x000000008ce00000, 0x000000008ce00000|100%| E|  |TAMS 0x000000008cd00000, 0x000000008cd00000| Complete 
| 166|0x000000008ce00000, 0x000000008cf00000, 0x000000008cf00000|100%| E|  |TAMS 0x000000008ce00000, 0x000000008ce00000| Complete 
| 167|0x000000008cf00000, 0x000000008d000000, 0x000000008d000000|100%| E|  |TAMS 0x000000008cf00000, 0x000000008cf00000| Complete 
| 168|0x000000008d000000, 0x000000008d100000, 0x000000008d100000|100%| E|  |TAMS 0x000000008d000000, 0x000000008d000000| Complete 
| 169|0x000000008d100000, 0x000000008d200000, 0x000000008d200000|100%| E|  |TAMS 0x000000008d100000, 0x000000008d100000| Complete 
| 170|0x000000008d200000, 0x000000008d300000, 0x000000008d300000|100%| E|  |TAMS 0x000000008d200000, 0x000000008d200000| Complete 
| 171|0x000000008d300000, 0x000000008d400000, 0x000000008d400000|100%| E|  |TAMS 0x000000008d300000, 0x000000008d300000| Complete 
| 172|0x000000008d400000, 0x000000008d500000, 0x000000008d500000|100%| E|  |TAMS 0x000000008d400000, 0x000000008d400000| Complete 
| 173|0x000000008d500000, 0x000000008d600000, 0x000000008d600000|100%| E|  |TAMS 0x000000008d500000, 0x000000008d500000| Complete 
| 174|0x000000008d600000, 0x000000008d700000, 0x000000008d700000|100%| E|  |TAMS 0x000000008d600000, 0x000000008d600000| Complete 
| 175|0x000000008d700000, 0x000000008d800000, 0x000000008d800000|100%| E|  |TAMS 0x000000008d700000, 0x000000008d700000| Complete 
| 176|0x000000008d800000, 0x000000008d900000, 0x000000008d900000|100%| E|  |TAMS 0x000000008d800000, 0x000000008d800000| Complete 
| 177|0x000000008d900000, 0x000000008da00000, 0x000000008da00000|100%| E|  |TAMS 0x000000008d900000, 0x000000008d900000| Complete 
| 178|0x000000008da00000, 0x000000008db00000, 0x000000008db00000|100%| E|  |TAMS 0x000000008da00000, 0x000000008da00000| Complete 
| 179|0x000000008db00000, 0x000000008dc00000, 0x000000008dc00000|100%| E|  |TAMS 0x000000008db00000, 0x000000008db00000| Complete 
| 180|0x000000008dc00000, 0x000000008dd00000, 0x000000008dd00000|100%| E|  |TAMS 0x000000008dc00000, 0x000000008dc00000| Complete 
| 181|0x000000008dd00000, 0x000000008de00000, 0x000000008de00000|100%| E|  |TAMS 0x000000008dd00000, 0x000000008dd00000| Complete 
| 182|0x000000008de00000, 0x000000008df00000, 0x000000008df00000|100%| E|  |TAMS 0x000000008de00000, 0x000000008de00000| Complete 
| 183|0x000000008df00000, 0x000000008e000000, 0x000000008e000000|100%| E|  |TAMS 0x000000008df00000, 0x000000008df00000| Complete 
| 184|0x000000008e000000, 0x000000008e100000, 0x000000008e100000|100%| E|  |TAMS 0x000000008e000000, 0x000000008e000000| Complete 
| 185|0x000000008e100000, 0x000000008e200000, 0x000000008e200000|100%| E|  |TAMS 0x000000008e100000, 0x000000008e100000| Complete 
| 186|0x000000008e200000, 0x000000008e300000, 0x000000008e300000|100%| E|  |TAMS 0x000000008e200000, 0x000000008e200000| Complete 
| 187|0x000000008e300000, 0x000000008e400000, 0x000000008e400000|100%| E|  |TAMS 0x000000008e300000, 0x000000008e300000| Complete 
| 188|0x000000008e400000, 0x000000008e500000, 0x000000008e500000|100%| E|  |TAMS 0x000000008e400000, 0x000000008e400000| Complete 
| 189|0x000000008e500000, 0x000000008e600000, 0x000000008e600000|100%| E|  |TAMS 0x000000008e500000, 0x000000008e500000| Complete 
| 190|0x000000008e600000, 0x000000008e700000, 0x000000008e700000|100%| E|  |TAMS 0x000000008e600000, 0x000000008e600000| Complete 
| 191|0x000000008e700000, 0x000000008e800000, 0x000000008e800000|100%| E|  |TAMS 0x000000008e700000, 0x000000008e700000| Complete 
| 192|0x000000008e800000, 0x000000008e900000, 0x000000008e900000|100%| E|  |TAMS 0x000000008e800000, 0x000000008e800000| Complete 
| 193|0x000000008e900000, 0x000000008ea00000, 0x000000008ea00000|100%| E|  |TAMS 0x000000008e900000, 0x000000008e900000| Complete 
| 194|0x000000008ea00000, 0x000000008eb00000, 0x000000008eb00000|100%| E|  |TAMS 0x000000008ea00000, 0x000000008ea00000| Complete 
| 195|0x000000008eb00000, 0x000000008ec00000, 0x000000008ec00000|100%| E|  |TAMS 0x000000008eb00000, 0x000000008eb00000| Complete 
| 196|0x000000008ec00000, 0x000000008ed00000, 0x000000008ed00000|100%| E|  |TAMS 0x000000008ec00000, 0x000000008ec00000| Complete 
| 197|0x000000008ed00000, 0x000000008ee00000, 0x000000008ee00000|100%| E|  |TAMS 0x000000008ed00000, 0x000000008ed00000| Complete 
| 198|0x000000008ee00000, 0x000000008ef00000, 0x000000008ef00000|100%| E|  |TAMS 0x000000008ee00000, 0x000000008ee00000| Complete 
| 199|0x000000008ef00000, 0x000000008f000000, 0x000000008f000000|100%| E|  |TAMS 0x000000008ef00000, 0x000000008ef00000| Complete 
| 200|0x000000008f000000, 0x000000008f100000, 0x000000008f100000|100%| E|  |TAMS 0x000000008f000000, 0x000000008f000000| Complete 
| 201|0x000000008f100000, 0x000000008f200000, 0x000000008f200000|100%| E|  |TAMS 0x000000008f100000, 0x000000008f100000| Complete 
| 202|0x000000008f200000, 0x000000008f300000, 0x000000008f300000|100%| E|  |TAMS 0x000000008f200000, 0x000000008f200000| Complete 
| 203|0x000000008f300000, 0x000000008f400000, 0x000000008f400000|100%| E|  |TAMS 0x000000008f300000, 0x000000008f300000| Complete 
| 204|0x000000008f400000, 0x000000008f500000, 0x000000008f500000|100%| E|  |TAMS 0x000000008f400000, 0x000000008f400000| Complete 
| 205|0x000000008f500000, 0x000000008f600000, 0x000000008f600000|100%| E|  |TAMS 0x000000008f500000, 0x000000008f500000| Complete 
| 206|0x000000008f600000, 0x000000008f700000, 0x000000008f700000|100%| E|  |TAMS 0x000000008f600000, 0x000000008f600000| Complete 
| 207|0x000000008f700000, 0x000000008f800000, 0x000000008f800000|100%| E|  |TAMS 0x000000008f700000, 0x000000008f700000| Complete 
| 208|0x000000008f800000, 0x000000008f900000, 0x000000008f900000|100%| E|  |TAMS 0x000000008f800000, 0x000000008f800000| Complete 
| 209|0x000000008f900000, 0x000000008fa00000, 0x000000008fa00000|100%| E|  |TAMS 0x000000008f900000, 0x000000008f900000| Complete 
| 210|0x000000008fa00000, 0x000000008fb00000, 0x000000008fb00000|100%| E|  |TAMS 0x000000008fa00000, 0x000000008fa00000| Complete 
| 211|0x000000008fb00000, 0x000000008fc00000, 0x000000008fc00000|100%| E|  |TAMS 0x000000008fb00000, 0x000000008fb00000| Complete 
| 212|0x000000008fc00000, 0x000000008fd00000, 0x000000008fd00000|100%| E|  |TAMS 0x000000008fc00000, 0x000000008fc00000| Complete 
| 213|0x000000008fd00000, 0x000000008fe00000, 0x000000008fe00000|100%| E|  |TAMS 0x000000008fd00000, 0x000000008fd00000| Complete 
| 214|0x000000008fe00000, 0x000000008ff00000, 0x000000008ff00000|100%| E|  |TAMS 0x000000008fe00000, 0x000000008fe00000| Complete 
| 215|0x000000008ff00000, 0x0000000090000000, 0x0000000090000000|100%| E|  |TAMS 0x000000008ff00000, 0x000000008ff00000| Complete 
| 216|0x0000000090000000, 0x0000000090100000, 0x0000000090100000|100%| E|  |TAMS 0x0000000090000000, 0x0000000090000000| Complete 
| 217|0x0000000090100000, 0x0000000090200000, 0x0000000090200000|100%| E|  |TAMS 0x0000000090100000, 0x0000000090100000| Complete 
| 218|0x0000000090200000, 0x0000000090300000, 0x0000000090300000|100%| E|  |TAMS 0x0000000090200000, 0x0000000090200000| Complete 
| 219|0x0000000090300000, 0x0000000090400000, 0x0000000090400000|100%| E|  |TAMS 0x0000000090300000, 0x0000000090300000| Complete 
| 220|0x0000000090400000, 0x0000000090500000, 0x0000000090500000|100%| E|  |TAMS 0x0000000090400000, 0x0000000090400000| Complete 
| 221|0x0000000090500000, 0x0000000090600000, 0x0000000090600000|100%| E|  |TAMS 0x0000000090500000, 0x0000000090500000| Complete 
| 222|0x0000000090600000, 0x0000000090700000, 0x0000000090700000|100%| E|  |TAMS 0x0000000090600000, 0x0000000090600000| Complete 
| 223|0x0000000090700000, 0x0000000090800000, 0x0000000090800000|100%| E|  |TAMS 0x0000000090700000, 0x0000000090700000| Complete 
| 224|0x0000000090800000, 0x0000000090900000, 0x0000000090900000|100%| E|  |TAMS 0x0000000090800000, 0x0000000090800000| Complete 
| 225|0x0000000090900000, 0x0000000090a00000, 0x0000000090a00000|100%| E|  |TAMS 0x0000000090900000, 0x0000000090900000| Complete 
| 226|0x0000000090a00000, 0x0000000090b00000, 0x0000000090b00000|100%| E|  |TAMS 0x0000000090a00000, 0x0000000090a00000| Complete 
| 227|0x0000000090b00000, 0x0000000090c00000, 0x0000000090c00000|100%| E|  |TAMS 0x0000000090b00000, 0x0000000090b00000| Complete 
| 228|0x0000000090c00000, 0x0000000090d00000, 0x0000000090d00000|100%| E|  |TAMS 0x0000000090c00000, 0x0000000090c00000| Complete 
| 229|0x0000000090d00000, 0x0000000090e00000, 0x0000000090e00000|100%| E|  |TAMS 0x0000000090d00000, 0x0000000090d00000| Complete 
| 230|0x0000000090e00000, 0x0000000090f00000, 0x0000000090f00000|100%| E|  |TAMS 0x0000000090e00000, 0x0000000090e00000| Complete 

Card table byte_map: [0x0000014776460000,0x0000014776850000] _byte_map_base: 0x000001477604c000

Marking Bits (Prev, Next): (CMBitMap*) 0x000001475ca91a88, (CMBitMap*) 0x000001475ca91ac0
 Prev Bits: [0x0000014776c40000, 0x0000014778ba0000)
 Next Bits: [0x0000014778ba0000, 0x000001477ab00000)

Polling page: 0x000001475c8c0000

Metaspace:

Usage:
  Non-class:     63.92 MB capacity,    62.70 MB ( 98%) used,  1013.81 KB (  2%) free+waste,   241.63 KB ( <1%) overhead. 
      Class:     10.20 MB capacity,     9.40 MB ( 92%) used,   694.34 KB (  7%) free+waste,   116.00 KB (  1%) overhead. 
       Both:     74.12 MB capacity,    72.10 MB ( 97%) used,     1.67 MB (  2%) free+waste,   357.63 KB ( <1%) overhead. 

Virtual space:
  Non-class space:       64.00 MB reserved,      63.96 MB (>99%) committed 
      Class space:        1.00 GB reserved,      10.32 MB (  1%) committed 
             Both:        1.06 GB reserved,      74.29 MB (  7%) committed 

Chunk freelists:
   Non-Class:  4.63 KB
       Class:  2.88 KB
        Both:  7.50 KB

CodeHeap 'non-profiled nmethods': size=238336Kb used=11978Kb max_used=11978Kb free=226357Kb
 bounds [0x0000014766d50000, 0x0000014767910000, 0x0000014775610000]
CodeHeap 'non-nmethods': size=7424Kb used=1276Kb max_used=1276Kb free=6147Kb
 bounds [0x0000014766610000, 0x0000014766880000, 0x0000014766d50000]
 total_blobs=8108 nmethods=7400 adapters=591
 compilation: enabled
              stopped_count=0, restarted_count=0
 full_count=0

Compilation events (10 events):
Event: 36.298 Thread 0x000001477de6a800 7421       1       org.h2.mvstore.Chunk::isLive (13 bytes)
Event: 36.298 Thread 0x000001477de6a800 nmethod 7421 0x0000014767901710 code [0x00000147679018a0, 0x00000147679019d8]
Event: 36.299 Thread 0x000001477de6a800 7423       1       org.h2.mvstore.cache.CacheLongKeyLIRS$Segment::find (45 bytes)
Event: 36.299 Thread 0x000001477de6a800 nmethod 7423 0x0000014767901a90 code [0x0000014767901c40, 0x0000014767901db8]
Event: 36.299 Thread 0x000001477de6a800 7422       1       org.h2.mvstore.cache.CacheLongKeyLIRS::getSegmentIndex (12 bytes)
Event: 36.299 Thread 0x000001477de6a800 nmethod 7422 0x0000014767901f10 code [0x00000147679020a0, 0x00000147679021b8]
Event: 36.307 Thread 0x000001477de6a800 7424       1       org.h2.mvstore.cache.CacheLongKeyLIRS$Entry::<init> (21 bytes)
Event: 36.307 Thread 0x000001477de6a800 nmethod 7424 0x0000014767902210 code [0x00000147679023a0, 0x0000014767902518]
Event: 36.312 Thread 0x000001477de6a800 7425       1       org.h2.store.fs.FilePath::toString (5 bytes)
Event: 36.312 Thread 0x000001477de6a800 nmethod 7425 0x0000014767902590 code [0x0000014767902720, 0x0000014767902838]

GC Heap History (10 events):
Event: 2.589 GC heap after
{Heap after GC invocations=12 (full 0):
 garbage-first heap   total 187392K, used 30870K [0x0000000082800000, 0x0000000100000000)
  region size 1024K, 8 young (8192K), 8 survivors (8192K)
 Metaspace       used 36449K, capacity 37703K, committed 37888K, reserved 1081344K
  class space    used 4617K, capacity 5117K, committed 5120K, reserved 1048576K
}
Event: 3.069 GC heap before
{Heap before GC invocations=12 (full 0):
 garbage-first heap   total 187392K, used 135318K [0x0000000082800000, 0x0000000100000000)
  region size 1024K, 109 young (111616K), 8 survivors (8192K)
 Metaspace       used 43981K, capacity 45352K, committed 45568K, reserved 1089536K
  class space    used 5492K, capacity 6041K, committed 6144K, reserved 1048576K
}
Event: 3.076 GC heap after
{Heap after GC invocations=13 (full 0):
 garbage-first heap   total 187392K, used 35742K [0x0000000082800000, 0x0000000100000000)
  region size 1024K, 10 young (10240K), 10 survivors (10240K)
 Metaspace       used 43981K, capacity 45352K, committed 45568K, reserved 1089536K
  class space    used 5492K, capacity 6041K, committed 6144K, reserved 1048576K
}
Event: 3.442 GC heap before
{Heap before GC invocations=13 (full 0):
 garbage-first heap   total 187392K, used 136094K [0x0000000082800000, 0x0000000100000000)
  region size 1024K, 109 young (111616K), 10 survivors (10240K)
 Metaspace       used 55210K, capacity 56763K, committed 57088K, reserved 1099776K
  class space    used 6967K, capacity 7581K, committed 7680K, reserved 1048576K
}
Event: 3.451 GC heap after
{Heap after GC invocations=14 (full 0):
 garbage-first heap   total 187392K, used 40826K [0x0000000082800000, 0x0000000100000000)
  region size 1024K, 10 young (10240K), 10 survivors (10240K)
 Metaspace       used 55210K, capacity 56763K, committed 57088K, reserved 1099776K
  class space    used 6967K, capacity 7581K, committed 7680K, reserved 1048576K
}
Event: 3.599 GC heap before
{Heap before GC invocations=14 (full 0):
 garbage-first heap   total 187392K, used 83834K [0x0000000082800000, 0x0000000100000000)
  region size 1024K, 53 young (54272K), 10 survivors (10240K)
 Metaspace       used 58811K, capacity 60329K, committed 60376K, reserved 1101824K
  class space    used 7567K, capacity 8186K, committed 8192K, reserved 1048576K
}
Event: 3.611 GC heap after
{Heap after GC invocations=15 (full 0):
 garbage-first heap   total 187392K, used 42405K [0x0000000082800000, 0x0000000100000000)
  region size 1024K, 7 young (7168K), 7 survivors (7168K)
 Metaspace       used 58811K, capacity 60329K, committed 60376K, reserved 1101824K
  class space    used 7567K, capacity 8186K, committed 8192K, reserved 1048576K
}
Event: 4.232 GC heap before
{Heap before GC invocations=16 (full 0):
 garbage-first heap   total 187392K, used 139685K [0x0000000082800000, 0x0000000100000000)
  region size 1024K, 103 young (105472K), 7 survivors (7168K)
 Metaspace       used 66413K, capacity 68235K, committed 68260K, reserved 1107968K
  class space    used 8694K, capacity 9413K, committed 9420K, reserved 1048576K
}
Event: 4.241 GC heap after
{Heap after GC invocations=17 (full 0):
 garbage-first heap   total 236544K, used 45646K [0x0000000082800000, 0x0000000100000000)
  region size 1024K, 10 young (10240K), 10 survivors (10240K)
 Metaspace       used 66413K, capacity 68235K, committed 68260K, reserved 1107968K
  class space    used 8694K, capacity 9413K, committed 9420K, reserved 1048576K
}
Event: 36.314 GC heap before
{Heap before GC invocations=18 (full 0):
 garbage-first heap   total 236544K, used 161358K [0x0000000082800000, 0x0000000100000000)
  region size 1024K, 125 young (128000K), 10 survivors (10240K)
 Metaspace       used 73834K, capacity 75900K, committed 76068K, reserved 1114112K
  class space    used 9630K, capacity 10441K, committed 10572K, reserved 1048576K
}

Deoptimization events (0 events):
No events

Classes redefined (0 events):
No events

Internal exceptions (10 events):
Event: 4.682 Thread 0x0000014700987000 Exception <a 'java/lang/ClassNotFoundException'{0x000000008dfd0240}: java/lang/ObjectCustomizer> (0x000000008dfd0240) thrown at [./open/src/hotspot/share/classfile/systemDictionary.cpp, line 228]
Event: 4.683 Thread 0x0000014700987000 Exception <a 'java/lang/ClassNotFoundException'{0x000000008dff83c8}: com/djaian/cursomc/domain/PagamentoCustomizer> (0x000000008dff83c8) thrown at [./open/src/hotspot/share/classfile/systemDictionary.cpp, line 228]
Event: 4.684 Thread 0x0000014700987000 Exception <a 'java/lang/ClassNotFoundException'{0x000000008de250e8}: com/djaian/cursomc/domain/PagamentoComCartaoCustomizer> (0x000000008de250e8) thrown at [./open/src/hotspot/share/classfile/systemDictionary.cpp, line 228]
Event: 4.689 Thread 0x0000014700987000 Exception <a 'java/lang/ClassNotFoundException'{0x000000008de68da0}: java/lang/ObjectCustomizer> (0x000000008de68da0) thrown at [./open/src/hotspot/share/classfile/systemDictionary.cpp, line 228]
Event: 4.690 Thread 0x0000014700987000 Exception <a 'java/lang/ClassNotFoundException'{0x000000008de91168}: com/djaian/cursomc/domain/PagamentoCustomizer> (0x000000008de91168) thrown at [./open/src/hotspot/share/classfile/systemDictionary.cpp, line 228]
Event: 4.691 Thread 0x0000014700987000 Exception <a 'java/lang/ClassNotFoundException'{0x000000008debd9a8}: com/djaian/cursomc/domain/PagamentoComBoletoCustomizer> (0x000000008debd9a8) thrown at [./open/src/hotspot/share/classfile/systemDictionary.cpp, line 228]
Event: 4.741 Thread 0x0000014700987000 Exception <a 'java/lang/NoSuchMethodError'{0x000000008d660700}: java.lang.invoke.DirectMethodHandle$Holder.invokeInterface(Ljava/lang/Object;Ljava/lang/Object;Ljava/lang/Object;Ljava/lang/Object;)Ljava/lang/Object;> (0x000000008d660700) thrown at [./open/
Event: 10.977 Thread 0x0000014702e7f800 Exception <a 'java/lang/NoSuchMethodError'{0x000000008ade56a8}: java.lang.invoke.DirectMethodHandle$Holder.invokeStaticInit(Ljava/lang/Object;Ljava/lang/Object;Ljava/lang/Object;)V> (0x000000008ade56a8) thrown at [./open/src/hotspot/share/interpreter/link
Event: 36.280 Thread 0x0000014702e74000 Exception <a 'java/lang/InterruptedException'{0x0000000089ed4550}: sleep interrupted> (0x0000000089ed4550) thrown at [./open/src/hotspot/share/prims/jvm.cpp, line 3106]
Event: 36.282 Thread 0x0000014702e78000 Exception <a 'java/lang/InterruptedException'{0x0000000089d00040}: sleep interrupted> (0x0000000089d00040) thrown at [./open/src/hotspot/share/prims/jvm.cpp, line 3106]

Events (10 events):
Event: 36.300 Executing VM operation: RevokeBias
Event: 36.300 Executing VM operation: RevokeBias done
Event: 36.307 Executing VM operation: RevokeBias
Event: 36.307 Executing VM operation: RevokeBias done
Event: 36.311 Executing VM operation: RevokeBias
Event: 36.311 Executing VM operation: RevokeBias done
Event: 36.311 Executing VM operation: RevokeBias
Event: 36.312 Executing VM operation: RevokeBias done
Event: 36.312 Thread 0x000001470578b800 Thread exited: 0x000001470578b800
Event: 36.313 Executing VM operation: G1CollectFull


Dynamic libraries:
0x00007ff7ef460000 - 0x00007ff7ef4a7000 	C:\Program Files\Java\jdk-11.0.7\bin\javaw.exe
0x00007ffc1a300000 - 0x00007ffc1a4f0000 	C:\WINDOWS\SYSTEM32\ntdll.dll
0x00007ffc18570000 - 0x00007ffc18622000 	C:\WINDOWS\System32\KERNEL32.DLL
0x00007ffc17f20000 - 0x00007ffc181c4000 	C:\WINDOWS\System32\KERNELBASE.dll
0x00007ffc13a20000 - 0x00007ffc13aaf000 	C:\WINDOWS\SYSTEM32\apphelp.dll
0x00007ffc1a210000 - 0x00007ffc1a2b3000 	C:\WINDOWS\System32\ADVAPI32.dll
0x00007ffc18f80000 - 0x00007ffc1901e000 	C:\WINDOWS\System32\msvcrt.dll
0x00007ffc19410000 - 0x00007ffc194a7000 	C:\WINDOWS\System32\sechost.dll
0x00007ffc192f0000 - 0x00007ffc19410000 	C:\WINDOWS\System32\RPCRT4.dll
0x00007ffc189c0000 - 0x00007ffc18b55000 	C:\WINDOWS\System32\USER32.dll
0x00007ffc17ef0000 - 0x00007ffc17f11000 	C:\WINDOWS\System32\win32u.dll
0x00007ffc18960000 - 0x00007ffc18986000 	C:\WINDOWS\System32\GDI32.dll
0x00007ffc17280000 - 0x00007ffc17416000 	C:\WINDOWS\System32\gdi32full.dll
0x00007ffc17640000 - 0x00007ffc176de000 	C:\WINDOWS\System32\msvcp_win.dll
0x00007ffc182b0000 - 0x00007ffc183aa000 	C:\WINDOWS\System32\ucrtbase.dll
0x00007ffbfc8d0000 - 0x00007ffbfcb54000 	C:\WINDOWS\WinSxS\amd64_microsoft.windows.common-controls_6595b64144ccf1df_6.0.18362.1016_none_9e7a36bbe461dae4\COMCTL32.dll
0x00007ffc0f340000 - 0x00007ffc0f34a000 	C:\WINDOWS\SYSTEM32\VERSION.dll
0x00007ffc18be0000 - 0x00007ffc18f15000 	C:\WINDOWS\System32\combase.dll
0x00007ffc18230000 - 0x00007ffc182b0000 	C:\WINDOWS\System32\bcryptPrimitives.dll
0x00007ffc18990000 - 0x00007ffc189be000 	C:\WINDOWS\System32\IMM32.DLL
0x00007ffc0f320000 - 0x00007ffc0f336000 	C:\Program Files\Java\jdk-11.0.7\bin\vcruntime140.dll
0x00007ffbe99c0000 - 0x00007ffbe9a6a000 	C:\Program Files\Java\jdk-11.0.7\bin\msvcp140.dll
0x00007ffbd9bc0000 - 0x00007ffbda721000 	C:\Program Files\Java\jdk-11.0.7\bin\server\jvm.dll
0x00007ffc18550000 - 0x00007ffc18558000 	C:\WINDOWS\System32\PSAPI.DLL
0x00007ffc116e0000 - 0x00007ffc11704000 	C:\WINDOWS\SYSTEM32\WINMM.dll
0x00007ffbfae40000 - 0x00007ffbfae49000 	C:\WINDOWS\SYSTEM32\WSOCK32.dll
0x00007ffc19200000 - 0x00007ffc1926f000 	C:\WINDOWS\System32\WS2_32.dll
0x00007ffc116b0000 - 0x00007ffc116dd000 	C:\WINDOWS\SYSTEM32\winmmbase.dll
0x00007ffc176e0000 - 0x00007ffc1772a000 	C:\WINDOWS\System32\cfgmgr32.dll
0x00007ffc171c0000 - 0x00007ffc171d1000 	C:\WINDOWS\System32\kernel.appcore.dll
0x00007ffc125b0000 - 0x00007ffc125c1000 	C:\Program Files\Java\jdk-11.0.7\bin\verify.dll
0x00007ffc15860000 - 0x00007ffc15a54000 	C:\WINDOWS\SYSTEM32\DBGHELP.DLL
0x00007ffbff810000 - 0x00007ffbff83a000 	C:\WINDOWS\SYSTEM32\dbgcore.DLL
0x00007ffc0fdd0000 - 0x00007ffc0fdf9000 	C:\Program Files\Java\jdk-11.0.7\bin\java.dll
0x00007ffc13280000 - 0x00007ffc1328a000 	C:\Program Files\Java\jdk-11.0.7\bin\jimage.dll
0x00007ffc10590000 - 0x00007ffc105a6000 	C:\Program Files\Java\jdk-11.0.7\bin\zip.dll
0x00007ffc199d0000 - 0x00007ffc1a0b7000 	C:\WINDOWS\System32\SHELL32.dll
0x00007ffc19920000 - 0x00007ffc199c9000 	C:\WINDOWS\System32\shcore.dll
0x00007ffc17730000 - 0x00007ffc17eb2000 	C:\WINDOWS\System32\windows.storage.dll
0x00007ffc17230000 - 0x00007ffc17253000 	C:\WINDOWS\System32\profapi.dll
0x00007ffc171e0000 - 0x00007ffc1722a000 	C:\WINDOWS\System32\powrprof.dll
0x00007ffc171b0000 - 0x00007ffc171c0000 	C:\WINDOWS\System32\UMPDC.dll
0x00007ffc1a1b0000 - 0x00007ffc1a202000 	C:\WINDOWS\System32\shlwapi.dll
0x00007ffc174d0000 - 0x00007ffc174e7000 	C:\WINDOWS\System32\cryptsp.dll
0x00007ffc10410000 - 0x00007ffc10429000 	C:\Program Files\Java\jdk-11.0.7\bin\net.dll
0x00007ffc13c70000 - 0x00007ffc13d60000 	C:\WINDOWS\SYSTEM32\WINHTTP.dll
0x00007ffc02530000 - 0x00007ffc02636000 	C:\Program Files\Open Text\SOCKS Client\HumSOCKS.dll
0x00007ffc19020000 - 0x00007ffc19177000 	C:\WINDOWS\System32\ole32.dll
0x00007ffc024f0000 - 0x00007ffc02501000 	C:\WINDOWS\SYSTEM32\credui.dll
0x00007ffc02480000 - 0x00007ffc02497000 	C:\WINDOWS\SYSTEM32\NETAPI32.dll
0x00007ffc023f0000 - 0x00007ffc02479000 	C:\WINDOWS\SYSTEM32\WINSPOOL.DRV
0x00007ffc18890000 - 0x00007ffc18955000 	C:\WINDOWS\System32\OLEAUT32.dll
0x00007ffc17ec0000 - 0x00007ffc17ee6000 	C:\WINDOWS\System32\bcrypt.dll
0x00007ffc14c30000 - 0x00007ffc14d20000 	C:\WINDOWS\SYSTEM32\PROPSYS.dll
0x00007ffc16720000 - 0x00007ffc1675a000 	C:\WINDOWS\SYSTEM32\IPHLPAPI.DLL
0x00007ffc16840000 - 0x00007ffc16882000 	C:\WINDOWS\SYSTEM32\LOGONCLI.DLL
0x00007ffc16830000 - 0x00007ffc1683c000 	C:\WINDOWS\SYSTEM32\NETUTILS.DLL
0x00007ffc16a10000 - 0x00007ffc16a77000 	C:\WINDOWS\system32\mswsock.dll
0x00007ffc0fdb0000 - 0x00007ffc0fdc3000 	C:\Program Files\Java\jdk-11.0.7\bin\nio.dll
0x00007ffc125e0000 - 0x00007ffc125e9000 	C:\Program Files\Java\jdk-11.0.7\bin\management.dll
0x00007ffc121f0000 - 0x00007ffc121fc000 	C:\Program Files\Java\jdk-11.0.7\bin\management_ext.dll
0x00007ffbff370000 - 0x00007ffbff386000 	C:\WINDOWS\system32\napinsp.dll
0x00007ffbff860000 - 0x00007ffbff87a000 	C:\WINDOWS\system32\pnrpnsp.dll
0x00007ffc16760000 - 0x00007ffc1682b000 	C:\WINDOWS\SYSTEM32\DNSAPI.dll
0x00007ffc19270000 - 0x00007ffc19278000 	C:\WINDOWS\System32\NSI.dll
0x00007ffbff900000 - 0x00007ffbff90e000 	C:\WINDOWS\System32\winrnr.dll
0x00007ffc11f50000 - 0x00007ffc11f6c000 	C:\WINDOWS\system32\NLAapi.dll
0x00007ffbff8d0000 - 0x00007ffbff8e5000 	C:\WINDOWS\system32\wshbth.dll
0x00007ffc07c60000 - 0x00007ffc07c6a000 	C:\Windows\System32\rasadhlp.dll
0x00007ffc0d280000 - 0x00007ffc0d2f7000 	C:\WINDOWS\System32\fwpuclnt.dll
0x00007ffc16310000 - 0x00007ffc16343000 	C:\WINDOWS\system32\rsaenh.dll
0x00007ffc170d0000 - 0x00007ffc170f5000 	C:\WINDOWS\SYSTEM32\USERENV.dll
0x00007ffc16be0000 - 0x00007ffc16bec000 	C:\WINDOWS\SYSTEM32\CRYPTBASE.dll
0x00007ffc0d9e0000 - 0x00007ffc0d9f6000 	C:\WINDOWS\SYSTEM32\dhcpcsvc6.DLL
0x00007ffc0eff0000 - 0x00007ffc0f00c000 	C:\WINDOWS\SYSTEM32\dhcpcsvc.DLL
0x00007ffc13940000 - 0x00007ffc1394e000 	C:\Program Files\Java\jdk-11.0.7\bin\sunmscapi.dll
0x00007ffc174f0000 - 0x00007ffc17639000 	C:\WINDOWS\System32\CRYPT32.dll
0x00007ffc17260000 - 0x00007ffc17272000 	C:\WINDOWS\System32\MSASN1.dll
0x00007ffc16ce0000 - 0x00007ffc16d06000 	C:\WINDOWS\SYSTEM32\ncrypt.dll
0x00007ffc16ca0000 - 0x00007ffc16cdb000 	C:\WINDOWS\SYSTEM32\NTASN1.dll
0x00007ffc079d0000 - 0x00007ffc079f6000 	C:\Program Files\Java\jdk-11.0.7\bin\sunec.dll

dbghelp: loaded successfully - version: 4.0.5 - missing functions: none
symbol engine: initialized successfully - sym options: 0x614 - pdb path: .;C:\Program Files\Java\jdk-11.0.7\bin;C:\WINDOWS\SYSTEM32;C:\WINDOWS\WinSxS\amd64_microsoft.windows.common-controls_6595b64144ccf1df_6.0.18362.1016_none_9e7a36bbe461dae4;C:\Program Files\Java\jdk-11.0.7\bin\server;C:\Program Files\Open Text\SOCKS Client

VM Arguments:
jvm_args: -Dcom.sun.management.jmxremote -Dcom.sun.management.jmxremote.port=59354 -Dcom.sun.management.jmxremote.authenticate=false -Dcom.sun.management.jmxremote.ssl=false -Djava.rmi.server.hostname=localhost -Dspring.jmx.enabled=true -Dspring.application.admin.enabled=true -Xverify:none -XX:TieredStopAtLevel=1 -Dspring.boot.project.name=cursomc -Dfile.encoding=UTF-8 
java_command: com.djaian.cursomc.CursomcApplication --spring.output.ansi.enabled=always
java_class_path (initial): C:\Users\JeanCoelho\Box Sync\Particular\Curso Java\workspace\cursomc\target\classes;C:\Users\JeanCoelho\.m2\repository\org\springframework\boot\spring-boot-starter-web\2.3.1.RELEASE\spring-boot-starter-web-2.3.1.RELEASE.jar;C:\Users\JeanCoelho\.m2\repository\org\springframework\boot\spring-boot-starter\2.3.1.RELEASE\spring-boot-starter-2.3.1.RELEASE.jar;C:\Users\JeanCoelho\.m2\repository\org\springframework\boot\spring-boot-starter-logging\2.3.1.RELEASE\spring-boot-starter-logging-2.3.1.RELEASE.jar;C:\Users\JeanCoelho\.m2\repository\ch\qos\logback\logback-classic\1.2.3\logback-classic-1.2.3.jar;C:\Users\JeanCoelho\.m2\repository\ch\qos\logback\logback-core\1.2.3\logback-core-1.2.3.jar;C:\Users\JeanCoelho\.m2\repository\org\apache\logging\log4j\log4j-to-slf4j\2.13.3\log4j-to-slf4j-2.13.3.jar;C:\Users\JeanCoelho\.m2\repository\org\apache\logging\log4j\log4j-api\2.13.3\log4j-api-2.13.3.jar;C:\Users\JeanCoelho\.m2\repository\org\slf4j\jul-to-slf4j\1.7.30\jul-to-slf4j-1.7.30.jar;C:\Users\JeanCoelho\.m2\repository\jakarta\annotation\jakarta.annotation-api\1.3.5\jakarta.annotation-api-1.3.5.jar;C:\Users\JeanCoelho\.m2\repository\org\yaml\snakeyaml\1.26\snakeyaml-1.26.jar;C:\Users\JeanCoelho\.m2\repository\org\springframework\boot\spring-boot-starter-json\2.3.1.RELEASE\spring-boot-starter-json-2.3.1.RELEASE.jar;C:\Users\JeanCoelho\.m2\repository\com\fasterxml\jackson\datatype\jackson-datatype-jdk8\2.11.0\jackson-datatype-jdk8-2.11.0.jar;C:\Users\JeanCoelho\.m2\repository\com\fasterxml\jackson\datatype\jackson-datatype-jsr310\2.11.0\jackson-datatype-jsr310-2.11.0.jar;C:\Users\JeanCoelho\.m2\repository\com\fasterxml\jackson\module\jackson-module-parameter-names\2.11.0\jackson-module-parameter-names-2.11.0.jar;C:\Users\JeanCoelho\.m2\repository\org\springframework\boot\spring-boot-starter-tomcat\2.3.1.RELEASE\spring-boot-starter-tomcat-2.3.1.RELEASE.jar;C:\Users\JeanCoelho\.m2\repository\org\apache\tomcat\embed\tomcat-embed-core\9.0.36\tomcat-embed
Launcher Type: SUN_STANDARD

[Global flags]
     bool BytecodeVerificationLocal                = false                                     {product} {command line}
     bool BytecodeVerificationRemote               = false                                     {product} {command line}
     intx CICompilerCount                          = 4                                         {product} {ergonomic}
     uint ConcGCThreads                            = 2                                         {product} {ergonomic}
     uint G1ConcRefinementThreads                  = 8                                         {product} {ergonomic}
   size_t G1HeapRegionSize                         = 1048576                                   {product} {ergonomic}
    uintx GCDrainStackTargetSize                   = 64                                        {product} {ergonomic}
   size_t InitialHeapSize                          = 132120576                                 {product} {ergonomic}
     bool ManagementServer                         = true                                      {product} {command line}
   size_t MarkStackSize                            = 4194304                                   {product} {ergonomic}
   size_t MaxHeapSize                              = 2105540608                                {product} {ergonomic}
   size_t MaxNewSize                               = 1262485504                                {product} {ergonomic}
   size_t MinHeapDeltaBytes                        = 1048576                                   {product} {ergonomic}
    uintx NonNMethodCodeHeapSize                   = 7549744                                {pd product} {ergonomic}
    uintx NonProfiledCodeHeapSize                  = 244108496                              {pd product} {ergonomic}
    uintx ProfiledCodeHeapSize                     = 0                                      {pd product} {ergonomic}
    uintx ReservedCodeCacheSize                    = 251658240                              {pd product} {ergonomic}
     bool SegmentedCodeCache                       = true                                      {product} {ergonomic}
     intx TieredStopAtLevel                        = 1                                         {product} {command line}
     bool UseCompressedClassPointers               = true                                 {lp64_product} {ergonomic}
     bool UseCompressedOops                        = true                                 {lp64_product} {ergonomic}
     bool UseG1GC                                  = true                                      {product} {ergonomic}
     bool UseLargePagesIndividualAllocation        = false                                  {pd product} {ergonomic}

Logging:
Log output configuration:
 #0: stdout all=warning uptime,level,tags
 #1: stderr all=off uptime,level,tags

Environment Variables:
JAVA_HOME=C:\Program Files\Java\jdk-11.0.7
PATH=C:/Program Files/Java/jdk-11.0.7/bin/server;C:/Program Files/Java/jdk-11.0.7/bin;C:\WINDOWS\system32;C:\WINDOWS;C:\WINDOWS\System32\Wbem;C:\WINDOWS\System32\WindowsPowerShell\v1.0\;C:\WINDOWS\System32\OpenSSH\;C:\Program Files\Java\jdk-11.0.7\bin;C:\Program Files (x86)\Webex\Webex\Applications;C:\Program Files\Intel\WiFi\bin\;C:\Program Files\Common Files\Intel\WirelessCommon\;C:\Program Files (x86)\PuTTY\;C:\Program Files\Git\cmd;C:\xampp\mysql\bin;C:\Users\JeanCoelho\AppData\Local\Microsoft\WindowsApps;C:\Program Files\heroku\bin;C:\Users\JeanCoelho\Box Sync\Particular\curso Java\sts-4.7.0.RELEASE;
USERNAME=JeanCoelho
OS=Windows_NT
PROCESSOR_IDENTIFIER=Intel64 Family 6 Model 142 Stepping 10, GenuineIntel



---------------  S Y S T E M  ---------------

OS: Windows 10 , 64 bit Build 18362 (10.0.18362.959)

CPU:total 8 (initial active 8) (4 cores per cpu, 2 threads per core) family 6 model 142 stepping 10, cmov, cx8, fxsr, mmx, sse, sse2, sse3, ssse3, sse4.1, sse4.2, popcnt, avx, avx2, aes, clmul, erms, rtm, 3dnowpref, lzcnt, ht, tsc, tscinvbit, bmi1, bmi2, adx, fma

Memory: 4k page, system-wide physical 8030M (1877M free)
TotalPageFile size 24414M (AvailPageFile size 17348M)
current process WorkingSet (physical memory assigned to process): 373M, peak: 373M
current process commit charge ("private bytes"): 466M, peak: 466M

vm_info: Java HotSpot(TM) 64-Bit Server VM (11.0.7+8-LTS) for windows-amd64 JRE (11.0.7+8-LTS), built on Mar 12 2020 02:04:32 by "mach5one" with MS VC++ 15.5 (VS2017)

END.
